2025-04-10 04:45:26,075 - INFO - 启动维护任务 | 协议类型: IPV4
2025-04-10 04:45:26,075 - INFO - [hk.616049.xyz (HKG)] 开始处理节点维护
2025-04-10 04:45:26,096 - DEBUG - DNS解析重试中 hk.616049.xyz: [Errno -5] No address associated with hostname
2025-04-10 04:45:27,116 - DEBUG - DNS解析重试中 hk.616049.xyz: [Errno -5] No address associated with hostname
2025-04-10 04:45:28,177 - DEBUG - DNS解析重试中 hk.616049.xyz: [Errno -5] No address associated with hostname
2025-04-10 04:45:29,179 - WARNING - [hk.616049.xyz (HKG)] ├─ 无有效DNS记录，触发紧急更新
2025-04-10 04:45:44,335 - ERROR - CFST更新失败: None
2025-04-10 04:45:44,335 - INFO - ------------------------------
2025-04-10 04:45:44,335 - INFO - [us.616049.xyz (LAX)] 开始处理节点维护
2025-04-10 04:45:44,353 - DEBUG - DNS解析重试中 us.616049.xyz: [Errno -5] No address associated with hostname
2025-04-10 04:45:45,369 - DEBUG - DNS解析重试中 us.616049.xyz: [Errno -5] No address associated with hostname
2025-04-10 04:45:46,387 - DEBUG - DNS解析重试中 us.616049.xyz: [Errno -5] No address associated with hostname
2025-04-10 04:45:47,389 - WARNING - [us.616049.xyz (LAX)] ├─ 无有效DNS记录，触发紧急更新
2025-04-10 04:46:02,461 - ERROR - CFST更新失败: None
2025-04-10 04:46:02,462 - INFO - ------------------------------
2025-04-10 04:46:02,462 - INFO - [de.616049.xyz (FRA)] 开始处理节点维护
2025-04-10 04:46:02,491 - DEBUG - DNS解析重试中 de.616049.xyz: [Errno -5] No address associated with hostname
2025-04-10 04:46:03,511 - DEBUG - DNS解析重试中 de.616049.xyz: [Errno -5] No address associated with hostname
2025-04-10 04:46:04,531 - DEBUG - DNS解析重试中 de.616049.xyz: [Errno -5] No address associated with hostname
2025-04-10 04:46:05,532 - WARNING - [de.616049.xyz (FRA)] ├─ 无有效DNS记录，触发紧急更新
2025-04-10 04:46:20,591 - ERROR - CFST更新失败: None
2025-04-10 04:46:20,591 - INFO - ------------------------------
2025-04-10 04:46:20,591 - INFO - [sg.616049.xyz (SIN)] 开始处理节点维护
2025-04-10 04:46:20,611 - DEBUG - DNS解析重试中 sg.616049.xyz: [Errno -5] No address associated with hostname
2025-04-10 04:46:21,625 - DEBUG - DNS解析重试中 sg.616049.xyz: [Errno -5] No address associated with hostname
2025-04-10 04:46:22,648 - DEBUG - DNS解析重试中 sg.616049.xyz: [Errno -5] No address associated with hostname
2025-04-10 04:46:23,649 - WARNING - [sg.616049.xyz (SIN)] ├─ 无有效DNS记录，触发紧急更新
2025-04-10 04:46:38,717 - ERROR - CFST更新失败: None
2025-04-10 04:46:38,717 - INFO - ------------------------------
2025-04-10 04:46:38,718 - INFO - [jp.616049.xyz (NRT)] 开始处理节点维护
2025-04-10 04:46:38,742 - DEBUG - DNS解析重试中 jp.616049.xyz: [Errno -5] No address associated with hostname
2025-04-10 04:46:39,761 - DEBUG - DNS解析重试中 jp.616049.xyz: [Errno -5] No address associated with hostname
2025-04-10 04:46:40,799 - DEBUG - DNS解析重试中 jp.616049.xyz: [Errno -5] No address associated with hostname
2025-04-10 04:46:41,801 - WARNING - [jp.616049.xyz (NRT)] ├─ 无有效DNS记录，触发紧急更新
2025-04-10 04:46:56,876 - ERROR - CFST更新失败: None
2025-04-10 04:46:56,876 - INFO - ------------------------------
2025-04-10 04:46:56,876 - INFO - [kr.616049.xyz (ICN)] 开始处理节点维护
2025-04-10 04:46:56,894 - DEBUG - DNS解析重试中 kr.616049.xyz: [Errno -5] No address associated with hostname
2025-04-10 04:46:57,909 - DEBUG - DNS解析重试中 kr.616049.xyz: [Errno -5] No address associated with hostname
2025-04-10 04:46:58,931 - DEBUG - DNS解析重试中 kr.616049.xyz: [Errno -5] No address associated with hostname
2025-04-10 04:46:59,932 - WARNING - [kr.616049.xyz (ICN)] ├─ 无有效DNS记录，触发紧急更新
2025-04-10 04:47:14,982 - ERROR - CFST更新失败: None
2025-04-10 04:47:14,982 - INFO - ------------------------------
2025-04-10 04:47:14,982 - INFO - [nl.616049.xyz (AMS)] 开始处理节点维护
2025-04-10 04:47:14,998 - DEBUG - DNS解析重试中 nl.616049.xyz: [Errno -5] No address associated with hostname
2025-04-10 04:47:16,019 - DEBUG - DNS解析重试中 nl.616049.xyz: [Errno -5] No address associated with hostname
2025-04-10 04:47:17,034 - DEBUG - DNS解析重试中 nl.616049.xyz: [Errno -5] No address associated with hostname
2025-04-10 04:47:18,035 - WARNING - [nl.616049.xyz (AMS)] ├─ 无有效DNS记录，触发紧急更新
2025-04-10 04:47:33,086 - ERROR - CFST更新失败: None
2025-04-10 04:47:33,089 - DEBUG - Starting new HTTPS connection (1): api.telegram.org:443
2025-04-10 04:47:33,554 - DEBUG - https://api.telegram.org:443 "POST /bot7843809061:AAEjeWv3xVKug6TorrGvqdLgLRoGYLqAMmo/sendMessage HTTP/1.1" 200 742
