2025-04-11 13:19:30,535 - INFO - 日志文件已创建: logs/ipv4/ip_check_20250411_131930.log
2025-04-11 13:19:30,550 - INFO - [HKG] 域名解析 hk.616049.xyz => 
  - 104.17.130.47
2025-04-11 13:19:30,571 - INFO - [LAX] 域名解析 us.616049.xyz => 
  - 104.25.161.239
2025-04-11 13:19:30,594 - INFO - [FRA] 域名解析 de.616049.xyz => 
  - 104.18.19.223
2025-04-11 13:19:30,613 - ERROR - DNS解析失败 sg.616049.xyz: [Errno -5] No address associated with hostname
2025-04-11 13:19:30,613 - INFO - [SIN] 域名解析 sg.616049.xyz => 
  - 无IP地址
2025-04-11 13:19:30,631 - ERROR - DNS解析失败 jp.616049.xyz: [Errno -5] No address associated with hostname
2025-04-11 13:19:30,631 - INFO - [NRT] 域名解析 jp.616049.xyz => 
  - 无IP地址
2025-04-11 13:19:30,648 - ERROR - DNS解析失败 kr.616049.xyz: [Errno -5] No address associated with hostname
2025-04-11 13:19:30,648 - INFO - [ICN] 域名解析 kr.616049.xyz => 
  - 无IP地址
2025-04-11 13:19:30,677 - ERROR - DNS解析失败 nl.616049.xyz: [Errno -5] No address associated with hostname
2025-04-11 13:19:30,678 - INFO - [AMS] 域名解析 nl.616049.xyz => 
  - 无IP地址
2025-04-11 13:19:30,684 - WARNING - 端口文件不存在: ddns/ipv4/AMS.txt
2025-04-11 13:19:30,704 - INFO - [LAX] ✅ us.616049.xyz 连接成功
2025-04-11 13:19:30,706 - INFO - [FRA] ✅ de.616049.xyz 连接成功
2025-04-11 13:19:30,708 - INFO - [HKG] ✅ hk.616049.xyz 连接成功
2025-04-11 13:19:30,750 - ERROR - [AMS] ❌ nl.616049.xyz 检测失败
  解析IP:
  - 无IP地址
  错误原因: gaierror: [Errno -5] No address associated with hostname
2025-04-11 13:19:30,755 - ERROR - [SIN] ❌ sg.616049.xyz 检测失败
  解析IP:
  - 无IP地址
  错误原因: gaierror: [Errno -5] No address associated with hostname
2025-04-11 13:19:30,758 - ERROR - [NRT] ❌ jp.616049.xyz 检测失败
  解析IP:
  - 无IP地址
  错误原因: gaierror: [Errno -5] No address associated with hostname
2025-04-11 13:19:30,771 - ERROR - [ICN] ❌ kr.616049.xyz 检测失败
  解析IP:
  - 无IP地址
  错误原因: gaierror: [Errno -5] No address associated with hostname
2025-04-11 13:19:30,772 - INFO - 
========================================
2025-04-11 13:19:30,772 - INFO - 总检测区域: 7
2025-04-11 13:19:30,772 - INFO - ✅ 成功区域: 3
2025-04-11 13:19:30,772 - ERROR - ❌ 失败区域: 4
2025-04-11 13:19:30,772 - INFO - 触发更新区域: AMS,ICN,NRT,SIN
2025-04-11 13:20:26,779 - ERROR - CFST更新失败，退出码: 1
