2025-04-10 17:20:05,195 - INFO - 日志文件已创建: logs/ipv4/ip_check_20250410_172005.log
2025-04-10 17:20:05,201 - INFO - [HKG] 域名解析 hk.616049.xyz => 
  - 104.17.130.47
2025-04-10 17:20:05,213 - INFO - [LAX] 域名解析 us.616049.xyz => 
  - 104.25.161.239
2025-04-10 17:20:05,219 - INFO - [FRA] 域名解析 de.616049.xyz => 
  - 104.18.19.223
2025-04-10 17:20:05,230 - ERROR - DNS解析失败 sg.616049.xyz: [Errno -5] No address associated with hostname
2025-04-10 17:20:05,231 - INFO - [SIN] 域名解析 sg.616049.xyz => 
  - 无IP地址
2025-04-10 17:20:05,242 - ERROR - DNS解析失败 jp.616049.xyz: [Errno -5] No address associated with hostname
2025-04-10 17:20:05,242 - INFO - [NRT] 域名解析 jp.616049.xyz => 
  - 无IP地址
2025-04-10 17:20:05,252 - ERROR - DNS解析失败 kr.616049.xyz: [Errno -5] No address associated with hostname
2025-04-10 17:20:05,252 - INFO - [ICN] 域名解析 kr.616049.xyz => 
  - 无IP地址
2025-04-10 17:20:05,269 - ERROR - DNS解析失败 nl.616049.xyz: [Errno -5] No address associated with hostname
2025-04-10 17:20:05,269 - INFO - [AMS] 域名解析 nl.616049.xyz => 
  - 无IP地址
2025-04-10 17:20:05,274 - WARNING - 端口文件不存在: ddns/ipv4/AMS.txt
2025-04-10 17:20:05,280 - INFO - [FRA] ✅ de.616049.xyz 连接成功
2025-04-10 17:20:05,281 - INFO - [HKG] ✅ hk.616049.xyz 连接成功
2025-04-10 17:20:05,299 - INFO - [LAX] ✅ us.616049.xyz 连接成功
2025-04-10 17:20:05,309 - ERROR - [NRT] ❌ jp.616049.xyz 检测失败
  解析IP:
  - 无IP地址
  错误原因: gaierror: [Errno -5] No address associated with hostname
2025-04-10 17:20:05,310 - ERROR - [ICN] ❌ kr.616049.xyz 检测失败
  解析IP:
  - 无IP地址
  错误原因: gaierror: [Errno -5] No address associated with hostname
2025-04-10 17:20:05,312 - ERROR - [AMS] ❌ nl.616049.xyz 检测失败
  解析IP:
  - 无IP地址
  错误原因: gaierror: [Errno -5] No address associated with hostname
2025-04-10 17:20:05,313 - ERROR - [SIN] ❌ sg.616049.xyz 检测失败
  解析IP:
  - 无IP地址
  错误原因: gaierror: [Errno -5] No address associated with hostname
2025-04-10 17:20:05,313 - INFO - 
========================================
2025-04-10 17:20:05,314 - INFO - 总检测区域: 7
2025-04-10 17:20:05,314 - INFO - ✅ 成功区域: 3
2025-04-10 17:20:05,314 - ERROR - ❌ 失败区域: 4
2025-04-10 17:20:05,314 - INFO - 触发更新区域: AMS,ICN,NRT,SIN
2025-04-10 17:21:01,505 - ERROR - CFST更新失败，退出码: 1
