2025-04-11 06:19:01,765 - INFO - 日志文件已创建: logs/ipv4/ip_check_20250411_061901.log
2025-04-11 06:19:01,816 - INFO - [HKG] 域名解析 hk.616049.xyz => 
  - 104.17.130.47
2025-04-11 06:19:01,862 - INFO - [LAX] 域名解析 us.616049.xyz => 
  - 104.25.161.239
2025-04-11 06:19:01,909 - INFO - [FRA] 域名解析 de.616049.xyz => 
  - 104.18.19.223
2025-04-11 06:19:01,961 - ERROR - DNS解析失败 sg.616049.xyz: [Errno -5] No address associated with hostname
2025-04-11 06:19:01,961 - INFO - [SIN] 域名解析 sg.616049.xyz => 
  - 无IP地址
2025-04-11 06:19:02,014 - ERROR - DNS解析失败 jp.616049.xyz: [Errno -5] No address associated with hostname
2025-04-11 06:19:02,014 - INFO - [NRT] 域名解析 jp.616049.xyz => 
  - 无IP地址
2025-04-11 06:19:02,065 - ERROR - DNS解析失败 kr.616049.xyz: [Errno -5] No address associated with hostname
2025-04-11 06:19:02,065 - INFO - [ICN] 域名解析 kr.616049.xyz => 
  - 无IP地址
2025-04-11 06:19:02,116 - ERROR - DNS解析失败 nl.616049.xyz: [Errno -5] No address associated with hostname
2025-04-11 06:19:02,116 - INFO - [AMS] 域名解析 nl.616049.xyz => 
  - 无IP地址
2025-04-11 06:19:02,122 - WARNING - 端口文件不存在: ddns/ipv4/AMS.txt
2025-04-11 06:19:02,155 - INFO - [LAX] ✅ us.616049.xyz 连接成功
2025-04-11 06:19:02,157 - INFO - [FRA] ✅ de.616049.xyz 连接成功
2025-04-11 06:19:02,158 - INFO - [HKG] ✅ hk.616049.xyz 连接成功
2025-04-11 06:19:02,238 - ERROR - [SIN] ❌ sg.616049.xyz 检测失败
  解析IP:
  - 无IP地址
  错误原因: gaierror: [Errno -5] No address associated with hostname
2025-04-11 06:19:02,252 - ERROR - [NRT] ❌ jp.616049.xyz 检测失败
  解析IP:
  - 无IP地址
  错误原因: gaierror: [Errno -5] No address associated with hostname
2025-04-11 06:19:02,258 - ERROR - [AMS] ❌ nl.616049.xyz 检测失败
  解析IP:
  - 无IP地址
  错误原因: gaierror: [Errno -5] No address associated with hostname
2025-04-11 06:19:02,270 - ERROR - [ICN] ❌ kr.616049.xyz 检测失败
  解析IP:
  - 无IP地址
  错误原因: gaierror: [Errno -5] No address associated with hostname
2025-04-11 06:19:02,271 - INFO - 
========================================
2025-04-11 06:19:02,271 - INFO - 总检测区域: 7
2025-04-11 06:19:02,271 - INFO - ✅ 成功区域: 3
2025-04-11 06:19:02,271 - ERROR - ❌ 失败区域: 4
2025-04-11 06:19:02,271 - INFO - 触发更新区域: AMS,ICN,NRT,SIN
2025-04-11 06:20:15,374 - ERROR - CFST更新失败，退出码: 1
