2025-04-11 15:18:13,038 - INFO - 日志文件已创建: logs/ipv4/ip_check_20250411_151813.log
2025-04-11 15:18:13,072 - INFO - [HKG] 域名解析 hk.616049.xyz => 
  - 104.17.130.47
2025-04-11 15:18:13,081 - INFO - [LAX] 域名解析 us.616049.xyz => 
  - 104.25.161.239
2025-04-11 15:18:13,106 - INFO - [FRA] 域名解析 de.616049.xyz => 
  - 104.18.19.223
2025-04-11 15:18:13,118 - ERROR - DNS解析失败 sg.616049.xyz: [Errno -5] No address associated with hostname
2025-04-11 15:18:13,118 - INFO - [SIN] 域名解析 sg.616049.xyz => 
  - 无IP地址
2025-04-11 15:18:13,126 - ERROR - DNS解析失败 jp.616049.xyz: [Errno -5] No address associated with hostname
2025-04-11 15:18:13,126 - INFO - [NRT] 域名解析 jp.616049.xyz => 
  - 无IP地址
2025-04-11 15:18:13,149 - ERROR - DNS解析失败 kr.616049.xyz: [Errno -5] No address associated with hostname
2025-04-11 15:18:13,149 - INFO - [ICN] 域名解析 kr.616049.xyz => 
  - 无IP地址
2025-04-11 15:18:13,159 - ERROR - DNS解析失败 nl.616049.xyz: [Errno -5] No address associated with hostname
2025-04-11 15:18:13,159 - INFO - [AMS] 域名解析 nl.616049.xyz => 
  - 无IP地址
2025-04-11 15:18:13,180 - WARNING - 端口文件不存在: ddns/ipv4/AMS.txt
2025-04-11 15:18:13,185 - INFO - [HKG] ✅ hk.616049.xyz 连接成功
2025-04-11 15:18:13,192 - INFO - [FRA] ✅ de.616049.xyz 连接成功
2025-04-11 15:18:13,194 - INFO - [LAX] ✅ us.616049.xyz 连接成功
2025-04-11 15:18:13,230 - ERROR - [AMS] ❌ nl.616049.xyz 检测失败
  解析IP:
  - 无IP地址
  错误原因: gaierror: [Errno -5] No address associated with hostname
2025-04-11 15:18:13,238 - ERROR - [SIN] ❌ sg.616049.xyz 检测失败
  解析IP:
  - 无IP地址
  错误原因: gaierror: [Errno -5] No address associated with hostname
2025-04-11 15:18:13,244 - ERROR - [ICN] ❌ kr.616049.xyz 检测失败
  解析IP:
  - 无IP地址
  错误原因: gaierror: [Errno -5] No address associated with hostname
2025-04-11 15:18:13,251 - ERROR - [NRT] ❌ jp.616049.xyz 检测失败
  解析IP:
  - 无IP地址
  错误原因: gaierror: [Errno -5] No address associated with hostname
2025-04-11 15:18:13,251 - INFO - 
========================================
2025-04-11 15:18:13,251 - INFO - 总检测区域: 7
2025-04-11 15:18:13,251 - INFO - ✅ 成功区域: 3
2025-04-11 15:18:13,251 - ERROR - ❌ 失败区域: 4
2025-04-11 15:18:13,252 - INFO - 触发更新区域: AMS,ICN,NRT,SIN
2025-04-11 15:19:09,549 - ERROR - CFST更新失败，退出码: 1
