2025-04-11 21:27:52,121 - INFO - 日志文件已创建: logs/ipv4/ip_check_20250411_212752.log
2025-04-11 21:27:52,154 - INFO - [HKG] 域名解析 hk.616049.xyz => 
  - 104.17.130.47
2025-04-11 21:27:52,187 - INFO - [LAX] 域名解析 us.616049.xyz => 
  - 104.25.161.239
2025-04-11 21:27:52,199 - INFO - [FRA] 域名解析 de.616049.xyz => 
  - 104.18.19.223
2025-04-11 21:27:52,208 - ERROR - DNS解析失败 sg.616049.xyz: [Errno -5] No address associated with hostname
2025-04-11 21:27:52,208 - INFO - [SIN] 域名解析 sg.616049.xyz => 
  - 无IP地址
2025-04-11 21:27:52,227 - ERROR - DNS解析失败 jp.616049.xyz: [Errno -5] No address associated with hostname
2025-04-11 21:27:52,227 - INFO - [NRT] 域名解析 jp.616049.xyz => 
  - 无IP地址
2025-04-11 21:27:52,237 - ERROR - DNS解析失败 kr.616049.xyz: [Errno -5] No address associated with hostname
2025-04-11 21:27:52,238 - INFO - [ICN] 域名解析 kr.616049.xyz => 
  - 无IP地址
2025-04-11 21:27:52,251 - ERROR - DNS解析失败 nl.616049.xyz: [Errno -5] No address associated with hostname
2025-04-11 21:27:52,251 - INFO - [AMS] 域名解析 nl.616049.xyz => 
  - 无IP地址
2025-04-11 21:27:52,261 - WARNING - 端口文件不存在: ddns/ipv4/AMS.txt
2025-04-11 21:27:52,268 - INFO - [HKG] ✅ hk.616049.xyz 连接成功
2025-04-11 21:27:52,270 - INFO - [LAX] ✅ us.616049.xyz 连接成功
2025-04-11 21:27:52,276 - INFO - [FRA] ✅ de.616049.xyz 连接成功
2025-04-11 21:27:52,304 - ERROR - [NRT] ❌ jp.616049.xyz 检测失败
  解析IP:
  - 无IP地址
  错误原因: gaierror: [Errno -5] No address associated with hostname
2025-04-11 21:27:52,310 - ERROR - [AMS] ❌ nl.616049.xyz 检测失败
  解析IP:
  - 无IP地址
  错误原因: gaierror: [Errno -5] No address associated with hostname
2025-04-11 21:27:52,319 - ERROR - [ICN] ❌ kr.616049.xyz 检测失败
  解析IP:
  - 无IP地址
  错误原因: gaierror: [Errno -5] No address associated with hostname
2025-04-11 21:27:52,470 - ERROR - [SIN] ❌ sg.616049.xyz 检测失败
  解析IP:
  - 无IP地址
  错误原因: gaierror: [Errno -5] No address associated with hostname
2025-04-11 21:27:52,470 - INFO - 
========================================
2025-04-11 21:27:52,470 - INFO - 总检测区域: 7
2025-04-11 21:27:52,470 - INFO - ✅ 成功区域: 3
2025-04-11 21:27:52,470 - ERROR - ❌ 失败区域: 4
2025-04-11 21:27:52,471 - INFO - 触发更新区域: AMS,ICN,NRT,SIN
2025-04-11 21:28:51,640 - INFO - CFST更新已触发
