2025-04-10 06:17:28,518 - INFO - 日志文件已创建: logs/ipv4/ip_check_20250410_061728.log
2025-04-10 06:17:28,545 - INFO - [HKG] 域名解析 hk.616049.xyz => 
  - 104.17.130.47
2025-04-10 06:17:28,571 - INFO - [LAX] 域名解析 us.616049.xyz => 
  - 104.25.161.239
2025-04-10 06:17:28,586 - INFO - [FRA] 域名解析 de.616049.xyz => 
  - 104.18.19.223
2025-04-10 06:17:28,604 - ERROR - DNS解析失败 sg.616049.xyz: [Errno -5] No address associated with hostname
2025-04-10 06:17:28,604 - INFO - [SIN] 域名解析 sg.616049.xyz => 
  - 无IP地址
2025-04-10 06:17:28,616 - ERROR - DNS解析失败 jp.616049.xyz: [Errno -5] No address associated with hostname
2025-04-10 06:17:28,616 - INFO - [NRT] 域名解析 jp.616049.xyz => 
  - 无IP地址
2025-04-10 06:17:28,631 - ERROR - DNS解析失败 kr.616049.xyz: [Errno -5] No address associated with hostname
2025-04-10 06:17:28,631 - INFO - [ICN] 域名解析 kr.616049.xyz => 
  - 无IP地址
2025-04-10 06:17:28,642 - ERROR - DNS解析失败 nl.616049.xyz: [Errno -5] No address associated with hostname
2025-04-10 06:17:28,642 - INFO - [AMS] 域名解析 nl.616049.xyz => 
  - 无IP地址
2025-04-10 06:17:28,664 - WARNING - 端口文件不存在: ddns/ipv4/AMS.txt
2025-04-10 06:17:28,669 - INFO - [HKG] ✅ hk.616049.xyz 连接成功
2025-04-10 06:17:28,678 - INFO - [FRA] ✅ de.616049.xyz 连接成功
2025-04-10 06:17:28,679 - INFO - [LAX] ✅ us.616049.xyz 连接成功
2025-04-10 06:17:28,715 - ERROR - [ICN] ❌ kr.616049.xyz 检测失败
  解析IP:
  - 无IP地址
  错误原因: gaierror: [Errno -5] No address associated with hostname
2025-04-10 06:17:28,717 - ERROR - [AMS] ❌ nl.616049.xyz 检测失败
  解析IP:
  - 无IP地址
  错误原因: gaierror: [Errno -5] No address associated with hostname
2025-04-10 06:17:28,737 - ERROR - [NRT] ❌ jp.616049.xyz 检测失败
  解析IP:
  - 无IP地址
  错误原因: gaierror: [Errno -5] No address associated with hostname
2025-04-10 06:17:28,862 - ERROR - [SIN] ❌ sg.616049.xyz 检测失败
  解析IP:
  - 无IP地址
  错误原因: gaierror: [Errno -5] No address associated with hostname
2025-04-10 06:17:28,863 - INFO - 
========================================
2025-04-10 06:17:28,863 - INFO - 总检测区域: 7
2025-04-10 06:17:28,863 - INFO - ✅ 成功区域: 3
2025-04-10 06:17:28,863 - ERROR - ❌ 失败区域: 4
2025-04-10 06:17:28,863 - INFO - 触发更新区域: AMS,ICN,NRT,SIN
2025-04-10 06:18:25,487 - ERROR - CFST更新失败，退出码: 1
