2025-04-11 04:20:14,221 - INFO - 日志文件已创建: logs/ipv4/ip_check_20250411_042014.log
2025-04-11 04:20:14,238 - INFO - [HKG] 域名解析 hk.616049.xyz => 
  - 104.17.130.47
2025-04-11 04:20:14,245 - INFO - [LAX] 域名解析 us.616049.xyz => 
  - 104.25.161.239
2025-04-11 04:20:14,250 - INFO - [FRA] 域名解析 de.616049.xyz => 
  - 104.18.19.223
2025-04-11 04:20:14,261 - ERROR - DNS解析失败 sg.616049.xyz: [Errno -5] No address associated with hostname
2025-04-11 04:20:14,262 - INFO - [SIN] 域名解析 sg.616049.xyz => 
  - 无IP地址
2025-04-11 04:20:14,289 - ERROR - DNS解析失败 jp.616049.xyz: [Errno -5] No address associated with hostname
2025-04-11 04:20:14,289 - INFO - [NRT] 域名解析 jp.616049.xyz => 
  - 无IP地址
2025-04-11 04:20:14,298 - ERROR - DNS解析失败 kr.616049.xyz: [Errno -5] No address associated with hostname
2025-04-11 04:20:14,298 - INFO - [ICN] 域名解析 kr.616049.xyz => 
  - 无IP地址
2025-04-11 04:20:14,308 - ERROR - DNS解析失败 nl.616049.xyz: [Errno -5] No address associated with hostname
2025-04-11 04:20:14,308 - INFO - [AMS] 域名解析 nl.616049.xyz => 
  - 无IP地址
2025-04-11 04:20:14,352 - WARNING - 端口文件不存在: ddns/ipv4/AMS.txt
2025-04-11 04:20:14,358 - INFO - [LAX] ✅ us.616049.xyz 连接成功
2025-04-11 04:20:14,366 - INFO - [HKG] ✅ hk.616049.xyz 连接成功
2025-04-11 04:20:14,366 - INFO - [FRA] ✅ de.616049.xyz 连接成功
2025-04-11 04:20:14,390 - ERROR - [ICN] ❌ kr.616049.xyz 检测失败
  解析IP:
  - 无IP地址
  错误原因: gaierror: [Errno -5] No address associated with hostname
2025-04-11 04:20:14,395 - ERROR - [SIN] ❌ sg.616049.xyz 检测失败
  解析IP:
  - 无IP地址
  错误原因: gaierror: [Errno -5] No address associated with hostname
2025-04-11 04:20:14,403 - ERROR - [NRT] ❌ jp.616049.xyz 检测失败
  解析IP:
  - 无IP地址
  错误原因: gaierror: [Errno -5] No address associated with hostname
2025-04-11 04:20:14,403 - ERROR - [AMS] ❌ nl.616049.xyz 检测失败
  解析IP:
  - 无IP地址
  错误原因: gaierror: [Errno -5] No address associated with hostname
2025-04-11 04:20:14,404 - INFO - 
========================================
2025-04-11 04:20:14,404 - INFO - 总检测区域: 7
2025-04-11 04:20:14,404 - INFO - ✅ 成功区域: 3
2025-04-11 04:20:14,404 - ERROR - ❌ 失败区域: 4
2025-04-11 04:20:14,404 - INFO - 触发更新区域: AMS,ICN,NRT,SIN
2025-04-11 04:21:13,017 - INFO - CFST更新已触发
