2025-04-10 11:37:36,702 - INFO - 日志文件已创建: logs/ipv4/ip_check_20250410_113736.log
2025-04-10 11:37:36,709 - INFO - [HKG] 域名解析 hk.616049.xyz => 
  - 104.17.130.47
2025-04-10 11:37:36,737 - INFO - [LAX] 域名解析 us.616049.xyz => 
  - 104.25.161.239
2025-04-10 11:37:36,743 - INFO - [FRA] 域名解析 de.616049.xyz => 
  - 104.18.19.223
2025-04-10 11:37:36,751 - ERROR - DNS解析失败 sg.616049.xyz: [Errno -5] No address associated with hostname
2025-04-10 11:37:36,751 - INFO - [SIN] 域名解析 sg.616049.xyz => 
  - 无IP地址
2025-04-10 11:37:36,760 - ERROR - DNS解析失败 jp.616049.xyz: [Errno -5] No address associated with hostname
2025-04-10 11:37:36,760 - INFO - [NRT] 域名解析 jp.616049.xyz => 
  - 无IP地址
2025-04-10 11:37:36,769 - ERROR - DNS解析失败 kr.616049.xyz: [Errno -5] No address associated with hostname
2025-04-10 11:37:36,769 - INFO - [ICN] 域名解析 kr.616049.xyz => 
  - 无IP地址
2025-04-10 11:37:36,779 - ERROR - DNS解析失败 nl.616049.xyz: [Errno -5] No address associated with hostname
2025-04-10 11:37:36,779 - INFO - [AMS] 域名解析 nl.616049.xyz => 
  - 无IP地址
2025-04-10 11:37:36,784 - WARNING - 端口文件不存在: ddns/ipv4/AMS.txt
2025-04-10 11:37:36,790 - INFO - [FRA] ✅ de.616049.xyz 连接成功
2025-04-10 11:37:36,792 - INFO - [HKG] ✅ hk.616049.xyz 连接成功
2025-04-10 11:37:36,792 - INFO - [LAX] ✅ us.616049.xyz 连接成功
2025-04-10 11:37:36,817 - ERROR - [AMS] ❌ nl.616049.xyz 检测失败
  解析IP:
  - 无IP地址
  错误原因: gaierror: [Errno -5] No address associated with hostname
2025-04-10 11:37:36,841 - ERROR - [ICN] ❌ kr.616049.xyz 检测失败
  解析IP:
  - 无IP地址
  错误原因: gaierror: [Errno -5] No address associated with hostname
2025-04-10 11:37:36,846 - ERROR - [SIN] ❌ sg.616049.xyz 检测失败
  解析IP:
  - 无IP地址
  错误原因: gaierror: [Errno -5] No address associated with hostname
2025-04-10 11:37:36,850 - ERROR - [NRT] ❌ jp.616049.xyz 检测失败
  解析IP:
  - 无IP地址
  错误原因: gaierror: [Errno -5] No address associated with hostname
2025-04-10 11:37:36,850 - INFO - 
========================================
2025-04-10 11:37:36,850 - INFO - 总检测区域: 7
2025-04-10 11:37:36,850 - INFO - ✅ 成功区域: 3
2025-04-10 11:37:36,851 - ERROR - ❌ 失败区域: 4
2025-04-10 11:37:36,851 - INFO - 触发更新区域: AMS,ICN,NRT,SIN
2025-04-10 11:38:32,675 - ERROR - CFST更新失败，退出码: 1
