2025-04-10 05:15:17,251 - INFO - 日志文件已创建: logs/ipv4/ip_check_20250410_051517.log
2025-04-10 05:15:17,301 - INFO - [HKG] 域名解析 hk.616049.xyz => 
  - 162.159.34.112
  - 104.17.138.210
  - 104.19.145.142
  - 104.18.175.93
2025-04-10 05:15:17,337 - INFO - [LAX] 域名解析 us.616049.xyz => 
  - 104.25.161.239
2025-04-10 05:15:17,383 - INFO - [FRA] 域名解析 de.616049.xyz => 
  - 104.20.63.122
  - 104.19.226.115
  - 104.19.235.95
  - 104.19.229.192
  - 104.16.98.225
2025-04-10 05:15:17,508 - ERROR - DNS解析失败 sg.616049.xyz: [Errno -5] No address associated with hostname
2025-04-10 05:15:17,508 - INFO - [SIN] 域名解析 sg.616049.xyz => 
  - 无IP地址
2025-04-10 05:15:17,573 - ERROR - DNS解析失败 jp.616049.xyz: [Errno -5] No address associated with hostname
2025-04-10 05:15:17,573 - INFO - [NRT] 域名解析 jp.616049.xyz => 
  - 无IP地址
2025-04-10 05:15:17,642 - ERROR - DNS解析失败 kr.616049.xyz: [Errno -5] No address associated with hostname
2025-04-10 05:15:17,642 - INFO - [ICN] 域名解析 kr.616049.xyz => 
  - 无IP地址
2025-04-10 05:15:17,711 - ERROR - DNS解析失败 nl.616049.xyz: [Errno -5] No address associated with hostname
2025-04-10 05:15:17,711 - INFO - [AMS] 域名解析 nl.616049.xyz => 
  - 无IP地址
2025-04-10 05:15:17,724 - WARNING - 端口文件不存在: ddns/ipv4/AMS.txt
2025-04-10 05:15:17,768 - INFO - [HKG] ✅ hk.616049.xyz 连接成功
2025-04-10 05:15:17,802 - INFO - [LAX] ✅ us.616049.xyz 连接成功
2025-04-10 05:15:17,806 - INFO - [FRA] ✅ de.616049.xyz 连接成功
2025-04-10 05:15:17,877 - ERROR - [SIN] ❌ sg.616049.xyz 检测失败
  解析IP:
  - 无IP地址
  错误原因: gaierror: [Errno -5] No address associated with hostname
2025-04-10 05:15:17,950 - ERROR - [NRT] ❌ jp.616049.xyz 检测失败
  解析IP:
  - 无IP地址
  错误原因: gaierror: [Errno -5] No address associated with hostname
2025-04-10 05:15:17,996 - ERROR - [AMS] ❌ nl.616049.xyz 检测失败
  解析IP:
  - 无IP地址
  错误原因: gaierror: [Errno -5] No address associated with hostname
2025-04-10 05:15:18,033 - ERROR - [ICN] ❌ kr.616049.xyz 检测失败
  解析IP:
  - 无IP地址
  错误原因: gaierror: [Errno -5] No address associated with hostname
2025-04-10 05:15:18,033 - INFO - 
========================================
2025-04-10 05:15:18,033 - INFO - 总检测区域: 7
2025-04-10 05:15:18,033 - INFO - ✅ 成功区域: 3
2025-04-10 05:15:18,033 - ERROR - ❌ 失败区域: 4
2025-04-10 05:15:18,033 - INFO - 触发更新区域: AMS,ICN,NRT,SIN
2025-04-10 05:16:14,620 - ERROR - CFST更新失败，退出码: 1
