2025-04-11 02:23:55,547 - INFO - 日志文件已创建: logs/ipv4/ip_check_20250411_022355.log
2025-04-11 02:23:55,571 - INFO - [HKG] 域名解析 hk.616049.xyz => 
  - 104.17.130.47
2025-04-11 02:23:55,595 - INFO - [LAX] 域名解析 us.616049.xyz => 
  - 104.25.161.239
2025-04-11 02:23:55,618 - INFO - [FRA] 域名解析 de.616049.xyz => 
  - 104.18.19.223
2025-04-11 02:23:55,628 - ERROR - DNS解析失败 sg.616049.xyz: [Errno -5] No address associated with hostname
2025-04-11 02:23:55,629 - INFO - [SIN] 域名解析 sg.616049.xyz => 
  - 无IP地址
2025-04-11 02:23:55,655 - ERROR - DNS解析失败 jp.616049.xyz: [Errno -5] No address associated with hostname
2025-04-11 02:23:55,655 - INFO - [NRT] 域名解析 jp.616049.xyz => 
  - 无IP地址
2025-04-11 02:23:55,685 - ERROR - DNS解析失败 kr.616049.xyz: [Errno -5] No address associated with hostname
2025-04-11 02:23:55,685 - INFO - [ICN] 域名解析 kr.616049.xyz => 
  - 无IP地址
2025-04-11 02:23:55,697 - ERROR - DNS解析失败 nl.616049.xyz: [Errno -5] No address associated with hostname
2025-04-11 02:23:55,697 - INFO - [AMS] 域名解析 nl.616049.xyz => 
  - 无IP地址
2025-04-11 02:23:55,703 - WARNING - 端口文件不存在: ddns/ipv4/AMS.txt
2025-04-11 02:23:55,709 - INFO - [HKG] ✅ hk.616049.xyz 连接成功
2025-04-11 02:23:55,712 - INFO - [LAX] ✅ us.616049.xyz 连接成功
2025-04-11 02:23:55,738 - INFO - [FRA] ✅ de.616049.xyz 连接成功
2025-04-11 02:23:55,775 - ERROR - [ICN] ❌ kr.616049.xyz 检测失败
  解析IP:
  - 无IP地址
  错误原因: gaierror: [Errno -5] No address associated with hostname
2025-04-11 02:23:55,777 - ERROR - [NRT] ❌ jp.616049.xyz 检测失败
  解析IP:
  - 无IP地址
  错误原因: gaierror: [Errno -5] No address associated with hostname
2025-04-11 02:23:55,778 - ERROR - [SIN] ❌ sg.616049.xyz 检测失败
  解析IP:
  - 无IP地址
  错误原因: gaierror: [Errno -5] No address associated with hostname
2025-04-11 02:23:55,803 - ERROR - [AMS] ❌ nl.616049.xyz 检测失败
  解析IP:
  - 无IP地址
  错误原因: gaierror: [Errno -5] No address associated with hostname
2025-04-11 02:23:55,804 - INFO - 
========================================
2025-04-11 02:23:55,804 - INFO - 总检测区域: 7
2025-04-11 02:23:55,804 - INFO - ✅ 成功区域: 3
2025-04-11 02:23:55,804 - ERROR - ❌ 失败区域: 4
2025-04-11 02:23:55,804 - INFO - 触发更新区域: AMS,ICN,NRT,SIN
2025-04-11 02:24:54,391 - INFO - CFST更新已触发
