2025-04-01 02:29:31,632 - INFO - 日志文件已创建: logs/ipv6/ip_check_20250401_022931.log
2025-04-01 02:29:31,643 - ERROR - DNS解析失败 hkv6.616049.xyz: [Errno -2] Name or service not known
2025-04-01 02:29:31,643 - INFO - [HKG] 域名解析 hkv6.616049.xyz => 
  - 无IP地址
2025-04-01 02:29:31,652 - ERROR - DNS解析失败 usv6.616049.xyz: [Errno -2] Name or service not known
2025-04-01 02:29:31,653 - INFO - [LAX] 域名解析 usv6.616049.xyz => 
  - 无IP地址
2025-04-01 02:29:31,663 - ERROR - DNS解析失败 dev6.616049.xyz: [Errno -2] Name or service not known
2025-04-01 02:29:31,663 - INFO - [FRA] 域名解析 dev6.616049.xyz => 
  - 无IP地址
2025-04-01 02:29:31,680 - ERROR - DNS解析失败 sgv6.616049.xyz: [Errno -2] Name or service not known
2025-04-01 02:29:31,681 - INFO - [SIN] 域名解析 sgv6.616049.xyz => 
  - 无IP地址
2025-04-01 02:29:31,690 - ERROR - DNS解析失败 jpv6.616049.xyz: [Errno -2] Name or service not known
2025-04-01 02:29:31,690 - INFO - [NRT] 域名解析 jpv6.616049.xyz => 
  - 无IP地址
2025-04-01 02:29:31,700 - ERROR - DNS解析失败 krv6.616049.xyz: [Errno -2] Name or service not known
2025-04-01 02:29:31,700 - INFO - [ICN] 域名解析 krv6.616049.xyz => 
  - 无IP地址
2025-04-01 02:29:31,711 - ERROR - DNS解析失败 nlv6.616049.xyz: [Errno -2] Name or service not known
2025-04-01 02:29:31,711 - INFO - [AMS] 域名解析 nlv6.616049.xyz => 
  - 无IP地址
2025-04-01 02:29:31,711 - WARNING - 端口文件不存在: ddns/ipv6/HKG.txt
2025-04-01 02:29:31,712 - WARNING - 端口文件不存在: ddns/ipv6/LAX.txt
2025-04-01 02:29:31,712 - WARNING - 端口文件不存在: ddns/ipv6/FRA.txt
2025-04-01 02:29:31,712 - WARNING - 端口文件不存在: ddns/ipv6/SIN.txt
2025-04-01 02:29:31,713 - WARNING - 端口文件不存在: ddns/ipv6/NRT.txt
2025-04-01 02:29:31,713 - WARNING - 端口文件不存在: ddns/ipv6/ICN.txt
2025-04-01 02:29:31,713 - WARNING - 端口文件不存在: ddns/ipv6/AMS.txt
2025-04-01 02:29:31,739 - ERROR - [NRT] ❌ jpv6.616049.xyz 检测失败
  解析IP:
  - 无IP地址
  错误原因: gaierror: [Errno -2] Name or service not known
2025-04-01 02:29:31,743 - ERROR - [ICN] ❌ krv6.616049.xyz 检测失败
  解析IP:
  - 无IP地址
  错误原因: gaierror: [Errno -2] Name or service not known
2025-04-01 02:29:31,746 - ERROR - [HKG] ❌ hkv6.616049.xyz 检测失败
  解析IP:
  - 无IP地址
  错误原因: gaierror: [Errno -2] Name or service not known
2025-04-01 02:29:31,755 - ERROR - [SIN] ❌ sgv6.616049.xyz 检测失败
  解析IP:
  - 无IP地址
  错误原因: gaierror: [Errno -2] Name or service not known
2025-04-01 02:29:31,759 - ERROR - [AMS] ❌ nlv6.616049.xyz 检测失败
  解析IP:
  - 无IP地址
  错误原因: gaierror: [Errno -2] Name or service not known
2025-04-01 02:29:31,760 - ERROR - [LAX] ❌ usv6.616049.xyz 检测失败
  解析IP:
  - 无IP地址
  错误原因: gaierror: [Errno -2] Name or service not known
2025-04-01 02:29:31,763 - ERROR - [FRA] ❌ dev6.616049.xyz 检测失败
  解析IP:
  - 无IP地址
  错误原因: gaierror: [Errno -2] Name or service not known
2025-04-01 02:29:31,764 - INFO - 
========================================
2025-04-01 02:29:31,764 - INFO - 总检测区域: 7
2025-04-01 02:29:31,764 - INFO - ✅ 成功区域: 0
2025-04-01 02:29:31,764 - ERROR - ❌ 失败区域: 7
2025-04-01 02:29:31,764 - INFO - 触发更新区域: AMS,FRA,HKG,ICN,LAX,NRT,SIN
2025-04-01 02:29:33,587 - ERROR - CFST更新失败，退出码: 1
