2025-03-31 11:06:54,447 - INFO - 日志文件已创建: logs/ipv6/ip_check_20250331_110654.log
2025-03-31 11:06:54,472 - ERROR - DNS解析失败 hkv6.616049.xyz: [Errno -2] Name or service not known
2025-03-31 11:06:54,473 - INFO - [HKG] 域名解析 hkv6.616049.xyz => 
  - 无IP地址
2025-03-31 11:06:54,485 - ERROR - DNS解析失败 usv6.616049.xyz: [Errno -2] Name or service not known
2025-03-31 11:06:54,485 - INFO - [LAX] 域名解析 usv6.616049.xyz => 
  - 无IP地址
2025-03-31 11:06:54,495 - ERROR - DNS解析失败 dev6.616049.xyz: [Errno -2] Name or service not known
2025-03-31 11:06:54,495 - INFO - [FRA] 域名解析 dev6.616049.xyz => 
  - 无IP地址
2025-03-31 11:06:54,508 - ERROR - DNS解析失败 sgv6.616049.xyz: [Errno -2] Name or service not known
2025-03-31 11:06:54,509 - INFO - [SIN] 域名解析 sgv6.616049.xyz => 
  - 无IP地址
2025-03-31 11:06:54,521 - ERROR - DNS解析失败 jpv6.616049.xyz: [Errno -2] Name or service not known
2025-03-31 11:06:54,521 - INFO - [NRT] 域名解析 jpv6.616049.xyz => 
  - 无IP地址
2025-03-31 11:06:54,571 - ERROR - DNS解析失败 krv6.616049.xyz: [Errno -2] Name or service not known
2025-03-31 11:06:54,572 - INFO - [ICN] 域名解析 krv6.616049.xyz => 
  - 无IP地址
2025-03-31 11:06:54,585 - ERROR - DNS解析失败 nlv6.616049.xyz: [Errno -2] Name or service not known
2025-03-31 11:06:54,586 - INFO - [AMS] 域名解析 nlv6.616049.xyz => 
  - 无IP地址
2025-03-31 11:06:54,587 - WARNING - 端口文件不存在: ddns/ipv6/HKG.txt
2025-03-31 11:06:54,587 - WARNING - 端口文件不存在: ddns/ipv6/LAX.txt
2025-03-31 11:06:54,587 - WARNING - 端口文件不存在: ddns/ipv6/FRA.txt
2025-03-31 11:06:54,588 - WARNING - 端口文件不存在: ddns/ipv6/SIN.txt
2025-03-31 11:06:54,588 - WARNING - 端口文件不存在: ddns/ipv6/NRT.txt
2025-03-31 11:06:54,588 - WARNING - 端口文件不存在: ddns/ipv6/ICN.txt
2025-03-31 11:06:54,589 - WARNING - 端口文件不存在: ddns/ipv6/AMS.txt
2025-03-31 11:06:54,633 - ERROR - [AMS] ❌ nlv6.616049.xyz 检测失败
  解析IP:
  - 无IP地址
  错误原因: gaierror: [Errno -2] Name or service not known
2025-03-31 11:06:54,639 - ERROR - [LAX] ❌ usv6.616049.xyz 检测失败
  解析IP:
  - 无IP地址
  错误原因: gaierror: [Errno -2] Name or service not known
2025-03-31 11:06:54,642 - ERROR - [NRT] ❌ jpv6.616049.xyz 检测失败
  解析IP:
  - 无IP地址
  错误原因: gaierror: [Errno -2] Name or service not known
2025-03-31 11:06:54,643 - ERROR - [FRA] ❌ dev6.616049.xyz 检测失败
  解析IP:
  - 无IP地址
  错误原因: gaierror: [Errno -2] Name or service not known
2025-03-31 11:06:54,644 - ERROR - [HKG] ❌ hkv6.616049.xyz 检测失败
  解析IP:
  - 无IP地址
  错误原因: gaierror: [Errno -2] Name or service not known
2025-03-31 11:06:54,649 - ERROR - [SIN] ❌ sgv6.616049.xyz 检测失败
  解析IP:
  - 无IP地址
  错误原因: gaierror: [Errno -2] Name or service not known
2025-03-31 11:06:54,705 - ERROR - [ICN] ❌ krv6.616049.xyz 检测失败
  解析IP:
  - 无IP地址
  错误原因: gaierror: [Errno -2] Name or service not known
2025-03-31 11:06:54,706 - INFO - 
========================================
2025-03-31 11:06:54,706 - INFO - 总检测区域: 7
2025-03-31 11:06:54,706 - INFO - ✅ 成功区域: 0
2025-03-31 11:06:54,706 - ERROR - ❌ 失败区域: 7
2025-03-31 11:06:54,706 - INFO - 触发更新区域: AMS,FRA,HKG,ICN,LAX,NRT,SIN
2025-03-31 11:06:56,488 - ERROR - CFST更新失败，退出码: 1
