2025-03-31 06:18:57,043 - INFO - 日志文件已创建: logs/ipv6/ip_check_20250331_061857.log
2025-03-31 06:18:57,056 - ERROR - DNS解析失败 hkv6.616049.xyz: [Errno -2] Name or service not known
2025-03-31 06:18:57,056 - INFO - [HKG] 域名解析 hkv6.616049.xyz => 
  - 无IP地址
2025-03-31 06:18:57,069 - ERROR - DNS解析失败 usv6.616049.xyz: [Errno -2] Name or service not known
2025-03-31 06:18:57,069 - INFO - [LAX] 域名解析 usv6.616049.xyz => 
  - 无IP地址
2025-03-31 06:18:57,077 - ERROR - DNS解析失败 dev6.616049.xyz: [Errno -2] Name or service not known
2025-03-31 06:18:57,077 - INFO - [FRA] 域名解析 dev6.616049.xyz => 
  - 无IP地址
2025-03-31 06:18:57,085 - ERROR - DNS解析失败 sgv6.616049.xyz: [Errno -2] Name or service not known
2025-03-31 06:18:57,085 - INFO - [SIN] 域名解析 sgv6.616049.xyz => 
  - 无IP地址
2025-03-31 06:18:57,096 - ERROR - DNS解析失败 jpv6.616049.xyz: [Errno -2] Name or service not known
2025-03-31 06:18:57,096 - INFO - [NRT] 域名解析 jpv6.616049.xyz => 
  - 无IP地址
2025-03-31 06:18:57,104 - ERROR - DNS解析失败 krv6.616049.xyz: [Errno -2] Name or service not known
2025-03-31 06:18:57,104 - INFO - [ICN] 域名解析 krv6.616049.xyz => 
  - 无IP地址
2025-03-31 06:18:57,115 - ERROR - DNS解析失败 nlv6.616049.xyz: [Errno -2] Name or service not known
2025-03-31 06:18:57,115 - INFO - [AMS] 域名解析 nlv6.616049.xyz => 
  - 无IP地址
2025-03-31 06:18:57,116 - WARNING - 端口文件不存在: ddns/ipv6/HKG.txt
2025-03-31 06:18:57,117 - WARNING - 端口文件不存在: ddns/ipv6/LAX.txt
2025-03-31 06:18:57,117 - WARNING - 端口文件不存在: ddns/ipv6/FRA.txt
2025-03-31 06:18:57,117 - WARNING - 端口文件不存在: ddns/ipv6/SIN.txt
2025-03-31 06:18:57,118 - WARNING - 端口文件不存在: ddns/ipv6/NRT.txt
2025-03-31 06:18:57,118 - WARNING - 端口文件不存在: ddns/ipv6/ICN.txt
2025-03-31 06:18:57,118 - WARNING - 端口文件不存在: ddns/ipv6/AMS.txt
2025-03-31 06:18:57,149 - ERROR - [HKG] ❌ hkv6.616049.xyz 检测失败
  解析IP:
  - 无IP地址
  错误原因: gaierror: [Errno -2] Name or service not known
2025-03-31 06:18:57,149 - ERROR - [SIN] ❌ sgv6.616049.xyz 检测失败
  解析IP:
  - 无IP地址
  错误原因: gaierror: [Errno -2] Name or service not known
2025-03-31 06:18:57,151 - ERROR - [FRA] ❌ dev6.616049.xyz 检测失败
  解析IP:
  - 无IP地址
  错误原因: gaierror: [Errno -2] Name or service not known
2025-03-31 06:18:57,159 - ERROR - [ICN] ❌ krv6.616049.xyz 检测失败
  解析IP:
  - 无IP地址
  错误原因: gaierror: [Errno -2] Name or service not known
2025-03-31 06:18:57,162 - ERROR - [LAX] ❌ usv6.616049.xyz 检测失败
  解析IP:
  - 无IP地址
  错误原因: gaierror: [Errno -2] Name or service not known
2025-03-31 06:18:57,162 - ERROR - [NRT] ❌ jpv6.616049.xyz 检测失败
  解析IP:
  - 无IP地址
  错误原因: gaierror: [Errno -2] Name or service not known
2025-03-31 06:18:57,180 - ERROR - [AMS] ❌ nlv6.616049.xyz 检测失败
  解析IP:
  - 无IP地址
  错误原因: gaierror: [Errno -2] Name or service not known
2025-03-31 06:18:57,181 - INFO - 
========================================
2025-03-31 06:18:57,181 - INFO - 总检测区域: 7
2025-03-31 06:18:57,181 - INFO - ✅ 成功区域: 0
2025-03-31 06:18:57,181 - ERROR - ❌ 失败区域: 7
2025-03-31 06:18:57,181 - INFO - 触发更新区域: AMS,FRA,HKG,ICN,LAX,NRT,SIN
2025-03-31 06:18:58,961 - ERROR - CFST更新失败，退出码: 1
