2025-03-31 06:09:02,898 - INFO - 日志文件已创建: logs/ipv6/ip_check_20250331_060902.log
2025-03-31 06:09:02,909 - ERROR - DNS解析失败 hkv6.616049.xyz: [Errno -2] Name or service not known
2025-03-31 06:09:02,909 - INFO - [HKG] 域名解析 hkv6.616049.xyz => 
  - 无IP地址
2025-03-31 06:09:02,918 - ERROR - DNS解析失败 usv6.616049.xyz: [Errno -2] Name or service not known
2025-03-31 06:09:02,918 - INFO - [LAX] 域名解析 usv6.616049.xyz => 
  - 无IP地址
2025-03-31 06:09:02,927 - ERROR - DNS解析失败 dev6.616049.xyz: [Errno -2] Name or service not known
2025-03-31 06:09:02,927 - INFO - [FRA] 域名解析 dev6.616049.xyz => 
  - 无IP地址
2025-03-31 06:09:02,936 - ERROR - DNS解析失败 sgv6.616049.xyz: [Errno -2] Name or service not known
2025-03-31 06:09:02,937 - INFO - [SIN] 域名解析 sgv6.616049.xyz => 
  - 无IP地址
2025-03-31 06:09:02,944 - ERROR - DNS解析失败 jpv6.616049.xyz: [Errno -2] Name or service not known
2025-03-31 06:09:02,944 - INFO - [NRT] 域名解析 jpv6.616049.xyz => 
  - 无IP地址
2025-03-31 06:09:02,955 - ERROR - DNS解析失败 krv6.616049.xyz: [Errno -2] Name or service not known
2025-03-31 06:09:02,955 - INFO - [ICN] 域名解析 krv6.616049.xyz => 
  - 无IP地址
2025-03-31 06:09:02,987 - ERROR - DNS解析失败 nlv6.616049.xyz: [Errno -2] Name or service not known
2025-03-31 06:09:02,987 - INFO - [AMS] 域名解析 nlv6.616049.xyz => 
  - 无IP地址
2025-03-31 06:09:02,988 - WARNING - 端口文件不存在: ddns/ipv6/HKG.txt
2025-03-31 06:09:02,988 - WARNING - 端口文件不存在: ddns/ipv6/LAX.txt
2025-03-31 06:09:02,989 - WARNING - 端口文件不存在: ddns/ipv6/FRA.txt
2025-03-31 06:09:02,989 - WARNING - 端口文件不存在: ddns/ipv6/SIN.txt
2025-03-31 06:09:02,989 - WARNING - 端口文件不存在: ddns/ipv6/NRT.txt
2025-03-31 06:09:02,990 - WARNING - 端口文件不存在: ddns/ipv6/ICN.txt
2025-03-31 06:09:02,990 - WARNING - 端口文件不存在: ddns/ipv6/AMS.txt
2025-03-31 06:09:03,015 - ERROR - [LAX] ❌ usv6.616049.xyz 检测失败
  解析IP:
  - 无IP地址
  错误原因: gaierror: [Errno -2] Name or service not known
2025-03-31 06:09:03,024 - ERROR - [SIN] ❌ sgv6.616049.xyz 检测失败
  解析IP:
  - 无IP地址
  错误原因: gaierror: [Errno -2] Name or service not known
2025-03-31 06:09:03,030 - ERROR - [AMS] ❌ nlv6.616049.xyz 检测失败
  解析IP:
  - 无IP地址
  错误原因: gaierror: [Errno -2] Name or service not known
2025-03-31 06:09:03,080 - ERROR - [HKG] ❌ hkv6.616049.xyz 检测失败
  解析IP:
  - 无IP地址
  错误原因: gaierror: [Errno -2] Name or service not known
2025-03-31 06:09:03,081 - ERROR - [ICN] ❌ krv6.616049.xyz 检测失败
  解析IP:
  - 无IP地址
  错误原因: gaierror: [Errno -2] Name or service not known
2025-03-31 06:09:03,116 - ERROR - [FRA] ❌ dev6.616049.xyz 检测失败
  解析IP:
  - 无IP地址
  错误原因: gaierror: [Errno -2] Name or service not known
2025-03-31 06:09:03,191 - ERROR - [NRT] ❌ jpv6.616049.xyz 检测失败
  解析IP:
  - 无IP地址
  错误原因: gaierror: [Errno -2] Name or service not known
2025-03-31 06:09:03,191 - INFO - 
========================================
2025-03-31 06:09:03,191 - INFO - 总检测区域: 7
2025-03-31 06:09:03,191 - INFO - ✅ 成功区域: 0
2025-03-31 06:09:03,191 - ERROR - ❌ 失败区域: 7
2025-03-31 06:09:03,191 - INFO - 触发更新区域: AMS,FRA,HKG,ICN,LAX,NRT,SIN
2025-03-31 06:09:04,774 - ERROR - CFST更新失败，退出码: 1
