2025-04-01 05:01:23,206 - INFO - 日志文件已创建: logs/ipv6/ip_check_20250401_050123.log
2025-04-01 05:01:23,629 - ERROR - DNS解析失败 hkv6.616049.xyz: [Errno 7] No address associated with hostname
2025-04-01 05:01:23,630 - INFO - [HKG] 域名解析 hkv6.616049.xyz => 
  - 无IP地址
2025-04-01 05:01:24,111 - ERROR - DNS解析失败 usv6.616049.xyz: [Errno 7] No address associated with hostname
2025-04-01 05:01:24,111 - INFO - [LAX] 域名解析 usv6.616049.xyz => 
  - 无IP地址
2025-04-01 05:01:24,335 - ERROR - DNS解析失败 dev6.616049.xyz: [Errno 7] No address associated with hostname
2025-04-01 05:01:24,336 - INFO - [FRA] 域名解析 dev6.616049.xyz => 
  - 无IP地址
2025-04-01 05:01:24,593 - ERROR - DNS解析失败 sgv6.616049.xyz: [Errno 7] No address associated with hostname
2025-04-01 05:01:24,594 - INFO - [SIN] 域名解析 sgv6.616049.xyz => 
  - 无IP地址
2025-04-01 05:01:25,097 - ERROR - DNS解析失败 jpv6.616049.xyz: [Errno 7] No address associated with hostname
2025-04-01 05:01:25,098 - INFO - [NRT] 域名解析 jpv6.616049.xyz => 
  - 无IP地址
2025-04-01 05:01:26,117 - ERROR - DNS解析失败 krv6.616049.xyz: [Errno 7] No address associated with hostname
2025-04-01 05:01:26,117 - INFO - [ICN] 域名解析 krv6.616049.xyz => 
  - 无IP地址
2025-04-01 05:01:26,338 - ERROR - DNS解析失败 nlv6.616049.xyz: [Errno 7] No address associated with hostname
2025-04-01 05:01:26,338 - INFO - [AMS] 域名解析 nlv6.616049.xyz => 
  - 无IP地址
2025-04-01 05:01:26,340 - WARNING - 端口文件不存在: ddns/ipv6/HKG.txt
2025-04-01 05:01:26,342 - WARNING - 端口文件不存在: ddns/ipv6/LAX.txt
2025-04-01 05:01:26,344 - WARNING - 端口文件不存在: ddns/ipv6/FRA.txt
2025-04-01 05:01:26,345 - WARNING - 端口文件不存在: ddns/ipv6/SIN.txt
2025-04-01 05:01:26,347 - WARNING - 端口文件不存在: ddns/ipv6/NRT.txt
2025-04-01 05:01:26,349 - WARNING - 端口文件不存在: ddns/ipv6/ICN.txt
2025-04-01 05:01:26,351 - WARNING - 端口文件不存在: ddns/ipv6/AMS.txt
2025-04-01 05:01:26,548 - ERROR - [HKG] ❌ hkv6.616049.xyz 检测失败
  解析IP:
  - 无IP地址
  错误原因: gaierror: [Errno 7] No address associated with hostname
2025-04-01 05:01:26,560 - ERROR - [FRA] ❌ dev6.616049.xyz 检测失败
  解析IP:
  - 无IP地址
  错误原因: gaierror: [Errno 7] No address associated with hostname
2025-04-01 05:01:26,576 - ERROR - [NRT] ❌ jpv6.616049.xyz 检测失败
  解析IP:
  - 无IP地址
  错误原因: gaierror: [Errno 7] No address associated with hostname
2025-04-01 05:01:26,598 - ERROR - [ICN] ❌ krv6.616049.xyz 检测失败
  解析IP:
  - 无IP地址
  错误原因: gaierror: [Errno 7] No address associated with hostname
2025-04-01 05:01:26,602 - ERROR - [AMS] ❌ nlv6.616049.xyz 检测失败
  解析IP:
  - 无IP地址
  错误原因: gaierror: [Errno 7] No address associated with hostname
2025-04-01 05:01:26,739 - ERROR - [LAX] ❌ usv6.616049.xyz 检测失败
  解析IP:
  - 无IP地址
  错误原因: gaierror: [Errno 7] No address associated with hostname
2025-04-01 05:01:26,751 - ERROR - [SIN] ❌ sgv6.616049.xyz 检测失败
  解析IP:
  - 无IP地址
  错误原因: gaierror: [Errno 7] No address associated with hostname
2025-04-01 05:01:26,754 - INFO - 
========================================
2025-04-01 05:01:26,754 - INFO - 总检测区域: 7
2025-04-01 05:01:26,755 - INFO - ✅ 成功区域: 0
2025-04-01 05:01:26,756 - ERROR - ❌ 失败区域: 7
2025-04-01 05:01:26,756 - INFO - 触发更新区域: AMS,FRA,HKG,ICN,LAX,NRT,SIN
2025-04-01 05:08:21,273 - INFO - CFST更新已触发
