2025-03-31 11:34:14,152 - INFO - 日志文件已创建: logs/ipv6/ip_check_20250331_113414.log
2025-03-31 11:34:14,163 - ERROR - DNS解析失败 hkv6.616049.xyz: [Errno -2] Name or service not known
2025-03-31 11:34:14,164 - INFO - [HKG] 域名解析 hkv6.616049.xyz => 
  - 无IP地址
2025-03-31 11:34:14,186 - ERROR - DNS解析失败 usv6.616049.xyz: [Errno -2] Name or service not known
2025-03-31 11:34:14,186 - INFO - [LAX] 域名解析 usv6.616049.xyz => 
  - 无IP地址
2025-03-31 11:34:14,205 - ERROR - DNS解析失败 dev6.616049.xyz: [Errno -2] Name or service not known
2025-03-31 11:34:14,205 - INFO - [FRA] 域名解析 dev6.616049.xyz => 
  - 无IP地址
2025-03-31 11:34:14,217 - ERROR - DNS解析失败 sgv6.616049.xyz: [Errno -2] Name or service not known
2025-03-31 11:34:14,217 - INFO - [SIN] 域名解析 sgv6.616049.xyz => 
  - 无IP地址
2025-03-31 11:34:14,237 - ERROR - DNS解析失败 jpv6.616049.xyz: [Errno -2] Name or service not known
2025-03-31 11:34:14,237 - INFO - [NRT] 域名解析 jpv6.616049.xyz => 
  - 无IP地址
2025-03-31 11:34:14,247 - ERROR - DNS解析失败 krv6.616049.xyz: [Errno -2] Name or service not known
2025-03-31 11:34:14,247 - INFO - [ICN] 域名解析 krv6.616049.xyz => 
  - 无IP地址
2025-03-31 11:34:14,275 - ERROR - DNS解析失败 nlv6.616049.xyz: [Errno -2] Name or service not known
2025-03-31 11:34:14,275 - INFO - [AMS] 域名解析 nlv6.616049.xyz => 
  - 无IP地址
2025-03-31 11:34:14,276 - WARNING - 端口文件不存在: ddns/ipv6/HKG.txt
2025-03-31 11:34:14,276 - WARNING - 端口文件不存在: ddns/ipv6/LAX.txt
2025-03-31 11:34:14,276 - WARNING - 端口文件不存在: ddns/ipv6/FRA.txt
2025-03-31 11:34:14,277 - WARNING - 端口文件不存在: ddns/ipv6/SIN.txt
2025-03-31 11:34:14,277 - WARNING - 端口文件不存在: ddns/ipv6/NRT.txt
2025-03-31 11:34:14,277 - WARNING - 端口文件不存在: ddns/ipv6/ICN.txt
2025-03-31 11:34:14,278 - WARNING - 端口文件不存在: ddns/ipv6/AMS.txt
2025-03-31 11:34:14,317 - ERROR - [HKG] ❌ hkv6.616049.xyz 检测失败
  解析IP:
  - 无IP地址
  错误原因: gaierror: [Errno -2] Name or service not known
2025-03-31 11:34:14,319 - ERROR - [AMS] ❌ nlv6.616049.xyz 检测失败
  解析IP:
  - 无IP地址
  错误原因: gaierror: [Errno -2] Name or service not known
2025-03-31 11:34:14,321 - ERROR - [NRT] ❌ jpv6.616049.xyz 检测失败
  解析IP:
  - 无IP地址
  错误原因: gaierror: [Errno -2] Name or service not known
2025-03-31 11:34:14,321 - ERROR - [LAX] ❌ usv6.616049.xyz 检测失败
  解析IP:
  - 无IP地址
  错误原因: gaierror: [Errno -2] Name or service not known
2025-03-31 11:34:14,325 - ERROR - [ICN] ❌ krv6.616049.xyz 检测失败
  解析IP:
  - 无IP地址
  错误原因: gaierror: [Errno -2] Name or service not known
2025-03-31 11:34:14,332 - ERROR - [SIN] ❌ sgv6.616049.xyz 检测失败
  解析IP:
  - 无IP地址
  错误原因: gaierror: [Errno -2] Name or service not known
2025-03-31 11:34:14,334 - ERROR - [FRA] ❌ dev6.616049.xyz 检测失败
  解析IP:
  - 无IP地址
  错误原因: gaierror: [Errno -2] Name or service not known
2025-03-31 11:34:14,334 - INFO - 
========================================
2025-03-31 11:34:14,334 - INFO - 总检测区域: 7
2025-03-31 11:34:14,334 - INFO - ✅ 成功区域: 0
2025-03-31 11:34:14,334 - ERROR - ❌ 失败区域: 7
2025-03-31 11:34:14,335 - INFO - 触发更新区域: AMS,FRA,HKG,ICN,LAX,NRT,SIN
2025-03-31 11:34:16,064 - ERROR - CFST更新失败，退出码: 1
