2025-04-01 01:18:20,206 - INFO - 日志文件已创建: logs/ipv6/ip_check_20250401_011820.log
2025-04-01 01:18:20,219 - ERROR - DNS解析失败 hkv6.616049.xyz: [Errno -2] Name or service not known
2025-04-01 01:18:20,219 - INFO - [HKG] 域名解析 hkv6.616049.xyz => 
  - 无IP地址
2025-04-01 01:18:20,239 - ERROR - DNS解析失败 usv6.616049.xyz: [Errno -2] Name or service not known
2025-04-01 01:18:20,239 - INFO - [LAX] 域名解析 usv6.616049.xyz => 
  - 无IP地址
2025-04-01 01:18:20,248 - ERROR - DNS解析失败 dev6.616049.xyz: [Errno -2] Name or service not known
2025-04-01 01:18:20,248 - INFO - [FRA] 域名解析 dev6.616049.xyz => 
  - 无IP地址
2025-04-01 01:18:20,257 - ERROR - DNS解析失败 sgv6.616049.xyz: [Errno -2] Name or service not known
2025-04-01 01:18:20,258 - INFO - [SIN] 域名解析 sgv6.616049.xyz => 
  - 无IP地址
2025-04-01 01:18:20,270 - ERROR - DNS解析失败 jpv6.616049.xyz: [Errno -2] Name or service not known
2025-04-01 01:18:20,270 - INFO - [NRT] 域名解析 jpv6.616049.xyz => 
  - 无IP地址
2025-04-01 01:18:20,282 - ERROR - DNS解析失败 krv6.616049.xyz: [Errno -2] Name or service not known
2025-04-01 01:18:20,282 - INFO - [ICN] 域名解析 krv6.616049.xyz => 
  - 无IP地址
2025-04-01 01:18:20,294 - ERROR - DNS解析失败 nlv6.616049.xyz: [Errno -2] Name or service not known
2025-04-01 01:18:20,294 - INFO - [AMS] 域名解析 nlv6.616049.xyz => 
  - 无IP地址
2025-04-01 01:18:20,295 - WARNING - 端口文件不存在: ddns/ipv6/HKG.txt
2025-04-01 01:18:20,295 - WARNING - 端口文件不存在: ddns/ipv6/LAX.txt
2025-04-01 01:18:20,296 - WARNING - 端口文件不存在: ddns/ipv6/FRA.txt
2025-04-01 01:18:20,296 - WARNING - 端口文件不存在: ddns/ipv6/SIN.txt
2025-04-01 01:18:20,296 - WARNING - 端口文件不存在: ddns/ipv6/NRT.txt
2025-04-01 01:18:20,297 - WARNING - 端口文件不存在: ddns/ipv6/ICN.txt
2025-04-01 01:18:20,297 - WARNING - 端口文件不存在: ddns/ipv6/AMS.txt
2025-04-01 01:18:20,335 - ERROR - [SIN] ❌ sgv6.616049.xyz 检测失败
  解析IP:
  - 无IP地址
  错误原因: gaierror: [Errno -2] Name or service not known
2025-04-01 01:18:20,342 - ERROR - [ICN] ❌ krv6.616049.xyz 检测失败
  解析IP:
  - 无IP地址
  错误原因: gaierror: [Errno -2] Name or service not known
2025-04-01 01:18:20,343 - ERROR - [FRA] ❌ dev6.616049.xyz 检测失败
  解析IP:
  - 无IP地址
  错误原因: gaierror: [Errno -2] Name or service not known
2025-04-01 01:18:20,344 - ERROR - [AMS] ❌ nlv6.616049.xyz 检测失败
  解析IP:
  - 无IP地址
  错误原因: gaierror: [Errno -2] Name or service not known
2025-04-01 01:18:20,347 - ERROR - [HKG] ❌ hkv6.616049.xyz 检测失败
  解析IP:
  - 无IP地址
  错误原因: gaierror: [Errno -2] Name or service not known
2025-04-01 01:18:20,352 - ERROR - [NRT] ❌ jpv6.616049.xyz 检测失败
  解析IP:
  - 无IP地址
  错误原因: gaierror: [Errno -2] Name or service not known
2025-04-01 01:18:20,353 - ERROR - [LAX] ❌ usv6.616049.xyz 检测失败
  解析IP:
  - 无IP地址
  错误原因: gaierror: [Errno -2] Name or service not known
2025-04-01 01:18:20,354 - INFO - 
========================================
2025-04-01 01:18:20,354 - INFO - 总检测区域: 7
2025-04-01 01:18:20,354 - INFO - ✅ 成功区域: 0
2025-04-01 01:18:20,354 - ERROR - ❌ 失败区域: 7
2025-04-01 01:18:20,354 - INFO - 触发更新区域: AMS,FRA,HKG,ICN,LAX,NRT,SIN
2025-04-01 01:18:22,146 - ERROR - CFST更新失败，退出码: 1
