2025-03-31 13:20:50,124 - INFO - 日志文件已创建: logs/ipv6/ip_check_20250331_132050.log
2025-03-31 13:20:50,138 - ERROR - DNS解析失败 hkv6.616049.xyz: [Errno -2] Name or service not known
2025-03-31 13:20:50,138 - INFO - [HKG] 域名解析 hkv6.616049.xyz => 
  - 无IP地址
2025-03-31 13:20:50,152 - ERROR - DNS解析失败 usv6.616049.xyz: [Errno -2] Name or service not known
2025-03-31 13:20:50,152 - INFO - [LAX] 域名解析 usv6.616049.xyz => 
  - 无IP地址
2025-03-31 13:20:50,162 - ERROR - DNS解析失败 dev6.616049.xyz: [Errno -2] Name or service not known
2025-03-31 13:20:50,162 - INFO - [FRA] 域名解析 dev6.616049.xyz => 
  - 无IP地址
2025-03-31 13:20:50,176 - ERROR - DNS解析失败 sgv6.616049.xyz: [Errno -2] Name or service not known
2025-03-31 13:20:50,176 - INFO - [SIN] 域名解析 sgv6.616049.xyz => 
  - 无IP地址
2025-03-31 13:20:50,193 - ERROR - DNS解析失败 jpv6.616049.xyz: [Errno -2] Name or service not known
2025-03-31 13:20:50,193 - INFO - [NRT] 域名解析 jpv6.616049.xyz => 
  - 无IP地址
2025-03-31 13:20:50,213 - ERROR - DNS解析失败 krv6.616049.xyz: [Errno -2] Name or service not known
2025-03-31 13:20:50,213 - INFO - [ICN] 域名解析 krv6.616049.xyz => 
  - 无IP地址
2025-03-31 13:20:50,223 - ERROR - DNS解析失败 nlv6.616049.xyz: [Errno -2] Name or service not known
2025-03-31 13:20:50,224 - INFO - [AMS] 域名解析 nlv6.616049.xyz => 
  - 无IP地址
2025-03-31 13:20:50,224 - WARNING - 端口文件不存在: ddns/ipv6/HKG.txt
2025-03-31 13:20:50,225 - WARNING - 端口文件不存在: ddns/ipv6/LAX.txt
2025-03-31 13:20:50,225 - WARNING - 端口文件不存在: ddns/ipv6/FRA.txt
2025-03-31 13:20:50,225 - WARNING - 端口文件不存在: ddns/ipv6/SIN.txt
2025-03-31 13:20:50,226 - WARNING - 端口文件不存在: ddns/ipv6/NRT.txt
2025-03-31 13:20:50,226 - WARNING - 端口文件不存在: ddns/ipv6/ICN.txt
2025-03-31 13:20:50,226 - WARNING - 端口文件不存在: ddns/ipv6/AMS.txt
2025-03-31 13:20:50,249 - ERROR - [HKG] ❌ hkv6.616049.xyz 检测失败
  解析IP:
  - 无IP地址
  错误原因: gaierror: [Errno -2] Name or service not known
2025-03-31 13:20:50,253 - ERROR - [NRT] ❌ jpv6.616049.xyz 检测失败
  解析IP:
  - 无IP地址
  错误原因: gaierror: [Errno -2] Name or service not known
2025-03-31 13:20:50,258 - ERROR - [ICN] ❌ krv6.616049.xyz 检测失败
  解析IP:
  - 无IP地址
  错误原因: gaierror: [Errno -2] Name or service not known
2025-03-31 13:20:50,264 - ERROR - [AMS] ❌ nlv6.616049.xyz 检测失败
  解析IP:
  - 无IP地址
  错误原因: gaierror: [Errno -2] Name or service not known
2025-03-31 13:20:50,267 - ERROR - [LAX] ❌ usv6.616049.xyz 检测失败
  解析IP:
  - 无IP地址
  错误原因: gaierror: [Errno -2] Name or service not known
2025-03-31 13:20:50,278 - ERROR - [FRA] ❌ dev6.616049.xyz 检测失败
  解析IP:
  - 无IP地址
  错误原因: gaierror: [Errno -2] Name or service not known
2025-03-31 13:20:50,289 - ERROR - [SIN] ❌ sgv6.616049.xyz 检测失败
  解析IP:
  - 无IP地址
  错误原因: gaierror: [Errno -2] Name or service not known
2025-03-31 13:20:50,290 - INFO - 
========================================
2025-03-31 13:20:50,290 - INFO - 总检测区域: 7
2025-03-31 13:20:50,290 - INFO - ✅ 成功区域: 0
2025-03-31 13:20:50,290 - ERROR - ❌ 失败区域: 7
2025-03-31 13:20:50,290 - INFO - 触发更新区域: AMS,FRA,HKG,ICN,LAX,NRT,SIN
2025-03-31 13:20:52,012 - ERROR - CFST更新失败，退出码: 1
