2025-03-31 23:22:32,789 - INFO - 日志文件已创建: logs/ipv6/ip_check_20250331_232232.log
2025-03-31 23:22:32,808 - ERROR - DNS解析失败 hkv6.616049.xyz: [Errno -2] Name or service not known
2025-03-31 23:22:32,808 - INFO - [HKG] 域名解析 hkv6.616049.xyz => 
  - 无IP地址
2025-03-31 23:22:32,823 - ERROR - DNS解析失败 usv6.616049.xyz: [Errno -2] Name or service not known
2025-03-31 23:22:32,823 - INFO - [LAX] 域名解析 usv6.616049.xyz => 
  - 无IP地址
2025-03-31 23:22:32,837 - ERROR - DNS解析失败 dev6.616049.xyz: [Errno -2] Name or service not known
2025-03-31 23:22:32,837 - INFO - [FRA] 域名解析 dev6.616049.xyz => 
  - 无IP地址
2025-03-31 23:22:32,853 - ERROR - DNS解析失败 sgv6.616049.xyz: [Errno -2] Name or service not known
2025-03-31 23:22:32,853 - INFO - [SIN] 域名解析 sgv6.616049.xyz => 
  - 无IP地址
2025-03-31 23:22:32,865 - ERROR - DNS解析失败 jpv6.616049.xyz: [Errno -2] Name or service not known
2025-03-31 23:22:32,865 - INFO - [NRT] 域名解析 jpv6.616049.xyz => 
  - 无IP地址
2025-03-31 23:22:32,875 - ERROR - DNS解析失败 krv6.616049.xyz: [Errno -2] Name or service not known
2025-03-31 23:22:32,875 - INFO - [ICN] 域名解析 krv6.616049.xyz => 
  - 无IP地址
2025-03-31 23:22:32,908 - ERROR - DNS解析失败 nlv6.616049.xyz: [Errno -2] Name or service not known
2025-03-31 23:22:32,908 - INFO - [AMS] 域名解析 nlv6.616049.xyz => 
  - 无IP地址
2025-03-31 23:22:32,909 - WARNING - 端口文件不存在: ddns/ipv6/HKG.txt
2025-03-31 23:22:32,910 - WARNING - 端口文件不存在: ddns/ipv6/LAX.txt
2025-03-31 23:22:32,910 - WARNING - 端口文件不存在: ddns/ipv6/FRA.txt
2025-03-31 23:22:32,911 - WARNING - 端口文件不存在: ddns/ipv6/SIN.txt
2025-03-31 23:22:32,911 - WARNING - 端口文件不存在: ddns/ipv6/NRT.txt
2025-03-31 23:22:32,911 - WARNING - 端口文件不存在: ddns/ipv6/ICN.txt
2025-03-31 23:22:32,912 - WARNING - 端口文件不存在: ddns/ipv6/AMS.txt
2025-03-31 23:22:32,938 - ERROR - [ICN] ❌ krv6.616049.xyz 检测失败
  解析IP:
  - 无IP地址
  错误原因: gaierror: [Errno -2] Name or service not known
2025-03-31 23:22:32,941 - ERROR - [NRT] ❌ jpv6.616049.xyz 检测失败
  解析IP:
  - 无IP地址
  错误原因: gaierror: [Errno -2] Name or service not known
2025-03-31 23:22:32,947 - ERROR - [AMS] ❌ nlv6.616049.xyz 检测失败
  解析IP:
  - 无IP地址
  错误原因: gaierror: [Errno -2] Name or service not known
2025-03-31 23:22:32,949 - ERROR - [HKG] ❌ hkv6.616049.xyz 检测失败
  解析IP:
  - 无IP地址
  错误原因: gaierror: [Errno -2] Name or service not known
2025-03-31 23:22:32,969 - ERROR - [LAX] ❌ usv6.616049.xyz 检测失败
  解析IP:
  - 无IP地址
  错误原因: gaierror: [Errno -2] Name or service not known
2025-03-31 23:22:32,998 - ERROR - [SIN] ❌ sgv6.616049.xyz 检测失败
  解析IP:
  - 无IP地址
  错误原因: gaierror: [Errno -2] Name or service not known
2025-03-31 23:22:32,998 - ERROR - [FRA] ❌ dev6.616049.xyz 检测失败
  解析IP:
  - 无IP地址
  错误原因: gaierror: [Errno -2] Name or service not known
2025-03-31 23:22:32,999 - INFO - 
========================================
2025-03-31 23:22:32,999 - INFO - 总检测区域: 7
2025-03-31 23:22:32,999 - INFO - ✅ 成功区域: 0
2025-03-31 23:22:32,999 - ERROR - ❌ 失败区域: 7
2025-03-31 23:22:32,999 - INFO - 触发更新区域: AMS,FRA,HKG,ICN,LAX,NRT,SIN
2025-03-31 23:22:34,733 - ERROR - CFST更新失败，退出码: 1
