2025-03-31 12:25:31,327 - INFO - 日志文件已创建: logs/ipv6/ip_check_20250331_122531.log
2025-03-31 12:25:31,397 - ERROR - DNS解析失败 hkv6.616049.xyz: [Errno -2] Name or service not known
2025-03-31 12:25:31,397 - INFO - [HKG] 域名解析 hkv6.616049.xyz => 
  - 无IP地址
2025-03-31 12:25:31,420 - ERROR - DNS解析失败 usv6.616049.xyz: [Errno -2] Name or service not known
2025-03-31 12:25:31,420 - INFO - [LAX] 域名解析 usv6.616049.xyz => 
  - 无IP地址
2025-03-31 12:25:31,476 - ERROR - DNS解析失败 dev6.616049.xyz: [Errno -2] Name or service not known
2025-03-31 12:25:31,476 - INFO - [FRA] 域名解析 dev6.616049.xyz => 
  - 无IP地址
2025-03-31 12:25:31,496 - ERROR - DNS解析失败 sgv6.616049.xyz: [Errno -2] Name or service not known
2025-03-31 12:25:31,496 - INFO - [SIN] 域名解析 sgv6.616049.xyz => 
  - 无IP地址
2025-03-31 12:25:31,510 - ERROR - DNS解析失败 jpv6.616049.xyz: [Errno -2] Name or service not known
2025-03-31 12:25:31,511 - INFO - [NRT] 域名解析 jpv6.616049.xyz => 
  - 无IP地址
2025-03-31 12:25:31,528 - ERROR - DNS解析失败 krv6.616049.xyz: [Errno -2] Name or service not known
2025-03-31 12:25:31,528 - INFO - [ICN] 域名解析 krv6.616049.xyz => 
  - 无IP地址
2025-03-31 12:25:31,544 - ERROR - DNS解析失败 nlv6.616049.xyz: [Errno -2] Name or service not known
2025-03-31 12:25:31,544 - INFO - [AMS] 域名解析 nlv6.616049.xyz => 
  - 无IP地址
2025-03-31 12:25:31,545 - WARNING - 端口文件不存在: ddns/ipv6/HKG.txt
2025-03-31 12:25:31,545 - WARNING - 端口文件不存在: ddns/ipv6/LAX.txt
2025-03-31 12:25:31,545 - WARNING - 端口文件不存在: ddns/ipv6/FRA.txt
2025-03-31 12:25:31,546 - WARNING - 端口文件不存在: ddns/ipv6/SIN.txt
2025-03-31 12:25:31,546 - WARNING - 端口文件不存在: ddns/ipv6/NRT.txt
2025-03-31 12:25:31,546 - WARNING - 端口文件不存在: ddns/ipv6/ICN.txt
2025-03-31 12:25:31,547 - WARNING - 端口文件不存在: ddns/ipv6/AMS.txt
2025-03-31 12:25:31,606 - ERROR - [NRT] ❌ jpv6.616049.xyz 检测失败
  解析IP:
  - 无IP地址
  错误原因: gaierror: [Errno -2] Name or service not known
2025-03-31 12:25:31,618 - ERROR - [ICN] ❌ krv6.616049.xyz 检测失败
  解析IP:
  - 无IP地址
  错误原因: gaierror: [Errno -2] Name or service not known
2025-03-31 12:25:31,632 - ERROR - [HKG] ❌ hkv6.616049.xyz 检测失败
  解析IP:
  - 无IP地址
  错误原因: gaierror: [Errno -2] Name or service not known
2025-03-31 12:25:31,632 - ERROR - [LAX] ❌ usv6.616049.xyz 检测失败
  解析IP:
  - 无IP地址
  错误原因: gaierror: [Errno -2] Name or service not known
2025-03-31 12:25:31,633 - ERROR - [FRA] ❌ dev6.616049.xyz 检测失败
  解析IP:
  - 无IP地址
  错误原因: gaierror: [Errno -2] Name or service not known
2025-03-31 12:25:31,649 - ERROR - [SIN] ❌ sgv6.616049.xyz 检测失败
  解析IP:
  - 无IP地址
  错误原因: gaierror: [Errno -2] Name or service not known
2025-03-31 12:25:31,741 - ERROR - [AMS] ❌ nlv6.616049.xyz 检测失败
  解析IP:
  - 无IP地址
  错误原因: gaierror: [Errno -2] Name or service not known
2025-03-31 12:25:31,741 - INFO - 
========================================
2025-03-31 12:25:31,741 - INFO - 总检测区域: 7
2025-03-31 12:25:31,741 - INFO - ✅ 成功区域: 0
2025-03-31 12:25:31,741 - ERROR - ❌ 失败区域: 7
2025-03-31 12:25:31,742 - INFO - 触发更新区域: AMS,FRA,HKG,ICN,LAX,NRT,SIN
2025-03-31 12:25:33,579 - ERROR - CFST更新失败，退出码: 1
