2025-04-01 00:26:42,529 - INFO - 日志文件已创建: logs/ipv6/ip_check_20250401_002642.log
2025-04-01 00:26:42,544 - ERROR - DNS解析失败 hkv6.616049.xyz: [Errno -2] Name or service not known
2025-04-01 00:26:42,544 - INFO - [HKG] 域名解析 hkv6.616049.xyz => 
  - 无IP地址
2025-04-01 00:26:42,558 - ERROR - DNS解析失败 usv6.616049.xyz: [Errno -2] Name or service not known
2025-04-01 00:26:42,558 - INFO - [LAX] 域名解析 usv6.616049.xyz => 
  - 无IP地址
2025-04-01 00:26:42,569 - ERROR - DNS解析失败 dev6.616049.xyz: [Errno -2] Name or service not known
2025-04-01 00:26:42,570 - INFO - [FRA] 域名解析 dev6.616049.xyz => 
  - 无IP地址
2025-04-01 00:26:42,587 - ERROR - DNS解析失败 sgv6.616049.xyz: [Errno -2] Name or service not known
2025-04-01 00:26:42,587 - INFO - [SIN] 域名解析 sgv6.616049.xyz => 
  - 无IP地址
2025-04-01 00:26:42,598 - ERROR - DNS解析失败 jpv6.616049.xyz: [Errno -2] Name or service not known
2025-04-01 00:26:42,598 - INFO - [NRT] 域名解析 jpv6.616049.xyz => 
  - 无IP地址
2025-04-01 00:26:42,611 - ERROR - DNS解析失败 krv6.616049.xyz: [Errno -2] Name or service not known
2025-04-01 00:26:42,611 - INFO - [ICN] 域名解析 krv6.616049.xyz => 
  - 无IP地址
2025-04-01 00:26:42,629 - ERROR - DNS解析失败 nlv6.616049.xyz: [Errno -2] Name or service not known
2025-04-01 00:26:42,629 - INFO - [AMS] 域名解析 nlv6.616049.xyz => 
  - 无IP地址
2025-04-01 00:26:42,630 - WARNING - 端口文件不存在: ddns/ipv6/HKG.txt
2025-04-01 00:26:42,631 - WARNING - 端口文件不存在: ddns/ipv6/LAX.txt
2025-04-01 00:26:42,631 - WARNING - 端口文件不存在: ddns/ipv6/FRA.txt
2025-04-01 00:26:42,631 - WARNING - 端口文件不存在: ddns/ipv6/SIN.txt
2025-04-01 00:26:42,632 - WARNING - 端口文件不存在: ddns/ipv6/NRT.txt
2025-04-01 00:26:42,632 - WARNING - 端口文件不存在: ddns/ipv6/ICN.txt
2025-04-01 00:26:42,632 - WARNING - 端口文件不存在: ddns/ipv6/AMS.txt
2025-04-01 00:26:42,673 - ERROR - [HKG] ❌ hkv6.616049.xyz 检测失败
  解析IP:
  - 无IP地址
  错误原因: gaierror: [Errno -2] Name or service not known
2025-04-01 00:26:42,675 - ERROR - [NRT] ❌ jpv6.616049.xyz 检测失败
  解析IP:
  - 无IP地址
  错误原因: gaierror: [Errno -2] Name or service not known
2025-04-01 00:26:42,676 - ERROR - [FRA] ❌ dev6.616049.xyz 检测失败
  解析IP:
  - 无IP地址
  错误原因: gaierror: [Errno -2] Name or service not known
2025-04-01 00:26:42,682 - ERROR - [LAX] ❌ usv6.616049.xyz 检测失败
  解析IP:
  - 无IP地址
  错误原因: gaierror: [Errno -2] Name or service not known
2025-04-01 00:26:42,683 - ERROR - [ICN] ❌ krv6.616049.xyz 检测失败
  解析IP:
  - 无IP地址
  错误原因: gaierror: [Errno -2] Name or service not known
2025-04-01 00:26:42,693 - ERROR - [AMS] ❌ nlv6.616049.xyz 检测失败
  解析IP:
  - 无IP地址
  错误原因: gaierror: [Errno -2] Name or service not known
2025-04-01 00:26:42,727 - ERROR - [SIN] ❌ sgv6.616049.xyz 检测失败
  解析IP:
  - 无IP地址
  错误原因: gaierror: [Errno -2] Name or service not known
2025-04-01 00:26:42,728 - INFO - 
========================================
2025-04-01 00:26:42,728 - INFO - 总检测区域: 7
2025-04-01 00:26:42,728 - INFO - ✅ 成功区域: 0
2025-04-01 00:26:42,728 - ERROR - ❌ 失败区域: 7
2025-04-01 00:26:42,728 - INFO - 触发更新区域: AMS,FRA,HKG,ICN,LAX,NRT,SIN
2025-04-01 00:26:44,412 - ERROR - CFST更新失败，退出码: 1
