2025-03-31 07:19:42,139 - INFO - 日志文件已创建: logs/ipv6/ip_check_20250331_071942.log
2025-03-31 07:19:42,153 - ERROR - DNS解析失败 hkv6.616049.xyz: [Errno -2] Name or service not known
2025-03-31 07:19:42,153 - INFO - [HKG] 域名解析 hkv6.616049.xyz => 
  - 无IP地址
2025-03-31 07:19:42,164 - ERROR - DNS解析失败 usv6.616049.xyz: [Errno -2] Name or service not known
2025-03-31 07:19:42,164 - INFO - [LAX] 域名解析 usv6.616049.xyz => 
  - 无IP地址
2025-03-31 07:19:42,172 - ERROR - DNS解析失败 dev6.616049.xyz: [Errno -2] Name or service not known
2025-03-31 07:19:42,172 - INFO - [FRA] 域名解析 dev6.616049.xyz => 
  - 无IP地址
2025-03-31 07:19:42,202 - ERROR - DNS解析失败 sgv6.616049.xyz: [Errno -2] Name or service not known
2025-03-31 07:19:42,202 - INFO - [SIN] 域名解析 sgv6.616049.xyz => 
  - 无IP地址
2025-03-31 07:19:42,209 - ERROR - DNS解析失败 jpv6.616049.xyz: [Errno -2] Name or service not known
2025-03-31 07:19:42,209 - INFO - [NRT] 域名解析 jpv6.616049.xyz => 
  - 无IP地址
2025-03-31 07:19:42,218 - ERROR - DNS解析失败 krv6.616049.xyz: [Errno -2] Name or service not known
2025-03-31 07:19:42,218 - INFO - [ICN] 域名解析 krv6.616049.xyz => 
  - 无IP地址
2025-03-31 07:19:42,227 - ERROR - DNS解析失败 nlv6.616049.xyz: [Errno -2] Name or service not known
2025-03-31 07:19:42,227 - INFO - [AMS] 域名解析 nlv6.616049.xyz => 
  - 无IP地址
2025-03-31 07:19:42,228 - WARNING - 端口文件不存在: ddns/ipv6/HKG.txt
2025-03-31 07:19:42,229 - WARNING - 端口文件不存在: ddns/ipv6/LAX.txt
2025-03-31 07:19:42,229 - WARNING - 端口文件不存在: ddns/ipv6/FRA.txt
2025-03-31 07:19:42,229 - WARNING - 端口文件不存在: ddns/ipv6/SIN.txt
2025-03-31 07:19:42,230 - WARNING - 端口文件不存在: ddns/ipv6/NRT.txt
2025-03-31 07:19:42,230 - WARNING - 端口文件不存在: ddns/ipv6/ICN.txt
2025-03-31 07:19:42,230 - WARNING - 端口文件不存在: ddns/ipv6/AMS.txt
2025-03-31 07:19:42,262 - ERROR - [SIN] ❌ sgv6.616049.xyz 检测失败
  解析IP:
  - 无IP地址
  错误原因: gaierror: [Errno -2] Name or service not known
2025-03-31 07:19:42,264 - ERROR - [FRA] ❌ dev6.616049.xyz 检测失败
  解析IP:
  - 无IP地址
  错误原因: gaierror: [Errno -2] Name or service not known
2025-03-31 07:19:42,265 - ERROR - [AMS] ❌ nlv6.616049.xyz 检测失败
  解析IP:
  - 无IP地址
  错误原因: gaierror: [Errno -2] Name or service not known
2025-03-31 07:19:42,265 - ERROR - [HKG] ❌ hkv6.616049.xyz 检测失败
  解析IP:
  - 无IP地址
  错误原因: gaierror: [Errno -2] Name or service not known
2025-03-31 07:19:42,269 - ERROR - [NRT] ❌ jpv6.616049.xyz 检测失败
  解析IP:
  - 无IP地址
  错误原因: gaierror: [Errno -2] Name or service not known
2025-03-31 07:19:42,282 - ERROR - [ICN] ❌ krv6.616049.xyz 检测失败
  解析IP:
  - 无IP地址
  错误原因: gaierror: [Errno -2] Name or service not known
2025-03-31 07:19:42,676 - ERROR - [LAX] ❌ usv6.616049.xyz 检测失败
  解析IP:
  - 无IP地址
  错误原因: gaierror: [Errno -2] Name or service not known
2025-03-31 07:19:42,677 - INFO - 
========================================
2025-03-31 07:19:42,677 - INFO - 总检测区域: 7
2025-03-31 07:19:42,677 - INFO - ✅ 成功区域: 0
2025-03-31 07:19:42,677 - ERROR - ❌ 失败区域: 7
2025-03-31 07:19:42,677 - INFO - 触发更新区域: AMS,FRA,HKG,ICN,LAX,NRT,SIN
2025-03-31 07:19:44,366 - ERROR - CFST更新失败，退出码: 1
