2025-03-31 21:30:20,027 - INFO - 日志文件已创建: logs/ipv6/ip_check_20250331_213020.log
2025-03-31 21:30:20,041 - ERROR - DNS解析失败 hkv6.616049.xyz: [Errno -2] Name or service not known
2025-03-31 21:30:20,041 - INFO - [HKG] 域名解析 hkv6.616049.xyz => 
  - 无IP地址
2025-03-31 21:30:20,051 - ERROR - DNS解析失败 usv6.616049.xyz: [Errno -2] Name or service not known
2025-03-31 21:30:20,051 - INFO - [LAX] 域名解析 usv6.616049.xyz => 
  - 无IP地址
2025-03-31 21:30:20,064 - ERROR - DNS解析失败 dev6.616049.xyz: [Errno -2] Name or service not known
2025-03-31 21:30:20,064 - INFO - [FRA] 域名解析 dev6.616049.xyz => 
  - 无IP地址
2025-03-31 21:30:20,076 - ERROR - DNS解析失败 sgv6.616049.xyz: [Errno -2] Name or service not known
2025-03-31 21:30:20,076 - INFO - [SIN] 域名解析 sgv6.616049.xyz => 
  - 无IP地址
2025-03-31 21:30:20,086 - ERROR - DNS解析失败 jpv6.616049.xyz: [Errno -2] Name or service not known
2025-03-31 21:30:20,086 - INFO - [NRT] 域名解析 jpv6.616049.xyz => 
  - 无IP地址
2025-03-31 21:30:20,124 - ERROR - DNS解析失败 krv6.616049.xyz: [Errno -2] Name or service not known
2025-03-31 21:30:20,124 - INFO - [ICN] 域名解析 krv6.616049.xyz => 
  - 无IP地址
2025-03-31 21:30:20,148 - ERROR - DNS解析失败 nlv6.616049.xyz: [Errno -2] Name or service not known
2025-03-31 21:30:20,148 - INFO - [AMS] 域名解析 nlv6.616049.xyz => 
  - 无IP地址
2025-03-31 21:30:20,149 - WARNING - 端口文件不存在: ddns/ipv6/HKG.txt
2025-03-31 21:30:20,150 - WARNING - 端口文件不存在: ddns/ipv6/LAX.txt
2025-03-31 21:30:20,150 - WARNING - 端口文件不存在: ddns/ipv6/FRA.txt
2025-03-31 21:30:20,150 - WARNING - 端口文件不存在: ddns/ipv6/SIN.txt
2025-03-31 21:30:20,151 - WARNING - 端口文件不存在: ddns/ipv6/NRT.txt
2025-03-31 21:30:20,151 - WARNING - 端口文件不存在: ddns/ipv6/ICN.txt
2025-03-31 21:30:20,151 - WARNING - 端口文件不存在: ddns/ipv6/AMS.txt
2025-03-31 21:30:20,178 - ERROR - [LAX] ❌ usv6.616049.xyz 检测失败
  解析IP:
  - 无IP地址
  错误原因: gaierror: [Errno -2] Name or service not known
2025-03-31 21:30:20,179 - ERROR - [HKG] ❌ hkv6.616049.xyz 检测失败
  解析IP:
  - 无IP地址
  错误原因: gaierror: [Errno -2] Name or service not known
2025-03-31 21:30:20,187 - ERROR - [FRA] ❌ dev6.616049.xyz 检测失败
  解析IP:
  - 无IP地址
  错误原因: gaierror: [Errno -2] Name or service not known
2025-03-31 21:30:20,188 - ERROR - [ICN] ❌ krv6.616049.xyz 检测失败
  解析IP:
  - 无IP地址
  错误原因: gaierror: [Errno -2] Name or service not known
2025-03-31 21:30:20,207 - ERROR - [AMS] ❌ nlv6.616049.xyz 检测失败
  解析IP:
  - 无IP地址
  错误原因: gaierror: [Errno -2] Name or service not known
2025-03-31 21:30:20,234 - ERROR - [NRT] ❌ jpv6.616049.xyz 检测失败
  解析IP:
  - 无IP地址
  错误原因: gaierror: [Errno -2] Name or service not known
2025-03-31 21:30:20,241 - ERROR - [SIN] ❌ sgv6.616049.xyz 检测失败
  解析IP:
  - 无IP地址
  错误原因: gaierror: [Errno -2] Name or service not known
2025-03-31 21:30:20,241 - INFO - 
========================================
2025-03-31 21:30:20,242 - INFO - 总检测区域: 7
2025-03-31 21:30:20,242 - INFO - ✅ 成功区域: 0
2025-03-31 21:30:20,242 - ERROR - ❌ 失败区域: 7
2025-03-31 21:30:20,242 - INFO - 触发更新区域: AMS,FRA,HKG,ICN,LAX,NRT,SIN
2025-03-31 21:30:22,116 - ERROR - CFST更新失败，退出码: 1
