2025-03-31 02:16:17,197 - INFO - 日志文件已创建: logs/ipv6/ip_check_20250331_021617.log
2025-03-31 02:16:17,465 - ERROR - DNS解析失败 hkv6.616049.xyz: [Errno 7] No address associated with hostname
2025-03-31 02:16:17,466 - INFO - [HKG] 域名解析 hkv6.616049.xyz => 
  - 无IP地址
2025-03-31 02:16:17,695 - ERROR - DNS解析失败 usv6.616049.xyz: [Errno 7] No address associated with hostname
2025-03-31 02:16:17,695 - INFO - [LAX] 域名解析 usv6.616049.xyz => 
  - 无IP地址
2025-03-31 02:16:17,979 - ERROR - DNS解析失败 dev6.616049.xyz: [Errno 7] No address associated with hostname
2025-03-31 02:16:17,980 - INFO - [FRA] 域名解析 dev6.616049.xyz => 
  - 无IP地址
2025-03-31 02:16:18,275 - ERROR - DNS解析失败 sgv6.616049.xyz: [Errno 7] No address associated with hostname
2025-03-31 02:16:18,275 - INFO - [SIN] 域名解析 sgv6.616049.xyz => 
  - 无IP地址
2025-03-31 02:16:18,340 - ERROR - DNS解析失败 jpv6.616049.xyz: [Errno 7] No address associated with hostname
2025-03-31 02:16:18,340 - INFO - [NRT] 域名解析 jpv6.616049.xyz => 
  - 无IP地址
2025-03-31 02:16:18,400 - ERROR - DNS解析失败 krv6.616049.xyz: [Errno 7] No address associated with hostname
2025-03-31 02:16:18,400 - INFO - [ICN] 域名解析 krv6.616049.xyz => 
  - 无IP地址
2025-03-31 02:16:18,626 - ERROR - DNS解析失败 nlv6.616049.xyz: [Errno 7] No address associated with hostname
2025-03-31 02:16:18,626 - INFO - [AMS] 域名解析 nlv6.616049.xyz => 
  - 无IP地址
2025-03-31 02:16:18,647 - WARNING - 端口文件不存在: ddns/ipv6/HKG.txt
2025-03-31 02:16:18,648 - WARNING - 端口文件不存在: ddns/ipv6/LAX.txt
2025-03-31 02:16:18,653 - WARNING - 端口文件不存在: ddns/ipv6/FRA.txt
2025-03-31 02:16:18,657 - WARNING - 端口文件不存在: ddns/ipv6/SIN.txt
2025-03-31 02:16:18,664 - WARNING - 端口文件不存在: ddns/ipv6/NRT.txt
2025-03-31 02:16:18,669 - WARNING - 端口文件不存在: ddns/ipv6/ICN.txt
2025-03-31 02:16:18,681 - WARNING - 端口文件不存在: ddns/ipv6/AMS.txt
2025-03-31 02:16:18,709 - ERROR - [LAX] ❌ usv6.616049.xyz 检测失败
  解析IP:
  - 无IP地址
  错误原因: gaierror: [Errno 7] No address associated with hostname
2025-03-31 02:16:18,709 - ERROR - [HKG] ❌ hkv6.616049.xyz 检测失败
  解析IP:
  - 无IP地址
  错误原因: gaierror: [Errno 7] No address associated with hostname
2025-03-31 02:16:18,754 - ERROR - [NRT] ❌ jpv6.616049.xyz 检测失败
  解析IP:
  - 无IP地址
  错误原因: gaierror: [Errno 7] No address associated with hostname
2025-03-31 02:16:18,896 - ERROR - [FRA] ❌ dev6.616049.xyz 检测失败
  解析IP:
  - 无IP地址
  错误原因: gaierror: [Errno 7] No address associated with hostname
2025-03-31 02:16:18,902 - ERROR - [SIN] ❌ sgv6.616049.xyz 检测失败
  解析IP:
  - 无IP地址
  错误原因: gaierror: [Errno 7] No address associated with hostname
2025-03-31 02:16:18,930 - ERROR - [AMS] ❌ nlv6.616049.xyz 检测失败
  解析IP:
  - 无IP地址
  错误原因: gaierror: [Errno 7] No address associated with hostname
2025-03-31 02:16:18,958 - ERROR - [ICN] ❌ krv6.616049.xyz 检测失败
  解析IP:
  - 无IP地址
  错误原因: gaierror: [Errno 7] No address associated with hostname
2025-03-31 02:16:18,962 - INFO - 
========================================
2025-03-31 02:16:18,962 - INFO - 总检测区域: 7
2025-03-31 02:16:18,962 - INFO - ✅ 成功区域: 0
2025-03-31 02:16:18,962 - ERROR - ❌ 失败区域: 7
2025-03-31 02:16:18,963 - INFO - 触发更新区域: AMS,FRA,HKG,ICN,LAX,NRT,SIN
