2025-03-31 15:21:24,769 - INFO - 日志文件已创建: logs/ipv6/ip_check_20250331_152124.log
2025-03-31 15:21:24,816 - ERROR - DNS解析失败 hkv6.616049.xyz: [Errno -2] Name or service not known
2025-03-31 15:21:24,816 - INFO - [HKG] 域名解析 hkv6.616049.xyz => 
  - 无IP地址
2025-03-31 15:21:24,825 - ERROR - DNS解析失败 usv6.616049.xyz: [Errno -2] Name or service not known
2025-03-31 15:21:24,825 - INFO - [LAX] 域名解析 usv6.616049.xyz => 
  - 无IP地址
2025-03-31 15:21:24,834 - ERROR - DNS解析失败 dev6.616049.xyz: [Errno -2] Name or service not known
2025-03-31 15:21:24,834 - INFO - [FRA] 域名解析 dev6.616049.xyz => 
  - 无IP地址
2025-03-31 15:21:24,842 - ERROR - DNS解析失败 sgv6.616049.xyz: [Errno -2] Name or service not known
2025-03-31 15:21:24,842 - INFO - [SIN] 域名解析 sgv6.616049.xyz => 
  - 无IP地址
2025-03-31 15:21:24,851 - ERROR - DNS解析失败 jpv6.616049.xyz: [Errno -2] Name or service not known
2025-03-31 15:21:24,852 - INFO - [NRT] 域名解析 jpv6.616049.xyz => 
  - 无IP地址
2025-03-31 15:21:24,863 - ERROR - DNS解析失败 krv6.616049.xyz: [Errno -2] Name or service not known
2025-03-31 15:21:24,863 - INFO - [ICN] 域名解析 krv6.616049.xyz => 
  - 无IP地址
2025-03-31 15:21:24,870 - ERROR - DNS解析失败 nlv6.616049.xyz: [Errno -2] Name or service not known
2025-03-31 15:21:24,871 - INFO - [AMS] 域名解析 nlv6.616049.xyz => 
  - 无IP地址
2025-03-31 15:21:24,872 - WARNING - 端口文件不存在: ddns/ipv6/HKG.txt
2025-03-31 15:21:24,872 - WARNING - 端口文件不存在: ddns/ipv6/LAX.txt
2025-03-31 15:21:24,872 - WARNING - 端口文件不存在: ddns/ipv6/FRA.txt
2025-03-31 15:21:24,873 - WARNING - 端口文件不存在: ddns/ipv6/SIN.txt
2025-03-31 15:21:24,873 - WARNING - 端口文件不存在: ddns/ipv6/NRT.txt
2025-03-31 15:21:24,873 - WARNING - 端口文件不存在: ddns/ipv6/ICN.txt
2025-03-31 15:21:24,874 - WARNING - 端口文件不存在: ddns/ipv6/AMS.txt
2025-03-31 15:21:24,897 - ERROR - [SIN] ❌ sgv6.616049.xyz 检测失败
  解析IP:
  - 无IP地址
  错误原因: gaierror: [Errno -2] Name or service not known
2025-03-31 15:21:24,905 - ERROR - [HKG] ❌ hkv6.616049.xyz 检测失败
  解析IP:
  - 无IP地址
  错误原因: gaierror: [Errno -2] Name or service not known
2025-03-31 15:21:24,905 - ERROR - [AMS] ❌ nlv6.616049.xyz 检测失败
  解析IP:
  - 无IP地址
  错误原因: gaierror: [Errno -2] Name or service not known
2025-03-31 15:21:24,915 - ERROR - [ICN] ❌ krv6.616049.xyz 检测失败
  解析IP:
  - 无IP地址
  错误原因: gaierror: [Errno -2] Name or service not known
2025-03-31 15:21:24,939 - ERROR - [NRT] ❌ jpv6.616049.xyz 检测失败
  解析IP:
  - 无IP地址
  错误原因: gaierror: [Errno -2] Name or service not known
2025-03-31 15:21:24,950 - ERROR - [FRA] ❌ dev6.616049.xyz 检测失败
  解析IP:
  - 无IP地址
  错误原因: gaierror: [Errno -2] Name or service not known
2025-03-31 15:21:24,954 - ERROR - [LAX] ❌ usv6.616049.xyz 检测失败
  解析IP:
  - 无IP地址
  错误原因: gaierror: [Errno -2] Name or service not known
2025-03-31 15:21:24,955 - INFO - 
========================================
2025-03-31 15:21:24,955 - INFO - 总检测区域: 7
2025-03-31 15:21:24,955 - INFO - ✅ 成功区域: 0
2025-03-31 15:21:24,955 - ERROR - ❌ 失败区域: 7
2025-03-31 15:21:24,955 - INFO - 触发更新区域: AMS,FRA,HKG,ICN,LAX,NRT,SIN
2025-03-31 15:21:26,576 - ERROR - CFST更新失败，退出码: 1
