2025-02-12 17:03:11,470 - INFO - 已创建或确认目录 csv 存在。
2025-02-12 17:03:11,470 - INFO - 已创建或确认目录 logs 存在。
2025-02-12 17:03:11,470 - INFO - 已创建或确认目录 port 存在。
2025-02-12 17:03:11,470 - INFO - 已创建或确认目录 cfip 存在。
2025-02-12 17:03:11,471 - INFO - 已创建或确认目录 speed 存在。
2025-02-12 17:03:11,471 - INFO - 原始 MD5: d41d8cd98f00b204e9800998ecf8427e
2025-02-12 17:03:11,471 - INFO - 已清空 cfip/ipv6.txt 文件。
2025-02-12 17:03:11,471 - INFO - 已清空 port/ipv6port.txt 文件。
2025-02-12 17:03:11,472 - INFO - 检测到系统架构为 aarch64，将下载对应的 CloudflareST 版本: https://github.com/XIU2/CloudflareSpeedTest/releases/download/v2.2.5/CloudflareST_linux_arm64.tar.gz
2025-02-12 17:03:11,472 - INFO - 正在执行 git pull...
2025-02-12 17:03:15,598 - INFO - git pull 成功，本地仓库已更新。
2025-02-12 17:03:15,598 - INFO - 正在测试区域: HKG
2025-02-12 17:11:29,006 - INFO - csv/resultv6.csv 文件已存在，无需新建。
2025-02-12 17:11:29,021 - INFO - 区域 HKG 提取到的 IP 地址数量: 10
2025-02-12 17:11:29,026 - INFO - 写入: 2606:4700:3031:eb82:aff2:764f:76e1:6b06#🇭🇰HKG
2025-02-12 17:11:29,026 - INFO - 写入: 2606:4700:3031:eb42:6cec:bd54:b2a3:ac3d#🇭🇰HKG
2025-02-12 17:11:29,027 - INFO - 写入: 2606:4700:3032::ba39:9f2d#🇭🇰HKG
2025-02-12 17:11:29,027 - INFO - 写入: 2606:4700:3031:eb42:6cec:bd45:d5ba:939b#🇭🇰HKG
2025-02-12 17:11:29,027 - INFO - 写入: 2606:4700:3031:eb82:141c:2fed:a470:3515#🇭🇰HKG
2025-02-12 17:11:29,028 - INFO - 写入: 2606:4700:3031:eb82:1409:3c8:17d2:1885#🇭🇰HKG
2025-02-12 17:11:29,028 - INFO - 写入: 2606:4700:a8:dc:9f39:f195:8401:625d#🇭🇰HKG
2025-02-12 17:11:29,028 - INFO - 写入: 2606:4700:3031:eb29:e287:ce1d:4f80:e321#🇭🇰HKG
2025-02-12 17:11:29,028 - INFO - 写入: 2606:4700:3031:eb82:141c:d24b:a053:d94b#🇭🇰HKG
2025-02-12 17:11:29,029 - INFO - 写入: 2606:4700:3031:ad:a373:b1b3:eb99:b7b8#🇭🇰HKG
2025-02-12 17:11:29,029 - INFO - 提取的 IP 地址和 colo 信息已保存到 cfip/ipv6.txt
2025-02-12 17:11:29,031 - INFO - 写入: 2606:4700:3031:eb82:aff2:764f:76e1:6b06:2096#🇭🇰HKG┃IPV6┃⚡0.00(MB/s)
2025-02-12 17:11:29,032 - INFO - 写入: 2606:4700:3031:eb42:6cec:bd54:b2a3:ac3d:2096#🇭🇰HKG┃IPV6┃⚡0.00(MB/s)
2025-02-12 17:11:29,033 - INFO - 写入: 2606:4700:3032::ba39:9f2d:2096#🇭🇰HKG┃IPV6┃⚡0.00(MB/s)
2025-02-12 17:11:29,034 - INFO - 写入: 2606:4700:3031:eb42:6cec:bd45:d5ba:939b:2096#🇭🇰HKG┃IPV6┃⚡0.00(MB/s)
2025-02-12 17:11:29,034 - INFO - 写入: 2606:4700:3031:eb82:141c:2fed:a470:3515:2096#🇭🇰HKG┃IPV6┃⚡0.00(MB/s)
2025-02-12 17:11:29,038 - INFO - 写入: 2606:4700:3031:eb82:1409:3c8:17d2:1885:2096#🇭🇰HKG┃IPV6┃⚡0.00(MB/s)
2025-02-12 17:11:29,039 - INFO - 写入: 2606:4700:a8:dc:9f39:f195:8401:625d:2096#🇭🇰HKG┃IPV6┃⚡0.00(MB/s)
2025-02-12 17:11:29,040 - INFO - 写入: 2606:4700:3031:eb29:e287:ce1d:4f80:e321:2096#🇭🇰HKG┃IPV6┃⚡0.00(MB/s)
2025-02-12 17:11:29,040 - INFO - 写入: 2606:4700:3031:eb82:141c:d24b:a053:d94b:2096#🇭🇰HKG┃IPV6┃⚡0.00(MB/s)
2025-02-12 17:11:29,040 - INFO - 写入: 2606:4700:3031:ad:a373:b1b3:eb99:b7b8:2096#🇭🇰HKG┃IPV6┃⚡0.00(MB/s)
2025-02-12 17:11:29,041 - INFO - IP 地址、端口、colo 信息和下载速度已追加到 port/ipv6port.txt
2025-02-12 17:11:29,042 - INFO - 区域 HKG 未找到下载速度大于 10 MB/s 的 IP，跳过写入操作。
2025-02-12 17:11:29,045 - INFO - 已清空 csv/resultv6.csv 文件。
2025-02-12 17:11:29,049 - INFO - 正在测试区域: SJC
2025-02-12 17:15:51,170 - INFO - csv/resultv6.csv 文件已存在，无需新建。
2025-02-12 17:15:51,183 - WARNING - 文件 csv/resultv6.csv 为空，跳过读取。
2025-02-12 17:15:51,186 - INFO - 正在测试区域: LAX
2025-02-12 17:22:59,395 - INFO - csv/resultv6.csv 文件已存在，无需新建。
2025-02-12 17:22:59,395 - WARNING - 文件 csv/resultv6.csv 为空，跳过读取。
2025-02-12 17:22:59,405 - INFO - 加载 0 个 IP 地址
2025-02-12 17:22:59,406 - WARNING - 没有找到可用的 IP 地址
2025-02-12 17:22:59,416 - INFO - 新 MD5: ecf94a597b6f6f1f52e968cebb5e9c3f
2025-02-12 17:22:59,416 - INFO - 脚本执行完成。
2025-02-12 17:22:59,417 - INFO - 变更已提交到GitHub
