2025-02-16 02:22:14,910 - INFO - 已创建或确认目录 csv 存在。
2025-02-16 02:22:14,910 - INFO - 已创建或确认目录 logs 存在。
2025-02-16 02:22:14,911 - INFO - 已创建或确认目录 port 存在。
2025-02-16 02:22:14,911 - INFO - 已创建或确认目录 cfip 存在。
2025-02-16 02:22:14,911 - INFO - 已创建或确认目录 speed 存在。
2025-02-16 02:22:14,912 - INFO - 原始 MD5: d41d8cd98f00b204e9800998ecf8427e
2025-02-16 02:22:14,912 - INFO - 已清空 cfip/fd.txt 文件。
2025-02-16 02:22:14,913 - INFO - 已清空 port/fd.txt 文件。
2025-02-16 02:22:14,913 - INFO - 检测到系统架构为 aarch64，将下载对应的 CloudflareST 版本: https://github.com/XIU2/CloudflareSpeedTest/releases/download/v2.2.5/CloudflareST_linux_arm64.tar.gz
2025-02-16 02:22:14,913 - INFO - 正在执行 git pull...
2025-02-16 02:22:19,020 - INFO - git pull 成功，本地仓库已更新。
2025-02-16 02:22:19,021 - INFO - 正在下载最新 proxy.txt 文件...
2025-02-16 02:22:20,879 - INFO - proxy.txt 下载成功，已覆盖旧文件
2025-02-16 02:22:20,884 - INFO - 正在测试区域: HKG
2025-02-16 02:22:39,319 - INFO - csv/resultfd.csv 文件已存在，无需新建。
2025-02-16 02:22:39,320 - WARNING - 文件 csv/fd/HKG-FD.csv 不存在，无法删除
2025-02-16 02:22:39,321 - INFO - 区域 HKG 提取到的 IP 地址数量: 1
2025-02-16 02:22:39,322 - INFO - 写入: 47.57.13.107#🇭🇰HKG
2025-02-16 02:22:39,323 - INFO - 提取的 IP 地址和 colo 信息已保存到 cfip/fd.txt
2025-02-16 02:22:39,323 - INFO - 写入: 47.57.13.107:443#🇭🇰HKG┃195.34ms
2025-02-16 02:22:39,324 - INFO - IP地址、端口、colo信息及延迟已追加到 port/fd.txt
2025-02-16 02:22:39,324 - INFO - 区域 HKG 未找到下载速度大于 10 MB/s 的 IP，跳过写入操作。
2025-02-16 02:22:39,326 - INFO - 已将 csv/resultfd.csv 复制为 csv/fd/HKG-FD.csv
2025-02-16 02:22:39,326 - INFO - 已清空 csv/resultfd.csv 文件。
2025-02-16 02:22:39,327 - INFO - 正在测试区域: SJC
2025-02-16 02:22:57,755 - INFO - csv/resultfd.csv 文件已存在，无需新建。
2025-02-16 02:22:57,756 - WARNING - 文件 csv/fd/SJC-FD.csv 不存在，无法删除
2025-02-16 02:22:57,758 - INFO - 区域 SJC 提取到的 IP 地址数量: 1
2025-02-16 02:22:57,759 - INFO - 写入: 194.36.24.34#🇺🇸SJC
2025-02-16 02:22:57,764 - INFO - 提取的 IP 地址和 colo 信息已保存到 cfip/fd.txt
2025-02-16 02:22:57,765 - INFO - 写入: 194.36.24.34:443#🇺🇸SJC┃198.99ms
2025-02-16 02:22:57,766 - INFO - IP地址、端口、colo信息及延迟已追加到 port/fd.txt
2025-02-16 02:22:57,766 - INFO - 区域 SJC 未找到下载速度大于 10 MB/s 的 IP，跳过写入操作。
2025-02-16 02:22:57,767 - INFO - 已将 csv/resultfd.csv 复制为 csv/fd/SJC-FD.csv
2025-02-16 02:22:57,768 - INFO - 已清空 csv/resultfd.csv 文件。
2025-02-16 02:22:57,768 - INFO - 正在测试区域: SEA
2025-02-16 02:23:06,285 - INFO - csv/resultfd.csv 文件已存在，无需新建。
2025-02-16 02:23:06,286 - WARNING - 文件 csv/fd/SEA-FD.csv 不存在，无法删除
2025-02-16 02:23:06,287 - WARNING - 文件 csv/resultfd.csv 为空，跳过读取。
2025-02-16 02:23:06,288 - INFO - 正在测试区域: LAX
2025-02-16 02:23:14,604 - INFO - csv/resultfd.csv 文件已存在，无需新建。
2025-02-16 02:23:14,606 - WARNING - 文件 csv/fd/LAX-FD.csv 不存在，无法删除
2025-02-16 02:23:14,607 - WARNING - 文件 csv/resultfd.csv 为空，跳过读取。
2025-02-16 02:23:14,607 - INFO - 正在测试区域: FRA
2025-02-16 02:23:23,063 - INFO - csv/resultfd.csv 文件已存在，无需新建。
2025-02-16 02:23:23,064 - WARNING - 文件 csv/fd/FRA-FD.csv 不存在，无法删除
2025-02-16 02:23:23,064 - WARNING - 文件 csv/resultfd.csv 为空，跳过读取。
2025-02-16 02:23:23,067 - ERROR - 文件 speed/fd.txt 不存在
2025-02-16 02:23:23,068 - WARNING - 没有找到可用的 IP 地址
2025-02-16 02:23:23,069 - INFO - 新 MD5: 07641cd8ad079201be59340224e90353
2025-02-16 02:23:23,069 - INFO - 正在调用 checker.py 检查 IP 列表...
2025-02-16 02:23:26,101 - INFO - checker.py 执行完成。
2025-02-16 02:23:26,102 - INFO - 正在执行 DNS 记录检查脚本...
2025-02-16 02:24:31,746 - INFO - DNS 记录检查脚本执行完成。
2025-02-16 02:24:31,747 - INFO - 脚本执行完成。
2025-02-16 02:24:31,747 - INFO - 变更已提交到GitHub
