2025-03-04 04:40:36,181 - INFO - 已创建或确认目录 csv 存在。
2025-03-04 04:40:36,181 - INFO - 已创建或确认目录 logs 存在。
2025-03-04 04:40:36,181 - INFO - 已创建或确认目录 port 存在。
2025-03-04 04:40:36,182 - INFO - 已创建或确认目录 cfip 存在。
2025-03-04 04:40:36,182 - INFO - 已创建或确认目录 speed 存在。
2025-03-04 04:40:36,182 - INFO - 清理旧CSV文件...
2025-03-04 04:40:36,187 - INFO - 已删除旧CSV文件：csv/ipv6/ipv6_20250302_233214.csv
2025-03-04 04:40:39,138 - INFO - 使用默认区域列表: ['HKG', 'LAX', 'NRT', 'SIN', 'FRA', 'ICN']
2025-03-04 04:40:39,139 - INFO - 批量测试模式启用，参数设置为 dn=10, p=10
2025-03-04 04:40:39,151 - INFO - 从文件 cfip/ipv6.txt 中删除条目: 2606:4700:3036:c1ad:f135:3c6d:8d6b:f423#🇭🇰HK
2025-03-04 04:40:39,152 - INFO - 从文件 cfip/ipv6.txt 中删除条目: 2606:4700:3035:0:9c:7324:c44e:ecbd#🇭🇰HK
2025-03-04 04:40:39,153 - INFO - 从文件 cfip/ipv6.txt 中删除条目: 2606:4700:3034:0:319e:4898:5e08:2d73#🇭🇰HK
2025-03-04 04:40:39,154 - INFO - 从文件 cfip/ipv6.txt 中删除条目: 2a06:98c1:3122::5c6e:380:f1bb#🇭🇰HK
2025-03-04 04:40:39,154 - INFO - 从文件 cfip/ipv6.txt 中删除条目: 2606:4700:3034:fd:8a0c:dc17:6d41:3f45#🇭🇰HK
2025-03-04 04:40:39,155 - INFO - 从文件 cfip/ipv6.txt 中删除条目: 2a06:98c1:3121:237:86b6:e56b:8182:d9a4#🇭🇰HK
2025-03-04 04:40:39,155 - INFO - 从文件 cfip/ipv6.txt 中删除条目: 2606:4700:a8:ac59:2635:52e8:648d:354#🇭🇰HK
2025-03-04 04:40:39,156 - INFO - 从文件 cfip/ipv6.txt 中删除条目: 2606:4700:3035:c:b4ec:f18b:c7ce:2962#🇭🇰HK
2025-03-04 04:40:39,156 - INFO - 从文件 cfip/ipv6.txt 中删除条目: 2606:4700:3037:0:5c73:42b4:5c47:c84c#🇭🇰HK
2025-03-04 04:40:39,156 - INFO - 从文件 cfip/ipv6.txt 中删除条目: 2606:4700:3034:6962:d64:74f5:cc13:3ba8#🇭🇰HK
2025-03-04 04:40:39,157 - INFO - 从文件 cfip/ipv6.txt 中删除条目: 2606:4700:3035:abb3:6280:3858:7bd7:ce2a#🇭🇰HK
2025-03-04 04:40:39,157 - INFO - 从文件 cfip/ipv6.txt 中删除条目: 2606:4700:3035:ab69:a73d:bbc5:895f:737d#🇭🇰HK
2025-03-04 04:40:39,158 - INFO - 从文件 cfip/ipv6.txt 中删除条目: 2606:4700:3034:0:319e:48a5:b2ab:ef03#🇭🇰HK
2025-03-04 04:40:39,158 - INFO - 从文件 cfip/ipv6.txt 中删除条目: 2606:4700:3031:b6e8:ec46:bab9:1ebb:978f#🇭🇰HK
2025-03-04 04:40:39,159 - INFO - 从文件 cfip/ipv6.txt 中删除条目: 2606:4700:3032:e2:27cd:ba15:bdf3:961e#🇭🇰HK
2025-03-04 04:40:39,159 - INFO - 从文件 cfip/ipv6.txt 中删除条目: 2606:4700:3031:0:f3e1:485e:d1a:42d9#🇭🇰HK
2025-03-04 04:40:39,160 - INFO - 从文件 cfip/ipv6.txt 中删除条目: 2606:4700:3031:0:cecd:75de:a71f:3373#🇭🇰HK
2025-03-04 04:40:39,160 - INFO - 从文件 cfip/ipv6.txt 中删除条目: 2a06:98c1:3120:afac:e594:a165:1bac:ad60#🇭🇰HK
2025-03-04 04:40:39,160 - INFO - 从文件 cfip/ipv6.txt 中删除条目: 2606:4700:3037:8c2c:d645:9a94:3f75:b2c8#🇭🇰HK
2025-03-04 04:40:39,161 - INFO - 从文件 cfip/ipv6.txt 中删除条目: 2606:4700:3034:fb:ee9a:d1cc:6e6d:f510#🇭🇰HK
2025-03-04 04:40:39,166 - INFO - 从文件 port/ipv6.txt 中删除条目: [2606:4700:3036:c1ad:f135:3c6d:8d6b:f423]:443#🇭🇰HK┃74.97ms
2025-03-04 04:40:39,166 - INFO - 从文件 port/ipv6.txt 中删除条目: [2606:4700:3035:0:9c:7324:c44e:ecbd]:443#🇭🇰HK┃75.06ms
2025-03-04 04:40:39,166 - INFO - 从文件 port/ipv6.txt 中删除条目: [2606:4700:3034:0:319e:4898:5e08:2d73]:443#🇭🇰HK┃75.61ms
2025-03-04 04:40:39,166 - INFO - 从文件 port/ipv6.txt 中删除条目: [2a06:98c1:3122::5c6e:380:f1bb]:443#🇭🇰HK┃77.91ms
2025-03-04 04:40:39,167 - INFO - 从文件 port/ipv6.txt 中删除条目: [2606:4700:3034:fd:8a0c:dc17:6d41:3f45]:443#🇭🇰HK┃78.4ms
2025-03-04 04:40:39,167 - INFO - 从文件 port/ipv6.txt 中删除条目: [2a06:98c1:3121:237:86b6:e56b:8182:d9a4]:443#🇭🇰HK┃78.45ms
2025-03-04 04:40:39,167 - INFO - 从文件 port/ipv6.txt 中删除条目: [2606:4700:a8:ac59:2635:52e8:648d:354]:443#🇭🇰HK┃79.59ms
2025-03-04 04:40:39,167 - INFO - 从文件 port/ipv6.txt 中删除条目: [2606:4700:3035:c:b4ec:f18b:c7ce:2962]:443#🇭🇰HK┃81.51ms
2025-03-04 04:40:39,167 - INFO - 从文件 port/ipv6.txt 中删除条目: [2606:4700:3037:0:5c73:42b4:5c47:c84c]:443#🇭🇰HK┃81.55ms
2025-03-04 04:40:39,167 - INFO - 从文件 port/ipv6.txt 中删除条目: [2606:4700:3034:6962:d64:74f5:cc13:3ba8]:443#🇭🇰HK┃81.6ms
2025-03-04 04:40:39,168 - INFO - 从文件 port/ipv6.txt 中删除条目: [2606:4700:3035:abb3:6280:3858:7bd7:ce2a]:443#🇭🇰HK┃82.33ms
2025-03-04 04:40:39,168 - INFO - 从文件 port/ipv6.txt 中删除条目: [2606:4700:3035:ab69:a73d:bbc5:895f:737d]:443#🇭🇰HK┃82.63ms
2025-03-04 04:40:39,168 - INFO - 从文件 port/ipv6.txt 中删除条目: [2606:4700:3034:0:319e:48a5:b2ab:ef03]:443#🇭🇰HK┃82.94ms
2025-03-04 04:40:39,168 - INFO - 从文件 port/ipv6.txt 中删除条目: [2606:4700:3031:b6e8:ec46:bab9:1ebb:978f]:443#🇭🇰HK┃83.27ms
2025-03-04 04:40:39,168 - INFO - 从文件 port/ipv6.txt 中删除条目: [2606:4700:3032:e2:27cd:ba15:bdf3:961e]:443#🇭🇰HK┃83.48ms
2025-03-04 04:40:39,168 - INFO - 从文件 port/ipv6.txt 中删除条目: [2606:4700:3031:0:f3e1:485e:d1a:42d9]:443#🇭🇰HK┃83.63ms
2025-03-04 04:40:39,169 - INFO - 从文件 port/ipv6.txt 中删除条目: [2606:4700:3031:0:cecd:75de:a71f:3373]:443#🇭🇰HK┃84.03ms
2025-03-04 04:40:39,169 - INFO - 从文件 port/ipv6.txt 中删除条目: [2a06:98c1:3120:afac:e594:a165:1bac:ad60]:443#🇭🇰HK┃84.45ms
2025-03-04 04:40:39,169 - INFO - 从文件 port/ipv6.txt 中删除条目: [2606:4700:3037:8c2c:d645:9a94:3f75:b2c8]:443#🇭🇰HK┃85.19ms
2025-03-04 04:40:39,169 - INFO - 从文件 port/ipv6.txt 中删除条目: [2606:4700:3034:fb:ee9a:d1cc:6e6d:f510]:443#🇭🇰HK┃85.43ms
2025-03-04 04:40:39,171 - INFO - 正在测试区域: HKG,LAX,NRT,SIN,FRA,ICN，模式: HTTPing
2025-03-04 04:41:27,718 - WARNING - 未生成 csv/resultipv6.csv 文件，正在新建一个空的 csv/resultipv6.csv 文件。
2025-03-04 04:41:27,721 - INFO - 已新建 csv/resultipv6.csv 文件。
2025-03-04 04:41:27,723 - INFO - 变更已提交到GitHub
