2025-02-14 14:45:10,983 - INFO - 已创建或确认目录 csv 存在。
2025-02-14 14:45:10,984 - INFO - 已创建或确认目录 logs 存在。
2025-02-14 14:45:10,985 - INFO - 已创建或确认目录 port 存在。
2025-02-14 14:45:10,986 - INFO - 已创建或确认目录 cfip 存在。
2025-02-14 14:45:10,987 - INFO - 已创建或确认目录 speed 存在。
2025-02-14 14:45:10,991 - INFO - 原始 MD5: d41d8cd98f00b204e9800998ecf8427e
2025-02-14 14:45:10,992 - INFO - 已清空 cfip/fd.txt 文件。
2025-02-14 14:45:10,996 - INFO - 已清空 port/fdport.txt 文件。
2025-02-14 14:45:10,997 - INFO - 检测到系统架构为 aarch64，将下载对应的 CloudflareST 版本: https://github.com/XIU2/CloudflareSpeedTest/releases/download/v2.2.5/CloudflareST_linux_arm64.tar.gz
2025-02-14 14:45:10,997 - INFO - 正在执行 git pull...
2025-02-14 14:45:15,157 - INFO - git pull 成功，本地仓库已更新。
2025-02-14 14:45:15,158 - INFO - 正在下载最新 proxy.txt 文件...
2025-02-14 14:45:17,431 - INFO - proxy.txt 下载成功，已覆盖旧文件
2025-02-14 14:45:17,439 - INFO - 正在测试区域: HKG
2025-02-14 14:45:25,766 - INFO - csv/resultfd.csv 文件已存在，无需新建。
2025-02-14 14:45:25,767 - WARNING - 文件 csv/resultfd.csv 为空，跳过读取。
2025-02-14 14:45:25,768 - INFO - 正在测试区域: SJC
2025-02-14 14:45:34,617 - INFO - csv/resultfd.csv 文件已存在，无需新建。
2025-02-14 14:45:34,618 - WARNING - 文件 csv/resultfd.csv 为空，跳过读取。
2025-02-14 14:45:34,618 - INFO - 正在测试区域: SEA
2025-02-14 14:45:44,700 - INFO - csv/resultfd.csv 文件已存在，无需新建。
2025-02-14 14:45:44,701 - WARNING - 文件 csv/resultfd.csv 为空，跳过读取。
2025-02-14 14:45:44,702 - INFO - 正在测试区域: LAX
2025-02-14 14:45:54,776 - INFO - csv/resultfd.csv 文件已存在，无需新建。
2025-02-14 14:45:54,777 - WARNING - 文件 csv/resultfd.csv 为空，跳过读取。
2025-02-14 14:45:54,778 - INFO - 正在测试区域: FRA
2025-02-14 14:46:04,859 - INFO - csv/resultfd.csv 文件已存在，无需新建。
2025-02-14 14:46:04,860 - WARNING - 文件 csv/resultfd.csv 为空，跳过读取。
2025-02-14 14:46:04,860 - INFO - 正在测试区域: ICN
2025-02-14 14:46:14,935 - INFO - csv/resultfd.csv 文件已存在，无需新建。
2025-02-14 14:46:14,937 - WARNING - 文件 csv/resultfd.csv 为空，跳过读取。
2025-02-14 14:46:14,937 - INFO - 正在测试区域: TPE
2025-02-14 14:46:25,005 - INFO - csv/resultfd.csv 文件已存在，无需新建。
2025-02-14 14:46:25,006 - WARNING - 文件 csv/resultfd.csv 为空，跳过读取。
2025-02-14 14:46:25,007 - INFO - 正在测试区域: NRT
2025-02-14 14:46:35,084 - INFO - csv/resultfd.csv 文件已存在，无需新建。
2025-02-14 14:46:35,085 - WARNING - 文件 csv/resultfd.csv 为空，跳过读取。
2025-02-14 14:46:35,086 - INFO - 正在测试区域: SIN
2025-02-14 14:46:45,157 - INFO - csv/resultfd.csv 文件已存在，无需新建。
2025-02-14 14:46:45,158 - WARNING - 文件 csv/resultfd.csv 为空，跳过读取。
2025-02-14 14:46:45,164 - ERROR - 文件 speed/fd.txt 不存在
2025-02-14 14:46:45,165 - WARNING - 没有找到可用的 IP 地址
2025-02-14 14:46:45,169 - INFO - 新 MD5: d41d8cd98f00b204e9800998ecf8427e
2025-02-14 14:46:45,170 - INFO - 正在执行 DNS 记录检查脚本...
2025-02-14 14:52:36,689 - INFO - DNS 记录检查脚本执行完成。
2025-02-14 14:52:36,693 - INFO - 脚本执行完成。
2025-02-14 14:52:36,695 - INFO - fd.txt 文件内容未变化，跳过 GitHub 提交。
