2025-02-14 19:58:24,174 - INFO - 已创建或确认目录 csv 存在。
2025-02-14 19:58:24,174 - INFO - 已创建或确认目录 logs 存在。
2025-02-14 19:58:24,174 - INFO - 已创建或确认目录 port 存在。
2025-02-14 19:58:24,174 - INFO - 已创建或确认目录 cfip 存在。
2025-02-14 19:58:24,175 - INFO - 已创建或确认目录 speed 存在。
2025-02-14 19:58:24,177 - INFO - 原始 MD5: d41d8cd98f00b204e9800998ecf8427e
2025-02-14 19:58:24,177 - INFO - 已清空 cfip/ipv6.txt 文件。
2025-02-14 19:58:24,178 - INFO - 已清空 port/ipv6.txt 文件。
2025-02-14 19:58:24,178 - INFO - 检测到系统架构为 aarch64，将下载对应的 CloudflareST 版本: https://github.com/XIU2/CloudflareSpeedTest/releases/download/v2.2.5/CloudflareST_linux_arm64.tar.gz
2025-02-14 19:58:24,178 - INFO - 正在执行 git pull...
2025-02-14 19:58:28,174 - INFO - git pull 成功，本地仓库已更新。
2025-02-14 19:58:28,175 - INFO - 正在测试区域: HKG
2025-02-14 20:02:44,028 - INFO - csv/resultv6.csv 文件已存在，无需新建。
2025-02-14 20:02:44,031 - INFO - 区域 HKG 提取到的 IP 地址数量: 10
2025-02-14 20:02:44,033 - INFO - 写入: 2606:4700:3031:1e:708c:eef5:a6b7:64fa#🇭🇰HKG
2025-02-14 20:02:44,034 - INFO - 写入: 2606:4700:3031::d249:2202:c62d#🇭🇰HKG
2025-02-14 20:02:44,034 - INFO - 写入: 2606:4700:3031:0:98:66ae:5533:186a#🇭🇰HKG
2025-02-14 20:02:44,035 - INFO - 写入: 2606:4700:3031:0:98:fccf:1072:e9aa#🇭🇰HKG
2025-02-14 20:02:44,035 - INFO - 写入: 2606:4700:3031:0:7b:ad29:c108:3785#🇭🇰HKG
2025-02-14 20:02:44,036 - INFO - 写入: 2606:4700:3031:cf:1f39:8b3b:fd07:9883#🇭🇰HKG
2025-02-14 20:02:44,036 - INFO - 写入: 2606:4700:3031:cf:1f39:8b3b:fda0:6fec#🇭🇰HKG
2025-02-14 20:02:44,036 - INFO - 写入: 2606:4700:3031:cf:1f39:43d:9272:b5fd#🇭🇰HKG
2025-02-14 20:02:44,037 - INFO - 写入: 2606:4700:3031:0:98:fca0:a694:9cfc#🇭🇰HKG
2025-02-14 20:02:44,037 - INFO - 写入: 2606:4700:3031:0:98:fc72:f1e6:635c#🇭🇰HKG
2025-02-14 20:02:44,038 - INFO - 提取的 IP 地址和 colo 信息已保存到 cfip/ipv6.txt
2025-02-14 20:02:44,039 - INFO - 写入: [2606:4700:3031:1e:708c:eef5:a6b7:64fa]:2096#🇭🇰HKG┃IPV6
2025-02-14 20:02:44,040 - INFO - 写入: [2606:4700:3031::d249:2202:c62d]:2096#🇭🇰HKG┃IPV6
2025-02-14 20:02:44,040 - INFO - 写入: [2606:4700:3031:0:98:66ae:5533:186a]:2096#🇭🇰HKG┃IPV6
2025-02-14 20:02:44,041 - INFO - 写入: [2606:4700:3031:0:98:fccf:1072:e9aa]:2096#🇭🇰HKG┃IPV6
2025-02-14 20:02:44,041 - INFO - 写入: [2606:4700:3031:0:7b:ad29:c108:3785]:2096#🇭🇰HKG┃IPV6
2025-02-14 20:02:44,042 - INFO - 写入: [2606:4700:3031:cf:1f39:8b3b:fd07:9883]:2096#🇭🇰HKG┃IPV6
2025-02-14 20:02:44,042 - INFO - 写入: [2606:4700:3031:cf:1f39:8b3b:fda0:6fec]:2096#🇭🇰HKG┃IPV6
2025-02-14 20:02:44,042 - INFO - 写入: [2606:4700:3031:cf:1f39:43d:9272:b5fd]:2096#🇭🇰HKG┃IPV6
2025-02-14 20:02:44,043 - INFO - 写入: [2606:4700:3031:0:98:fca0:a694:9cfc]:2096#🇭🇰HKG┃IPV6
2025-02-14 20:02:44,043 - INFO - 写入: [2606:4700:3031:0:98:fc72:f1e6:635c]:2096#🇭🇰HKG┃IPV6
2025-02-14 20:02:44,044 - INFO - IP 地址、端口、colo 信息已追加到 port/ipv6.txt
2025-02-14 20:02:44,044 - INFO - 区域 HKG 未找到下载速度大于 10 MB/s 的 IP，跳过写入操作。
2025-02-14 20:02:44,045 - INFO - 已清空 csv/resultv6.csv 文件。
2025-02-14 20:02:44,045 - INFO - 正在测试区域: SJC
2025-02-14 20:08:09,910 - INFO - csv/resultv6.csv 文件已存在，无需新建。
2025-02-14 20:08:09,912 - INFO - 区域 SJC 提取到的 IP 地址数量: 10
2025-02-14 20:08:09,915 - INFO - 写入: 2606:4700:3032:0:afde:d4d8:422c:40ee#🇺🇸SJC
2025-02-14 20:08:09,916 - INFO - 写入: 2606:4700:3036:cfe2:c29d:652d:d1d6:6526#🇺🇸SJC
2025-02-14 20:08:09,916 - INFO - 写入: 2606:4700:3036:cfe2:c29d:652d:d154:4c47#🇺🇸SJC
2025-02-14 20:08:09,917 - INFO - 写入: 2606:4700:3037:80d8:c7ee:cee2:aac9:7bb1#🇺🇸SJC
2025-02-14 20:08:09,918 - INFO - 写入: 2606:4700:3036:cfe2:c29d:652d:d10a:a4e2#🇺🇸SJC
2025-02-14 20:08:09,918 - INFO - 写入: 2606:4700:3032:90d7:fbdc:dd9c:2438:507c#🇺🇸SJC
2025-02-14 20:08:09,920 - INFO - 写入: 2606:4700:3032:90d7:64ef:f0ea:11cc:fac5#🇺🇸SJC
2025-02-14 20:08:09,920 - INFO - 写入: 2606:4700:3036:0:adb7:80da:31d3:3a75#🇺🇸SJC
2025-02-14 20:08:09,921 - INFO - 写入: 2606:4700:3034:dfff:f250:5194:ef:5285#🇺🇸SJC
2025-02-14 20:08:09,921 - INFO - 写入: 2606:4700:3036:f6:697f:f255:b08a:4158#🇺🇸SJC
2025-02-14 20:08:09,931 - INFO - 提取的 IP 地址和 colo 信息已保存到 cfip/ipv6.txt
2025-02-14 20:08:09,933 - INFO - 写入: [2606:4700:3032:0:afde:d4d8:422c:40ee]:8443#🇺🇸SJC┃IPV6
2025-02-14 20:08:09,933 - INFO - 写入: [2606:4700:3036:cfe2:c29d:652d:d1d6:6526]:8443#🇺🇸SJC┃IPV6
2025-02-14 20:08:09,934 - INFO - 写入: [2606:4700:3036:cfe2:c29d:652d:d154:4c47]:8443#🇺🇸SJC┃IPV6
2025-02-14 20:08:09,934 - INFO - 写入: [2606:4700:3037:80d8:c7ee:cee2:aac9:7bb1]:8443#🇺🇸SJC┃IPV6
2025-02-14 20:08:09,934 - INFO - 写入: [2606:4700:3036:cfe2:c29d:652d:d10a:a4e2]:8443#🇺🇸SJC┃IPV6
2025-02-14 20:08:09,935 - INFO - 写入: [2606:4700:3032:90d7:fbdc:dd9c:2438:507c]:8443#🇺🇸SJC┃IPV6
2025-02-14 20:08:09,935 - INFO - 写入: [2606:4700:3032:90d7:64ef:f0ea:11cc:fac5]:8443#🇺🇸SJC┃IPV6
2025-02-14 20:08:09,935 - INFO - 写入: [2606:4700:3036:0:adb7:80da:31d3:3a75]:8443#🇺🇸SJC┃IPV6
2025-02-14 20:08:09,936 - INFO - 写入: [2606:4700:3034:dfff:f250:5194:ef:5285]:8443#🇺🇸SJC┃IPV6
2025-02-14 20:08:09,936 - INFO - 写入: [2606:4700:3036:f6:697f:f255:b08a:4158]:8443#🇺🇸SJC┃IPV6
2025-02-14 20:08:09,938 - INFO - IP 地址、端口、colo 信息已追加到 port/ipv6.txt
2025-02-14 20:08:09,939 - INFO - 区域 SJC 未找到下载速度大于 10 MB/s 的 IP，跳过写入操作。
2025-02-14 20:08:09,940 - INFO - 已清空 csv/resultv6.csv 文件。
2025-02-14 20:08:09,940 - INFO - 正在测试区域: LAX
2025-02-14 20:12:44,326 - INFO - csv/resultv6.csv 文件已存在，无需新建。
2025-02-14 20:12:44,327 - INFO - 区域 LAX 提取到的 IP 地址数量: 10
2025-02-14 20:12:44,328 - INFO - 写入: 2606:4700:3032:5907:4365:f23c:ca76:eb94#🇺🇸LAX
2025-02-14 20:12:44,329 - INFO - 写入: 2606:4700:3037:0:a3:5538:cd85:c5b8#🇺🇸LAX
2025-02-14 20:12:44,329 - INFO - 写入: 2606:4700:3032:5907:9a6c:723c:9c1e:245c#🇺🇸LAX
2025-02-14 20:12:44,330 - INFO - 写入: 2606:4700:3032:b73d:efe2:3814:8faf:d431#🇺🇸LAX
2025-02-14 20:12:44,330 - INFO - 写入: 2606:4700:3034::9e:da12:8755#🇺🇸LAX
2025-02-14 20:12:44,330 - INFO - 写入: 2606:4700:3034:5b:68a6:4674:2749:fe53#🇺🇸LAX
2025-02-14 20:12:44,331 - INFO - 写入: 2606:4700:3037::d45b:d882:e0b#🇺🇸LAX
2025-02-14 20:12:44,331 - INFO - 写入: 2606:4700:3032:0:5bf5:380e:5062:fb86#🇺🇸LAX
2025-02-14 20:12:44,331 - INFO - 写入: 2606:4700:3032:98:345:f299:a11a:6097#🇺🇸LAX
2025-02-14 20:12:44,332 - INFO - 写入: 2606:4700:3032:5907:4382:ee20:c275:eb7e#🇺🇸LAX
2025-02-14 20:12:44,336 - INFO - 提取的 IP 地址和 colo 信息已保存到 cfip/ipv6.txt
2025-02-14 20:12:44,337 - INFO - 写入: [2606:4700:3032:5907:4365:f23c:ca76:eb94]:2087#🇺🇸LAX┃IPV6
2025-02-14 20:12:44,338 - INFO - 写入: [2606:4700:3037:0:a3:5538:cd85:c5b8]:2087#🇺🇸LAX┃IPV6
2025-02-14 20:12:44,338 - INFO - 写入: [2606:4700:3032:5907:9a6c:723c:9c1e:245c]:2087#🇺🇸LAX┃IPV6
2025-02-14 20:12:44,338 - INFO - 写入: [2606:4700:3032:b73d:efe2:3814:8faf:d431]:2087#🇺🇸LAX┃IPV6
2025-02-14 20:12:44,339 - INFO - 写入: [2606:4700:3034::9e:da12:8755]:2087#🇺🇸LAX┃IPV6
2025-02-14 20:12:44,339 - INFO - 写入: [2606:4700:3034:5b:68a6:4674:2749:fe53]:2087#🇺🇸LAX┃IPV6
2025-02-14 20:12:44,339 - INFO - 写入: [2606:4700:3037::d45b:d882:e0b]:2087#🇺🇸LAX┃IPV6
2025-02-14 20:12:44,340 - INFO - 写入: [2606:4700:3032:0:5bf5:380e:5062:fb86]:2087#🇺🇸LAX┃IPV6
2025-02-14 20:12:44,340 - INFO - 写入: [2606:4700:3032:98:345:f299:a11a:6097]:2087#🇺🇸LAX┃IPV6
2025-02-14 20:12:44,340 - INFO - 写入: [2606:4700:3032:5907:4382:ee20:c275:eb7e]:2087#🇺🇸LAX┃IPV6
2025-02-14 20:12:44,342 - INFO - IP 地址、端口、colo 信息已追加到 port/ipv6.txt
2025-02-14 20:12:44,342 - INFO - 区域 LAX 未找到下载速度大于 10 MB/s 的 IP，跳过写入操作。
2025-02-14 20:12:44,343 - INFO - 已清空 csv/resultv6.csv 文件。
2025-02-14 20:12:44,344 - INFO - 加载 0 个 IP 地址
2025-02-14 20:12:44,344 - WARNING - 没有找到可用的 IP 地址
2025-02-14 20:12:44,345 - INFO - 新 MD5: 667d6d35f22f37d6d475cd72e84a80b6
2025-02-14 20:12:44,345 - INFO - 正在调用 checker.py 检查 IP 列表...
2025-02-14 20:14:17,907 - INFO - checker.py 执行完成。
2025-02-14 20:14:17,907 - INFO - 正在执行 DNS 记录检查脚本...
2025-02-14 20:15:15,153 - INFO - DNS 记录检查脚本执行完成。
2025-02-14 20:15:15,154 - INFO - 脚本执行完成。
2025-02-14 20:15:15,154 - INFO - 变更已提交到GitHub
