2025-02-16 23:06:22,814 - INFO - 已创建或确认目录 csv 存在。
2025-02-16 23:06:22,814 - INFO - 已创建或确认目录 logs 存在。
2025-02-16 23:06:22,815 - INFO - 已创建或确认目录 port 存在。
2025-02-16 23:06:22,815 - INFO - 已创建或确认目录 cfip 存在。
2025-02-16 23:06:22,815 - INFO - 已创建或确认目录 speed 存在。
2025-02-16 23:06:22,817 - INFO - 原始 MD5: 0f977a559273c0eb53bb5f85024ccea9
2025-02-16 23:06:22,818 - INFO - 已清空 cfip/fd.txt 文件。
2025-02-16 23:06:22,820 - INFO - 已清空 port/fd.txt 文件。
2025-02-16 23:06:22,820 - INFO - 检测到系统架构为 aarch64，将下载对应的 CloudflareST 版本: https://github.com/XIU2/CloudflareSpeedTest/releases/download/v2.2.5/CloudflareST_linux_arm64.tar.gz
2025-02-16 23:06:22,820 - INFO - 正在执行 git pull...
2025-02-16 23:06:26,718 - INFO - git pull 成功，本地仓库已更新。
2025-02-16 23:06:26,718 - INFO - 正在下载最新 proxy.txt 文件...
2025-02-16 23:06:29,130 - INFO - proxy.txt 下载成功，已覆盖旧文件
2025-02-16 23:06:29,135 - INFO - 正在测试区域: HKG
2025-02-16 23:06:37,562 - INFO - csv/resultfd.csv 文件已存在，无需新建。
2025-02-16 23:06:37,563 - WARNING - 文件 csv/fd/HKG-FD.csv 不存在，无法删除
2025-02-16 23:06:37,563 - WARNING - 文件 csv/resultfd.csv 为空，跳过读取。
2025-02-16 23:06:37,564 - INFO - 正在测试区域: SJC
2025-02-16 23:06:56,043 - INFO - csv/resultfd.csv 文件已存在，无需新建。
2025-02-16 23:06:56,052 - INFO - 已成功删除文件 csv/fd/SJC-FD.csv
2025-02-16 23:06:56,053 - INFO - 区域 SJC 提取到的 IP 地址数量: 1
2025-02-16 23:06:56,053 - INFO - 写入: 194.36.24.34#🇺🇸SJC
2025-02-16 23:06:56,053 - INFO - 提取的 IP 地址和 colo 信息已保存到 cfip/fd.txt
2025-02-16 23:06:56,054 - INFO - 写入: 194.36.24.34:443#🇺🇸SJC┃193.45ms
2025-02-16 23:06:56,054 - INFO - IP地址、端口、colo信息及延迟已追加到 port/fd.txt
2025-02-16 23:06:56,054 - INFO - 区域 SJC 未找到下载速度大于 10 MB/s 的 IP，跳过写入操作。
2025-02-16 23:06:56,055 - INFO - 已将 csv/resultfd.csv 复制为 csv/fd/SJC-FD.csv
2025-02-16 23:06:56,055 - INFO - 已清空 csv/resultfd.csv 文件。
2025-02-16 23:06:56,056 - INFO - 正在测试区域: SEA
2025-02-16 23:07:04,506 - INFO - csv/resultfd.csv 文件已存在，无需新建。
2025-02-16 23:07:04,507 - WARNING - 文件 csv/fd/SEA-FD.csv 不存在，无法删除
2025-02-16 23:07:04,508 - WARNING - 文件 csv/resultfd.csv 为空，跳过读取。
2025-02-16 23:07:04,508 - INFO - 正在测试区域: LAX
2025-02-16 23:07:13,589 - INFO - csv/resultfd.csv 文件已存在，无需新建。
2025-02-16 23:07:13,591 - INFO - 已成功删除文件 csv/fd/LAX-FD.csv
2025-02-16 23:07:13,591 - WARNING - 文件 csv/resultfd.csv 为空，跳过读取。
2025-02-16 23:07:13,592 - INFO - 正在测试区域: FRA
2025-02-16 23:07:22,157 - INFO - csv/resultfd.csv 文件已存在，无需新建。
2025-02-16 23:07:22,158 - INFO - 已成功删除文件 csv/fd/FRA-FD.csv
2025-02-16 23:07:22,159 - WARNING - 文件 csv/resultfd.csv 为空，跳过读取。
2025-02-16 23:07:22,159 - INFO - 新 MD5: 07ad6d24a420e603fa275daa53db2879
2025-02-16 23:07:22,160 - INFO - 正在调用 checker.py 检查 IP 列表...
2025-02-16 23:07:23,912 - INFO - checker.py 执行完成。
2025-02-16 23:07:23,912 - INFO - 正在执行 DNS 记录检查脚本...
2025-02-16 23:09:53,020 - INFO - DNS 记录检查脚本执行完成。
2025-02-16 23:09:53,022 - INFO - 脚本执行完成。
2025-02-16 23:09:53,024 - INFO - 变更已提交到GitHub
