2025-02-13 23:51:45,807 - INFO - 已创建或确认目录 csv 存在。
2025-02-13 23:51:45,807 - INFO - 已创建或确认目录 logs 存在。
2025-02-13 23:51:45,807 - INFO - 已创建或确认目录 port 存在。
2025-02-13 23:51:45,807 - INFO - 已创建或确认目录 cfip 存在。
2025-02-13 23:51:45,807 - INFO - 已创建或确认目录 speed 存在。
2025-02-13 23:51:45,808 - INFO - 原始 MD5: ecf94a597b6f6f1f52e968cebb5e9c3f
2025-02-13 23:51:45,808 - INFO - 已清空 cfip/ipv6.txt 文件。
2025-02-13 23:51:45,808 - INFO - 已清空 port/ipv6port.txt 文件。
2025-02-13 23:51:45,809 - INFO - 检测到系统架构为 aarch64，将下载对应的 CloudflareST 版本: https://github.com/XIU2/CloudflareSpeedTest/releases/download/v2.2.5/CloudflareST_linux_arm64.tar.gz
2025-02-13 23:51:45,809 - INFO - 正在执行 git pull...
2025-02-13 23:51:50,920 - INFO - git pull 成功，本地仓库已更新。
2025-02-13 23:51:50,922 - INFO - 正在测试区域: HKG
2025-02-13 23:54:14,062 - INFO - csv/resultv6.csv 文件已存在，无需新建。
2025-02-13 23:54:14,067 - INFO - 区域 HKG 提取到的 IP 地址数量: 10
2025-02-13 23:54:14,068 - INFO - 写入: 2606:4700:a8:9bef:3bd5:2363:f02c:d0a0#🇭🇰HKG
2025-02-13 23:54:14,068 - INFO - 写入: 2606:4700:f4:b4d9:a578:df83:393f:c770#🇭🇰HKG
2025-02-13 23:54:14,069 - INFO - 写入: 2606:4700:3034:e900:2e2a:fde5:7e70:7145#🇭🇰HKG
2025-02-13 23:54:14,069 - INFO - 写入: 2a06:98c1:3120:3f:1fbc:23a5:142b:7c4c#🇭🇰HKG
2025-02-13 23:54:14,069 - INFO - 写入: 2a06:98c1:3120:bfca:6094:b53c:5910:58d3#🇭🇰HKG
2025-02-13 23:54:14,070 - INFO - 写入: 2606:4700:3037:d5:e6c:8131:ba2b:b52d#🇭🇰HKG
2025-02-13 23:54:14,070 - INFO - 写入: 2606:4700:3034:4d:ac08:b59d:d98a:8790#🇭🇰HKG
2025-02-13 23:54:14,070 - INFO - 写入: 2606:4700:a8:0:62:5a80:70a6:8216#🇭🇰HKG
2025-02-13 23:54:14,071 - INFO - 写入: 2a06:98c1:3120:9b5d:1f6c:647a:c9ae:f9e8#🇭🇰HKG
2025-02-13 23:54:14,071 - INFO - 写入: 2a06:98c1:3120:9b51:3082:50c4:8410:cf2f#🇭🇰HKG
2025-02-13 23:54:14,071 - INFO - 提取的 IP 地址和 colo 信息已保存到 cfip/ipv6.txt
2025-02-13 23:54:14,072 - INFO - 写入: [2606:4700:a8:9bef:3bd5:2363:f02c:d0a0]:2083#🇭🇰HKG┃IPV6
2025-02-13 23:54:14,072 - INFO - 写入: [2606:4700:f4:b4d9:a578:df83:393f:c770]:2083#🇭🇰HKG┃IPV6
2025-02-13 23:54:14,073 - INFO - 写入: [2606:4700:3034:e900:2e2a:fde5:7e70:7145]:2083#🇭🇰HKG┃IPV6
2025-02-13 23:54:14,073 - INFO - 写入: [2a06:98c1:3120:3f:1fbc:23a5:142b:7c4c]:2083#🇭🇰HKG┃IPV6
2025-02-13 23:54:14,073 - INFO - 写入: [2a06:98c1:3120:bfca:6094:b53c:5910:58d3]:2083#🇭🇰HKG┃IPV6
2025-02-13 23:54:14,074 - INFO - 写入: [2606:4700:3037:d5:e6c:8131:ba2b:b52d]:2083#🇭🇰HKG┃IPV6
2025-02-13 23:54:14,074 - INFO - 写入: [2606:4700:3034:4d:ac08:b59d:d98a:8790]:2083#🇭🇰HKG┃IPV6
2025-02-13 23:54:14,074 - INFO - 写入: [2606:4700:a8:0:62:5a80:70a6:8216]:2083#🇭🇰HKG┃IPV6
2025-02-13 23:54:14,075 - INFO - 写入: [2a06:98c1:3120:9b5d:1f6c:647a:c9ae:f9e8]:2083#🇭🇰HKG┃IPV6
2025-02-13 23:54:14,075 - INFO - 写入: [2a06:98c1:3120:9b51:3082:50c4:8410:cf2f]:2083#🇭🇰HKG┃IPV6
2025-02-13 23:54:14,075 - INFO - IP 地址、端口、colo 信息已追加到 port/ipv6port.txt
2025-02-13 23:54:14,077 - INFO - 区域 HKG 未找到下载速度大于 10 MB/s 的 IP，跳过写入操作。
2025-02-13 23:54:14,078 - INFO - 已清空 csv/resultv6.csv 文件。
2025-02-13 23:54:14,078 - INFO - 正在测试区域: SJC
2025-02-13 23:56:36,675 - INFO - csv/resultv6.csv 文件已存在，无需新建。
2025-02-13 23:56:36,677 - INFO - 区域 SJC 提取到的 IP 地址数量: 4
2025-02-13 23:56:36,678 - INFO - 写入: 2606:4700:a9:0:8c:b7cd:ea00:f59d#🇺🇸SJC
2025-02-13 23:56:36,679 - INFO - 写入: 2606:4700:130:2eeb:4db8:c56f:9c0e:ab3c#🇺🇸SJC
2025-02-13 23:56:36,679 - INFO - 写入: 2606:4700:130::d51b:fcbd:1853#🇺🇸SJC
2025-02-13 23:56:36,680 - INFO - 写入: 2606:4700:130:48cc:ecaa:680:1797:1f57#🇺🇸SJC
2025-02-13 23:56:36,680 - INFO - 提取的 IP 地址和 colo 信息已保存到 cfip/ipv6.txt
2025-02-13 23:56:36,681 - INFO - 写入: [2606:4700:a9:0:8c:b7cd:ea00:f59d]:443#🇺🇸SJC┃IPV6
2025-02-13 23:56:36,682 - INFO - 写入: [2606:4700:130:2eeb:4db8:c56f:9c0e:ab3c]:443#🇺🇸SJC┃IPV6
2025-02-13 23:56:36,682 - INFO - 写入: [2606:4700:130::d51b:fcbd:1853]:443#🇺🇸SJC┃IPV6
2025-02-13 23:56:36,683 - INFO - 写入: [2606:4700:130:48cc:ecaa:680:1797:1f57]:443#🇺🇸SJC┃IPV6
2025-02-13 23:56:36,683 - INFO - IP 地址、端口、colo 信息已追加到 port/ipv6port.txt
2025-02-13 23:56:36,684 - INFO - 区域 SJC 未找到下载速度大于 10 MB/s 的 IP，跳过写入操作。
2025-02-13 23:56:36,685 - INFO - 已清空 csv/resultv6.csv 文件。
2025-02-13 23:56:36,685 - INFO - 正在测试区域: LAX
2025-02-13 23:59:34,926 - INFO - csv/resultv6.csv 文件已存在，无需新建。
2025-02-13 23:59:34,928 - INFO - 区域 LAX 提取到的 IP 地址数量: 10
2025-02-13 23:59:34,930 - INFO - 写入: 2606:4700:3020:375e:c9a7:f276:e617:e642#🇺🇸LAX
2025-02-13 23:59:34,931 - INFO - 写入: 2a06:98c1:3108:4be6:b569:1324:f64:e5ea#🇺🇸LAX
2025-02-13 23:59:34,931 - INFO - 写入: 2606:4700:3023:4c91:1d6e:af57:8d9f:551c#🇺🇸LAX
2025-02-13 23:59:34,932 - INFO - 写入: 2606:4700:3023:d5:d8ac:8a14:d3ea:34d4#🇺🇸LAX
2025-02-13 23:59:34,932 - INFO - 写入: 2606:4700:3020:7b3f:7fcc:316b:95f:846#🇺🇸LAX
2025-02-13 23:59:34,932 - INFO - 写入: 2a06:98c1:310e:da23:5df0:9dcb:6bdc:6929#🇺🇸LAX
2025-02-13 23:59:34,933 - INFO - 写入: 2606:4700:3026:8db7:eb63:1f2a:42ca:ec85#🇺🇸LAX
2025-02-13 23:59:34,933 - INFO - 写入: 2606:4700:3016:f314:cee9:7eea:dfbd:c7e7#🇺🇸LAX
2025-02-13 23:59:34,934 - INFO - 写入: 2606:4700:3016:0:b50d:accb:aab8:3689#🇺🇸LAX
2025-02-13 23:59:34,934 - INFO - 写入: 2606:4700:3016::9593:fe71#🇺🇸LAX
2025-02-13 23:59:34,940 - INFO - 提取的 IP 地址和 colo 信息已保存到 cfip/ipv6.txt
2025-02-13 23:59:34,942 - INFO - 写入: [2606:4700:3020:375e:c9a7:f276:e617:e642]:443#🇺🇸LAX┃IPV6
2025-02-13 23:59:34,943 - INFO - 写入: [2a06:98c1:3108:4be6:b569:1324:f64:e5ea]:443#🇺🇸LAX┃IPV6
2025-02-13 23:59:34,943 - INFO - 写入: [2606:4700:3023:4c91:1d6e:af57:8d9f:551c]:443#🇺🇸LAX┃IPV6
2025-02-13 23:59:34,943 - INFO - 写入: [2606:4700:3023:d5:d8ac:8a14:d3ea:34d4]:443#🇺🇸LAX┃IPV6
2025-02-13 23:59:34,944 - INFO - 写入: [2606:4700:3020:7b3f:7fcc:316b:95f:846]:443#🇺🇸LAX┃IPV6
2025-02-13 23:59:34,944 - INFO - 写入: [2a06:98c1:310e:da23:5df0:9dcb:6bdc:6929]:443#🇺🇸LAX┃IPV6
2025-02-13 23:59:34,944 - INFO - 写入: [2606:4700:3026:8db7:eb63:1f2a:42ca:ec85]:443#🇺🇸LAX┃IPV6
2025-02-13 23:59:34,945 - INFO - 写入: [2606:4700:3016:f314:cee9:7eea:dfbd:c7e7]:443#🇺🇸LAX┃IPV6
2025-02-13 23:59:34,945 - INFO - 写入: [2606:4700:3016:0:b50d:accb:aab8:3689]:443#🇺🇸LAX┃IPV6
2025-02-13 23:59:34,946 - INFO - 写入: [2606:4700:3016::9593:fe71]:443#🇺🇸LAX┃IPV6
2025-02-13 23:59:34,948 - INFO - IP 地址、端口、colo 信息已追加到 port/ipv6port.txt
2025-02-13 23:59:34,949 - INFO - 区域 LAX 未找到下载速度大于 10 MB/s 的 IP，跳过写入操作。
2025-02-13 23:59:34,950 - INFO - 已清空 csv/resultv6.csv 文件。
2025-02-13 23:59:34,954 - INFO - 加载 0 个 IP 地址
2025-02-13 23:59:34,955 - WARNING - 没有找到可用的 IP 地址
2025-02-13 23:59:34,956 - INFO - 新 MD5: 6b265edcfae36efd255bee8b4327ef6a
2025-02-13 23:59:34,956 - INFO - 正在执行 DNS 记录检查脚本...
2025-02-14 00:01:17,849 - INFO - DNS 记录检查脚本执行完成。
2025-02-14 00:01:17,849 - INFO - 脚本执行完成。
2025-02-14 00:01:17,849 - INFO - 变更已提交到GitHub
