2025-02-09 13:53:13,131 - INFO - 已创建或确认目录 csv 存在。
2025-02-09 13:53:13,131 - INFO - 已创建或确认目录 logs 存在。
2025-02-09 13:53:13,131 - INFO - 已创建或确认目录 port 存在。
2025-02-09 13:53:13,131 - INFO - 已创建或确认目录 cfip 存在。
2025-02-09 13:53:13,132 - INFO - 已创建或确认目录 speed 存在。
2025-02-09 13:53:13,132 - INFO - 原始 MD5: 文件不存在
2025-02-09 13:53:13,132 - INFO - 已清空 cfip/ipv6.txt 文件。
2025-02-09 13:53:13,133 - INFO - 已清空 port/ipv6port.txt 文件。
2025-02-09 13:53:13,133 - INFO - 检测到系统架构为 aarch64，将下载对应的 CloudflareST 版本: https://github.com/XIU2/CloudflareSpeedTest/releases/download/v2.2.5/CloudflareST_linux_arm64.tar.gz
2025-02-09 13:53:13,133 - INFO - 正在执行 git pull...
2025-02-09 13:53:18,528 - INFO - git pull 成功，本地仓库已更新。
2025-02-09 13:53:18,529 - INFO - 正在测试区域: HKG
2025-02-09 13:53:24,190 - INFO - csv/resultv6.csv 文件已存在，无需新建。
2025-02-09 13:53:24,190 - WARNING - 文件 csv/resultv6.csv 为空，跳过读取。
2025-02-09 13:53:24,191 - INFO - 正在测试区域: SJC
2025-02-09 13:53:29,864 - INFO - csv/resultv6.csv 文件已存在，无需新建。
2025-02-09 13:53:29,864 - WARNING - 文件 csv/resultv6.csv 为空，跳过读取。
2025-02-09 13:53:29,864 - INFO - 正在测试区域: SEA
2025-02-09 13:53:35,706 - INFO - csv/resultv6.csv 文件已存在，无需新建。
2025-02-09 13:53:35,757 - WARNING - 文件 csv/resultv6.csv 为空，跳过读取。
2025-02-09 13:53:35,757 - INFO - 正在测试区域: LAX
2025-02-09 13:53:40,804 - INFO - csv/resultv6.csv 文件已存在，无需新建。
2025-02-09 13:53:40,804 - WARNING - 文件 csv/resultv6.csv 为空，跳过读取。
2025-02-09 13:53:40,808 - INFO - 正在测试区域: FRA
2025-02-09 13:53:46,794 - INFO - csv/resultv6.csv 文件已存在，无需新建。
2025-02-09 13:53:46,795 - WARNING - 文件 csv/resultv6.csv 为空，跳过读取。
2025-02-09 13:53:46,798 - INFO - 加载 17 个 IP 地址
2025-02-09 13:53:46,799 - INFO - 检测 IP: 2606:4700:f4:52:47b5:8b11:d97c:9f05:2087
2025-02-09 13:53:46,827 - WARNING - IP 2606:4700:f4:52:47b5:8b11:d97c:9f05 第 1 次 Ping 失败
2025-02-09 13:53:47,862 - WARNING - IP 2606:4700:f4:52:47b5:8b11:d97c:9f05 第 2 次 Ping 失败
2025-02-09 13:53:48,909 - WARNING - IP 2606:4700:f4:52:47b5:8b11:d97c:9f05 第 3 次 Ping 失败
2025-02-09 13:53:49,911 - WARNING - IP 2606:4700:f4:52:47b5:8b11:d97c:9f05 Ping 不可达，删除
2025-02-09 13:53:49,913 - INFO - IP 2606:4700:f4:52:47b5:8b11:d97c:9f05 已从文件中删除
2025-02-09 13:53:49,914 - INFO - 检测 IP: 2606:4700:a8:c7:9b27:433e:9914:6013:2087
2025-02-09 13:53:49,953 - WARNING - IP 2606:4700:a8:c7:9b27:433e:9914:6013 第 1 次 Ping 失败
2025-02-09 13:53:50,990 - WARNING - IP 2606:4700:a8:c7:9b27:433e:9914:6013 第 2 次 Ping 失败
2025-02-09 13:53:52,035 - WARNING - IP 2606:4700:a8:c7:9b27:433e:9914:6013 第 3 次 Ping 失败
2025-02-09 13:53:53,039 - WARNING - IP 2606:4700:a8:c7:9b27:433e:9914:6013 Ping 不可达，删除
2025-02-09 13:53:53,042 - INFO - IP 2606:4700:a8:c7:9b27:433e:9914:6013 已从文件中删除
2025-02-09 13:53:53,043 - INFO - 检测 IP: 2606:4700:3037:729d:9966:5391:4935:7d2c:2087
2025-02-09 13:53:53,083 - WARNING - IP 2606:4700:3037:729d:9966:5391:4935:7d2c 第 1 次 Ping 失败
2025-02-09 13:53:54,119 - WARNING - IP 2606:4700:3037:729d:9966:5391:4935:7d2c 第 2 次 Ping 失败
2025-02-09 13:53:55,156 - WARNING - IP 2606:4700:3037:729d:9966:5391:4935:7d2c 第 3 次 Ping 失败
2025-02-09 13:53:56,162 - WARNING - IP 2606:4700:3037:729d:9966:5391:4935:7d2c Ping 不可达，删除
2025-02-09 13:53:56,165 - INFO - IP 2606:4700:3037:729d:9966:5391:4935:7d2c 已从文件中删除
2025-02-09 13:53:56,166 - INFO - 检测 IP: 2606:4700:f4:52:9a55:17c0:370c:b77:2087
2025-02-09 13:53:56,205 - WARNING - IP 2606:4700:f4:52:9a55:17c0:370c:b77 第 1 次 Ping 失败
2025-02-09 13:53:57,256 - WARNING - IP 2606:4700:f4:52:9a55:17c0:370c:b77 第 2 次 Ping 失败
2025-02-09 13:53:58,301 - WARNING - IP 2606:4700:f4:52:9a55:17c0:370c:b77 第 3 次 Ping 失败
2025-02-09 13:53:59,303 - WARNING - IP 2606:4700:f4:52:9a55:17c0:370c:b77 Ping 不可达，删除
2025-02-09 13:53:59,306 - INFO - IP 2606:4700:f4:52:9a55:17c0:370c:b77 已从文件中删除
2025-02-09 13:53:59,306 - INFO - 检测 IP: 2606:4700:3036:ed9:830b:d75f:5c05:53aa:2087
2025-02-09 13:53:59,343 - WARNING - IP 2606:4700:3036:ed9:830b:d75f:5c05:53aa 第 1 次 Ping 失败
2025-02-09 13:54:00,397 - WARNING - IP 2606:4700:3036:ed9:830b:d75f:5c05:53aa 第 2 次 Ping 失败
2025-02-09 13:54:01,447 - WARNING - IP 2606:4700:3036:ed9:830b:d75f:5c05:53aa 第 3 次 Ping 失败
2025-02-09 13:54:02,450 - WARNING - IP 2606:4700:3036:ed9:830b:d75f:5c05:53aa Ping 不可达，删除
2025-02-09 13:54:02,452 - INFO - IP 2606:4700:3036:ed9:830b:d75f:5c05:53aa 已从文件中删除
2025-02-09 13:54:02,453 - INFO - 检测 IP: 2606:4700:3032:b022:1982:fc07:7fa6:5ffc:2087
2025-02-09 13:54:02,488 - WARNING - IP 2606:4700:3032:b022:1982:fc07:7fa6:5ffc 第 1 次 Ping 失败
2025-02-09 13:54:03,538 - WARNING - IP 2606:4700:3032:b022:1982:fc07:7fa6:5ffc 第 2 次 Ping 失败
2025-02-09 13:54:04,575 - WARNING - IP 2606:4700:3032:b022:1982:fc07:7fa6:5ffc 第 3 次 Ping 失败
2025-02-09 13:54:05,577 - WARNING - IP 2606:4700:3032:b022:1982:fc07:7fa6:5ffc Ping 不可达，删除
2025-02-09 13:54:05,579 - INFO - IP 2606:4700:3032:b022:1982:fc07:7fa6:5ffc 已从文件中删除
2025-02-09 13:54:05,580 - INFO - 检测 IP: 2606:4700:3037:0:e2b7:1a07:1528:5ca5:2087
2025-02-09 13:54:05,613 - WARNING - IP 2606:4700:3037:0:e2b7:1a07:1528:5ca5 第 1 次 Ping 失败
2025-02-09 13:54:06,666 - WARNING - IP 2606:4700:3037:0:e2b7:1a07:1528:5ca5 第 2 次 Ping 失败
2025-02-09 13:54:07,700 - WARNING - IP 2606:4700:3037:0:e2b7:1a07:1528:5ca5 第 3 次 Ping 失败
2025-02-09 13:54:08,703 - WARNING - IP 2606:4700:3037:0:e2b7:1a07:1528:5ca5 Ping 不可达，删除
2025-02-09 13:54:08,706 - INFO - IP 2606:4700:3037:0:e2b7:1a07:1528:5ca5 已从文件中删除
2025-02-09 13:54:08,707 - INFO - 检测 IP: 2606:4700:3032:50:89ed:9d4c:1cb5:4400:2087
2025-02-09 13:54:08,743 - WARNING - IP 2606:4700:3032:50:89ed:9d4c:1cb5:4400 第 1 次 Ping 失败
2025-02-09 13:54:09,784 - WARNING - IP 2606:4700:3032:50:89ed:9d4c:1cb5:4400 第 2 次 Ping 失败
2025-02-09 13:54:10,837 - WARNING - IP 2606:4700:3032:50:89ed:9d4c:1cb5:4400 第 3 次 Ping 失败
2025-02-09 13:54:11,841 - WARNING - IP 2606:4700:3032:50:89ed:9d4c:1cb5:4400 Ping 不可达，删除
2025-02-09 13:54:11,844 - INFO - IP 2606:4700:3032:50:89ed:9d4c:1cb5:4400 已从文件中删除
2025-02-09 13:54:11,844 - INFO - 检测 IP: 2606:4700:3033:7c3b:79b8:94da:5076:90ab:2087
2025-02-09 13:54:11,882 - WARNING - IP 2606:4700:3033:7c3b:79b8:94da:5076:90ab 第 1 次 Ping 失败
2025-02-09 13:54:12,924 - WARNING - IP 2606:4700:3033:7c3b:79b8:94da:5076:90ab 第 2 次 Ping 失败
2025-02-09 13:54:13,946 - WARNING - IP 2606:4700:3033:7c3b:79b8:94da:5076:90ab 第 3 次 Ping 失败
2025-02-09 13:54:14,954 - WARNING - IP 2606:4700:3033:7c3b:79b8:94da:5076:90ab Ping 不可达，删除
2025-02-09 13:54:14,955 - INFO - IP 2606:4700:3033:7c3b:79b8:94da:5076:90ab 已从文件中删除
2025-02-09 13:54:14,955 - INFO - 检测 IP: 2606:4700:3034:ca6f:a064:d81d:54a4:6cf:2087
2025-02-09 13:54:14,989 - WARNING - IP 2606:4700:3034:ca6f:a064:d81d:54a4:6cf 第 1 次 Ping 失败
2025-02-09 13:54:16,019 - WARNING - IP 2606:4700:3034:ca6f:a064:d81d:54a4:6cf 第 2 次 Ping 失败
2025-02-09 13:54:17,051 - WARNING - IP 2606:4700:3034:ca6f:a064:d81d:54a4:6cf 第 3 次 Ping 失败
2025-02-09 13:54:18,053 - WARNING - IP 2606:4700:3034:ca6f:a064:d81d:54a4:6cf Ping 不可达，删除
2025-02-09 13:54:18,055 - INFO - IP 2606:4700:3034:ca6f:a064:d81d:54a4:6cf 已从文件中删除
2025-02-09 13:54:18,055 - INFO - 检测 IP: 2606:4700:3036:ed9:830b:d714:8f77:da2:2087
2025-02-09 13:54:18,089 - WARNING - IP 2606:4700:3036:ed9:830b:d714:8f77:da2 第 1 次 Ping 失败
2025-02-09 13:54:19,143 - WARNING - IP 2606:4700:3036:ed9:830b:d714:8f77:da2 第 2 次 Ping 失败
2025-02-09 13:54:20,187 - WARNING - IP 2606:4700:3036:ed9:830b:d714:8f77:da2 第 3 次 Ping 失败
2025-02-09 13:54:21,193 - WARNING - IP 2606:4700:3036:ed9:830b:d714:8f77:da2 Ping 不可达，删除
2025-02-09 13:54:21,196 - INFO - IP 2606:4700:3036:ed9:830b:d714:8f77:da2 已从文件中删除
2025-02-09 13:54:21,197 - INFO - 检测 IP: 2606:4700:f4:b4a7:e56b:b6d5:bda9:c602:2087
2025-02-09 13:54:21,241 - WARNING - IP 2606:4700:f4:b4a7:e56b:b6d5:bda9:c602 第 1 次 Ping 失败
2025-02-09 13:54:22,259 - WARNING - IP 2606:4700:f4:b4a7:e56b:b6d5:bda9:c602 第 2 次 Ping 失败
2025-02-09 13:54:23,288 - WARNING - IP 2606:4700:f4:b4a7:e56b:b6d5:bda9:c602 第 3 次 Ping 失败
2025-02-09 13:54:24,289 - WARNING - IP 2606:4700:f4:b4a7:e56b:b6d5:bda9:c602 Ping 不可达，删除
2025-02-09 13:54:24,290 - INFO - IP 2606:4700:f4:b4a7:e56b:b6d5:bda9:c602 已从文件中删除
2025-02-09 13:54:24,291 - INFO - 检测 IP: 2a06:98c1:3121:0:ac63:ae5c:b347:5bfb:2087
2025-02-09 13:54:24,312 - WARNING - IP 2a06:98c1:3121:0:ac63:ae5c:b347:5bfb 第 1 次 Ping 失败
2025-02-09 13:54:25,334 - WARNING - IP 2a06:98c1:3121:0:ac63:ae5c:b347:5bfb 第 2 次 Ping 失败
2025-02-09 13:54:26,355 - WARNING - IP 2a06:98c1:3121:0:ac63:ae5c:b347:5bfb 第 3 次 Ping 失败
2025-02-09 13:54:27,357 - WARNING - IP 2a06:98c1:3121:0:ac63:ae5c:b347:5bfb Ping 不可达，删除
2025-02-09 13:54:27,359 - INFO - IP 2a06:98c1:3121:0:ac63:ae5c:b347:5bfb 已从文件中删除
2025-02-09 13:54:27,360 - INFO - 检测 IP: 2606:4700:f4:0:7993:cea4:ecb1:bca2:2087
2025-02-09 13:54:27,389 - WARNING - IP 2606:4700:f4:0:7993:cea4:ecb1:bca2 第 1 次 Ping 失败
2025-02-09 13:54:28,420 - WARNING - IP 2606:4700:f4:0:7993:cea4:ecb1:bca2 第 2 次 Ping 失败
2025-02-09 13:54:29,448 - WARNING - IP 2606:4700:f4:0:7993:cea4:ecb1:bca2 第 3 次 Ping 失败
2025-02-09 13:54:30,449 - WARNING - IP 2606:4700:f4:0:7993:cea4:ecb1:bca2 Ping 不可达，删除
2025-02-09 13:54:30,450 - INFO - IP 2606:4700:f4:0:7993:cea4:ecb1:bca2 已从文件中删除
2025-02-09 13:54:30,451 - INFO - 检测 IP: 2606:4700:a0:f5db:abee:a6db:d80b:5a6b:2087
2025-02-09 13:54:30,473 - WARNING - IP 2606:4700:a0:f5db:abee:a6db:d80b:5a6b 第 1 次 Ping 失败
2025-02-09 13:54:31,496 - WARNING - IP 2606:4700:a0:f5db:abee:a6db:d80b:5a6b 第 2 次 Ping 失败
2025-02-09 13:54:32,529 - WARNING - IP 2606:4700:a0:f5db:abee:a6db:d80b:5a6b 第 3 次 Ping 失败
2025-02-09 13:54:33,532 - WARNING - IP 2606:4700:a0:f5db:abee:a6db:d80b:5a6b Ping 不可达，删除
2025-02-09 13:54:33,536 - INFO - IP 2606:4700:a0:f5db:abee:a6db:d80b:5a6b 已从文件中删除
2025-02-09 13:54:33,537 - INFO - 检测 IP: 2606:4700:a0:f5db:fe6d:1cb1:8ced:550b:2087
2025-02-09 13:54:33,573 - WARNING - IP 2606:4700:a0:f5db:fe6d:1cb1:8ced:550b 第 1 次 Ping 失败
2025-02-09 13:54:34,621 - WARNING - IP 2606:4700:a0:f5db:fe6d:1cb1:8ced:550b 第 2 次 Ping 失败
2025-02-09 13:54:35,670 - WARNING - IP 2606:4700:a0:f5db:fe6d:1cb1:8ced:550b 第 3 次 Ping 失败
2025-02-09 13:54:36,672 - WARNING - IP 2606:4700:a0:f5db:fe6d:1cb1:8ced:550b Ping 不可达，删除
2025-02-09 13:54:36,675 - INFO - IP 2606:4700:a0:f5db:fe6d:1cb1:8ced:550b 已从文件中删除
2025-02-09 13:54:36,675 - INFO - 检测 IP: 2606:4700:a0:f5db:abee:80e0:770b:63c9:2087
2025-02-09 13:54:36,713 - WARNING - IP 2606:4700:a0:f5db:abee:80e0:770b:63c9 第 1 次 Ping 失败
2025-02-09 13:54:37,750 - WARNING - IP 2606:4700:a0:f5db:abee:80e0:770b:63c9 第 2 次 Ping 失败
2025-02-09 13:54:38,784 - WARNING - IP 2606:4700:a0:f5db:abee:80e0:770b:63c9 第 3 次 Ping 失败
2025-02-09 13:54:39,786 - WARNING - IP 2606:4700:a0:f5db:abee:80e0:770b:63c9 Ping 不可达，删除
2025-02-09 13:54:39,788 - INFO - IP 2606:4700:a0:f5db:abee:80e0:770b:63c9 已从文件中删除
2025-02-09 13:54:39,790 - INFO - 新 MD5: d41d8cd98f00b204e9800998ecf8427e
2025-02-09 13:54:45,109 - INFO - 变更已提交到 GitHub。
2025-02-09 13:54:45,109 - INFO - 脚本执行完成。
