2025-02-13 11:16:32,529 - INFO - 已创建或确认目录 csv 存在。
2025-02-13 11:16:32,530 - INFO - 已创建或确认目录 logs 存在。
2025-02-13 11:16:32,530 - INFO - 已创建或确认目录 port 存在。
2025-02-13 11:16:32,530 - INFO - 已创建或确认目录 cfip 存在。
2025-02-13 11:16:32,530 - INFO - 已创建或确认目录 speed 存在。
2025-02-13 11:16:32,531 - INFO - 原始 MD5: d41d8cd98f00b204e9800998ecf8427e
2025-02-13 11:16:32,531 - INFO - 已清空 cfip/fd.txt 文件。
2025-02-13 11:16:32,531 - INFO - 已清空 port/fdport.txt 文件。
2025-02-13 11:16:32,532 - INFO - 检测到系统架构为 aarch64，将下载对应的 CloudflareST 版本: https://github.com/XIU2/CloudflareSpeedTest/releases/download/v2.2.5/CloudflareST_linux_arm64.tar.gz
2025-02-13 11:16:32,532 - INFO - 正在执行 git pull...
2025-02-13 11:16:36,515 - INFO - git pull 成功，本地仓库已更新。
2025-02-13 11:16:36,516 - INFO - 正在下载最新 proxy.txt 文件...
2025-02-13 11:16:39,045 - INFO - proxy.txt 下载成功，已覆盖旧文件
2025-02-13 11:16:39,046 - INFO - 正在测试区域: HKG
2025-02-13 11:16:49,147 - INFO - csv/resultfd.csv 文件已存在，无需新建。
2025-02-13 11:16:49,148 - WARNING - 文件 csv/resultfd.csv 为空，跳过读取。
2025-02-13 11:16:49,149 - INFO - 正在测试区域: SJC
2025-02-13 11:16:59,243 - INFO - csv/resultfd.csv 文件已存在，无需新建。
2025-02-13 11:16:59,244 - WARNING - 文件 csv/resultfd.csv 为空，跳过读取。
2025-02-13 11:16:59,245 - INFO - 正在测试区域: SEA
2025-02-13 11:17:09,323 - INFO - csv/resultfd.csv 文件已存在，无需新建。
2025-02-13 11:17:09,324 - WARNING - 文件 csv/resultfd.csv 为空，跳过读取。
2025-02-13 11:17:09,324 - INFO - 正在测试区域: LAX
2025-02-13 11:17:19,415 - INFO - csv/resultfd.csv 文件已存在，无需新建。
2025-02-13 11:17:19,416 - WARNING - 文件 csv/resultfd.csv 为空，跳过读取。
2025-02-13 11:17:19,416 - INFO - 正在测试区域: FRA
2025-02-13 11:17:29,507 - INFO - csv/resultfd.csv 文件已存在，无需新建。
2025-02-13 11:17:29,508 - WARNING - 文件 csv/resultfd.csv 为空，跳过读取。
2025-02-13 11:17:29,509 - INFO - 正在测试区域: ICN
2025-02-13 11:17:39,596 - INFO - csv/resultfd.csv 文件已存在，无需新建。
2025-02-13 11:17:39,597 - WARNING - 文件 csv/resultfd.csv 为空，跳过读取。
2025-02-13 11:17:39,597 - INFO - 正在测试区域: TPE
2025-02-13 11:17:49,682 - INFO - csv/resultfd.csv 文件已存在，无需新建。
2025-02-13 11:17:49,683 - WARNING - 文件 csv/resultfd.csv 为空，跳过读取。
2025-02-13 11:17:49,684 - INFO - 正在测试区域: NRT
2025-02-13 11:17:59,782 - INFO - csv/resultfd.csv 文件已存在，无需新建。
2025-02-13 11:17:59,783 - WARNING - 文件 csv/resultfd.csv 为空，跳过读取。
2025-02-13 11:17:59,783 - INFO - 正在测试区域: SIN
2025-02-13 11:18:09,879 - INFO - csv/resultfd.csv 文件已存在，无需新建。
2025-02-13 11:18:09,880 - WARNING - 文件 csv/resultfd.csv 为空，跳过读取。
2025-02-13 11:18:09,881 - ERROR - 文件 speed/fd.txt 不存在
2025-02-13 11:18:09,882 - WARNING - 没有找到可用的 IP 地址
2025-02-13 11:18:09,882 - INFO - 新 MD5: d41d8cd98f00b204e9800998ecf8427e
2025-02-13 11:18:09,883 - INFO - 正在执行 DNS 记录检查脚本...
2025-02-13 11:23:58,421 - INFO - DNS 记录检查脚本执行完成。
2025-02-13 11:23:58,422 - INFO - 脚本执行完成。
2025-02-13 11:23:58,422 - INFO - fd.txt 文件内容未变化，跳过 GitHub 提交。
