2025-03-05 07:23:46,137 - INFO - Connecting to 91.108.56.127:443/TcpFull...
2025-03-05 07:23:46,369 - INFO - Connection to 91.108.56.127:443/TcpFull complete!
2025-03-05 07:23:47,586 - INFO - === 程序启动 ===
2025-03-05 07:23:47,587 - INFO - 已清空下载目录: txt/fdip
2025-03-05 07:23:47,587 - INFO - 已删除旧输出文件: proxy.txt
2025-03-05 07:23:47,827 - INFO - 开始扫描频道消息...
2025-03-05 07:23:48,446 - INFO - 发现新版本文件: 美洲20250304ip ¹.txt
2025-03-05 07:23:48,446 - INFO - 发现新版本文件: 欧洲20250304ip ¹.txt
2025-03-05 07:23:48,446 - INFO - 发现新版本文件: 亚洲20250304ip ¹.txt
2025-03-05 07:23:48,701 - INFO - 共处理 73 条消息，找到 3 个区域的最新文件
2025-03-05 07:23:48,701 - INFO - 开始下载: 美洲20250304ip ¹.txt
2025-03-05 07:23:48,701 - INFO - Starting direct file download in chunks of 131072 at 0, stride 131072
2025-03-05 07:23:48,945 - INFO - 下载成功: 美洲20250304ip ¹.txt (55893 bytes)
2025-03-05 07:23:48,945 - INFO - 开始下载: 欧洲20250304ip ¹.txt
2025-03-05 07:23:48,945 - INFO - Starting direct file download in chunks of 131072 at 0, stride 131072
2025-03-05 07:23:49,190 - INFO - 下载成功: 欧洲20250304ip ¹.txt (56781 bytes)
2025-03-05 07:23:49,190 - INFO - 开始下载: 亚洲20250304ip ¹.txt
2025-03-05 07:23:49,191 - INFO - Starting direct file download in chunks of 131072 at 0, stride 131072
2025-03-05 07:23:49,430 - INFO - 下载成功: 亚洲20250304ip ¹.txt (16141 bytes)
2025-03-05 07:23:49,430 - INFO - 开始合并 3 个文件
2025-03-05 07:23:49,433 - INFO - 合并完成 → proxy.txt
2025-03-05 07:23:49,433 - INFO - 检测到GitHub Actions环境，跳过提交步骤
2025-03-05 07:23:49,433 - INFO - === 程序结束 ===
2025-03-05 07:23:49,433 - INFO - Disconnecting from 91.108.56.127:443/TcpFull...
2025-03-05 07:23:49,434 - INFO - Disconnection from 91.108.56.127:443/TcpFull complete!
