2025-03-09 18:27:10,688 - INFO - Connecting to 91.108.56.127:443/TcpFull...
2025-03-09 18:27:10,914 - INFO - Connection to 91.108.56.127:443/TcpFull complete!
2025-03-09 18:27:12,084 - INFO - === 程序启动 ===
2025-03-09 18:27:12,085 - INFO - 已清空下载目录: txt/fdip
2025-03-09 18:27:12,085 - INFO - 已删除旧输出文件: proxy.txt
2025-03-09 18:27:12,327 - INFO - 开始扫描频道消息...
2025-03-09 18:27:13,041 - INFO - 发现新版本文件: 欧洲20250309ip ¹.txt
2025-03-09 18:27:13,041 - INFO - 发现新版本文件: 美洲20250309ip ¹.txt
2025-03-09 18:27:13,042 - INFO - 发现新版本文件: 亚洲20250309ip ¹.txt
2025-03-09 18:27:13,282 - INFO - 共处理 98 条消息，找到 3 个区域的最新文件
2025-03-09 18:27:13,282 - INFO - 开始下载: 欧洲20250309ip ¹.txt
2025-03-09 18:27:13,282 - INFO - Starting direct file download in chunks of 131072 at 0, stride 131072
2025-03-09 18:27:13,604 - INFO - 下载成功: 欧洲20250309ip ¹.txt (56725 bytes)
2025-03-09 18:27:13,604 - INFO - 开始下载: 美洲20250309ip ¹.txt
2025-03-09 18:27:13,604 - INFO - Starting direct file download in chunks of 131072 at 0, stride 131072
2025-03-09 18:27:13,916 - INFO - 下载成功: 美洲20250309ip ¹.txt (55710 bytes)
2025-03-09 18:27:13,916 - INFO - 开始下载: 亚洲20250309ip ¹.txt
2025-03-09 18:27:13,916 - INFO - Starting direct file download in chunks of 131072 at 0, stride 131072
2025-03-09 18:27:14,209 - INFO - 下载成功: 亚洲20250309ip ¹.txt (15607 bytes)
2025-03-09 18:27:14,209 - INFO - 开始合并 3 个文件
2025-03-09 18:27:14,212 - INFO - 合并完成 → proxy.txt
2025-03-09 18:27:14,212 - INFO - 检测到GitHub Actions环境，跳过提交步骤
2025-03-09 18:27:14,212 - INFO - === 程序结束 ===
2025-03-09 18:27:14,212 - INFO - Disconnecting from 91.108.56.127:443/TcpFull...
2025-03-09 18:27:14,213 - INFO - Disconnection from 91.108.56.127:443/TcpFull complete!
