2025-03-12 02:20:40,646 - INFO - Connecting to 91.108.56.127:443/TcpFull...
2025-03-12 02:20:40,873 - INFO - Connection to 91.108.56.127:443/TcpFull complete!
2025-03-12 02:20:42,320 - INFO - === 程序启动 ===
2025-03-12 02:20:42,320 - INFO - 已清空下载目录: txt/fdip
2025-03-12 02:20:42,321 - INFO - 已删除旧输出文件: proxy.txt
2025-03-12 02:20:42,576 - INFO - 开始扫描频道消息...
2025-03-12 02:20:43,252 - INFO - 发现新版本文件: 欧洲20250311ip ¹.txt
2025-03-12 02:20:43,252 - INFO - 发现新版本文件: 美洲20250311ip ¹.txt
2025-03-12 02:20:43,252 - INFO - 发现新版本文件: 亚洲20250311ip ¹.txt
2025-03-12 02:20:43,253 - INFO - 共处理 100 条消息，找到 3 个区域的最新文件
2025-03-12 02:20:43,253 - INFO - 开始下载: 欧洲20250311ip ¹.txt
2025-03-12 02:20:43,254 - INFO - Starting direct file download in chunks of 131072 at 0, stride 131072
2025-03-12 02:20:43,531 - INFO - 下载成功: 欧洲20250311ip ¹.txt (72928 bytes)
2025-03-12 02:20:43,531 - INFO - 开始下载: 美洲20250311ip ¹.txt
2025-03-12 02:20:43,531 - INFO - Starting direct file download in chunks of 131072 at 0, stride 131072
2025-03-12 02:20:43,768 - INFO - 下载成功: 美洲20250311ip ¹.txt (6286 bytes)
2025-03-12 02:20:43,768 - INFO - 开始下载: 亚洲20250311ip ¹.txt
2025-03-12 02:20:43,768 - INFO - Starting direct file download in chunks of 131072 at 0, stride 131072
2025-03-12 02:20:44,042 - INFO - 下载成功: 亚洲20250311ip ¹.txt (20623 bytes)
2025-03-12 02:20:44,042 - INFO - 开始合并 3 个文件
2025-03-12 02:20:44,045 - INFO - 合并完成 → proxy.txt
2025-03-12 02:20:44,045 - INFO - 检测到GitHub Actions环境，跳过提交步骤
2025-03-12 02:20:44,045 - INFO - === 程序结束 ===
2025-03-12 02:20:44,045 - INFO - Disconnecting from 91.108.56.127:443/TcpFull...
2025-03-12 02:20:44,045 - INFO - Disconnection from 91.108.56.127:443/TcpFull complete!
