2025-03-08 00:31:45,767 - INFO - Connecting to 91.108.56.127:443/TcpFull...
2025-03-08 00:31:46,019 - INFO - Connection to 91.108.56.127:443/TcpFull complete!
2025-03-08 00:31:47,367 - INFO - === 程序启动 ===
2025-03-08 00:31:47,367 - INFO - 已清空下载目录: txt/fdip
2025-03-08 00:31:47,367 - INFO - 已删除旧输出文件: proxy.txt
2025-03-08 00:31:47,666 - INFO - 开始扫描频道消息...
2025-03-08 00:31:48,521 - INFO - 发现新版本文件: 欧洲20250307ip ¹.txt
2025-03-08 00:31:48,521 - INFO - 发现新版本文件: 美洲20250307ip ¹.txt
2025-03-08 00:31:48,521 - INFO - 发现新版本文件: 亚洲20250307ip ¹.txt
2025-03-08 00:31:48,837 - INFO - 共处理 90 条消息，找到 3 个区域的最新文件
2025-03-08 00:31:48,837 - INFO - 开始下载: 欧洲20250307ip ¹.txt
2025-03-08 00:31:48,838 - INFO - Starting direct file download in chunks of 131072 at 0, stride 131072
2025-03-08 00:31:49,186 - INFO - 下载成功: 欧洲20250307ip ¹.txt (56816 bytes)
2025-03-08 00:31:49,187 - INFO - 开始下载: 美洲20250307ip ¹.txt
2025-03-08 00:31:49,187 - INFO - Starting direct file download in chunks of 131072 at 0, stride 131072
2025-03-08 00:31:49,452 - INFO - 下载成功: 美洲20250307ip ¹.txt (55764 bytes)
2025-03-08 00:31:49,452 - INFO - 开始下载: 亚洲20250307ip ¹.txt
2025-03-08 00:31:49,452 - INFO - Starting direct file download in chunks of 131072 at 0, stride 131072
2025-03-08 00:31:49,728 - INFO - 下载成功: 亚洲20250307ip ¹.txt (17301 bytes)
2025-03-08 00:31:49,729 - INFO - 开始合并 3 个文件
2025-03-08 00:31:49,732 - INFO - 合并完成 → proxy.txt
2025-03-08 00:31:49,732 - INFO - 检测到GitHub Actions环境，跳过提交步骤
2025-03-08 00:31:49,732 - INFO - === 程序结束 ===
2025-03-08 00:31:49,732 - INFO - Disconnecting from 91.108.56.127:443/TcpFull...
2025-03-08 00:31:49,733 - INFO - Disconnection from 91.108.56.127:443/TcpFull complete!
