2025-03-07 11:00:08,056 - INFO - Connecting to 91.108.56.127:443/TcpFull...
2025-03-07 11:00:08,245 - INFO - Connection to 91.108.56.127:443/TcpFull complete!
2025-03-07 11:00:09,338 - INFO - === 程序启动 ===
2025-03-07 11:00:09,338 - INFO - 已清空下载目录: txt/fdip
2025-03-07 11:00:09,338 - INFO - 已删除旧输出文件: proxy.txt
2025-03-07 11:00:09,622 - INFO - 开始扫描频道消息...
2025-03-07 11:00:10,268 - INFO - 发现新版本文件: 欧洲20250306ip ¹.txt
2025-03-07 11:00:10,268 - INFO - 发现新版本文件: 亚洲20250306ip ¹.txt
2025-03-07 11:00:10,268 - INFO - 发现新版本文件: 美洲20250306ip ¹.txt
2025-03-07 11:00:10,482 - INFO - 共处理 85 条消息，找到 3 个区域的最新文件
2025-03-07 11:00:10,483 - INFO - 开始下载: 欧洲20250306ip ¹.txt
2025-03-07 11:00:10,483 - INFO - Starting direct file download in chunks of 131072 at 0, stride 131072
2025-03-07 11:00:10,685 - INFO - 下载成功: 欧洲20250306ip ¹.txt (56756 bytes)
2025-03-07 11:00:10,685 - INFO - 开始下载: 亚洲20250306ip ¹.txt
2025-03-07 11:00:10,686 - INFO - Starting direct file download in chunks of 131072 at 0, stride 131072
2025-03-07 11:00:10,887 - INFO - 下载成功: 亚洲20250306ip ¹.txt (16467 bytes)
2025-03-07 11:00:10,887 - INFO - 开始下载: 美洲20250306ip ¹.txt
2025-03-07 11:00:10,888 - INFO - Starting direct file download in chunks of 131072 at 0, stride 131072
2025-03-07 11:00:11,438 - INFO - 下载成功: 美洲20250306ip ¹.txt (55791 bytes)
2025-03-07 11:00:11,438 - INFO - 开始合并 3 个文件
2025-03-07 11:00:11,442 - INFO - 合并完成 → proxy.txt
2025-03-07 11:00:11,442 - INFO - 检测到GitHub Actions环境，跳过提交步骤
2025-03-07 11:00:11,442 - INFO - === 程序结束 ===
2025-03-07 11:00:11,442 - INFO - Disconnecting from 91.108.56.127:443/TcpFull...
2025-03-07 11:00:11,442 - INFO - Disconnection from 91.108.56.127:443/TcpFull complete!
