2025-03-22 09:09:14,572 - INFO - Connecting to 91.108.56.127:443/TcpFull...
2025-03-22 09:09:14,806 - INFO - Connection to 91.108.56.127:443/TcpFull complete!
2025-03-22 09:09:16,237 - INFO - === 程序启动 ===
2025-03-22 09:09:16,238 - INFO - 已清空下载目录: txt/fdip
2025-03-22 09:09:16,238 - INFO - 已删除旧输出文件: proxy.txt
2025-03-22 09:09:16,483 - INFO - 开始扫描频道消息...
2025-03-22 09:09:17,140 - INFO - 发现新版本文件: 欧洲20250321ip ¹.txt
2025-03-22 09:09:17,140 - INFO - 发现新版本文件: 美洲20250321ip ¹.txt
2025-03-22 09:09:17,140 - INFO - 发现新版本文件: 亚洲20250321ip ¹.txt
2025-03-22 09:09:17,141 - INFO - 共处理 100 条消息，找到 3 个区域的最新文件
2025-03-22 09:09:17,141 - INFO - 开始下载: 欧洲20250321ip ¹.txt
2025-03-22 09:09:17,142 - INFO - Starting direct file download in chunks of 131072 at 0, stride 131072
2025-03-22 09:09:17,424 - INFO - 下载成功: 欧洲20250321ip ¹.txt (72534 bytes)
2025-03-22 09:09:17,424 - INFO - 开始下载: 美洲20250321ip ¹.txt
2025-03-22 09:09:17,424 - INFO - Starting direct file download in chunks of 131072 at 0, stride 131072
2025-03-22 09:09:17,677 - INFO - 下载成功: 美洲20250321ip ¹.txt (71740 bytes)
2025-03-22 09:09:17,677 - INFO - 开始下载: 亚洲20250321ip ¹.txt
2025-03-22 09:09:17,677 - INFO - Starting direct file download in chunks of 131072 at 0, stride 131072
2025-03-22 09:09:17,919 - INFO - 下载成功: 亚洲20250321ip ¹.txt (22024 bytes)
2025-03-22 09:09:17,919 - INFO - 开始合并 3 个文件
2025-03-22 09:09:17,923 - INFO - 合并完成 → proxy.txt
2025-03-22 09:09:17,923 - INFO - 检测到GitHub Actions环境，跳过提交步骤
2025-03-22 09:09:17,923 - INFO - === 程序结束 ===
2025-03-22 09:09:17,923 - INFO - Disconnecting from 91.108.56.127:443/TcpFull...
2025-03-22 09:09:17,924 - INFO - Disconnection from 91.108.56.127:443/TcpFull complete!
