2025-03-06 18:30:39,163 - INFO - Connecting to 91.108.56.127:443/TcpFull...
2025-03-06 18:30:39,398 - INFO - Connection to 91.108.56.127:443/TcpFull complete!
2025-03-06 18:30:40,727 - INFO - === 程序启动 ===
2025-03-06 18:30:40,727 - INFO - 已清空下载目录: txt/fdip
2025-03-06 18:30:40,728 - INFO - 已删除旧输出文件: proxy.txt
2025-03-06 18:30:40,976 - INFO - 开始扫描频道消息...
2025-03-06 18:30:41,619 - INFO - 发现新版本文件: 欧洲20250306ip ¹.txt
2025-03-06 18:30:41,619 - INFO - 发现新版本文件: 亚洲20250306ip ¹.txt
2025-03-06 18:30:41,619 - INFO - 发现新版本文件: 美洲20250306ip ¹.txt
2025-03-06 18:30:41,967 - INFO - 共处理 82 条消息，找到 3 个区域的最新文件
2025-03-06 18:30:41,968 - INFO - 开始下载: 欧洲20250306ip ¹.txt
2025-03-06 18:30:41,968 - INFO - Starting direct file download in chunks of 131072 at 0, stride 131072
2025-03-06 18:30:42,295 - INFO - 下载成功: 欧洲20250306ip ¹.txt (56756 bytes)
2025-03-06 18:30:42,296 - INFO - 开始下载: 亚洲20250306ip ¹.txt
2025-03-06 18:30:42,296 - INFO - Starting direct file download in chunks of 131072 at 0, stride 131072
2025-03-06 18:30:42,640 - INFO - 下载成功: 亚洲20250306ip ¹.txt (16467 bytes)
2025-03-06 18:30:42,640 - INFO - 开始下载: 美洲20250306ip ¹.txt
2025-03-06 18:30:42,641 - INFO - Starting direct file download in chunks of 131072 at 0, stride 131072
2025-03-06 18:30:42,899 - INFO - 下载成功: 美洲20250306ip ¹.txt (55791 bytes)
2025-03-06 18:30:42,900 - INFO - 开始合并 3 个文件
2025-03-06 18:30:42,903 - INFO - 合并完成 → proxy.txt
2025-03-06 18:30:42,903 - INFO - 检测到GitHub Actions环境，跳过提交步骤
2025-03-06 18:30:42,903 - INFO - === 程序结束 ===
2025-03-06 18:30:42,903 - INFO - Disconnecting from 91.108.56.127:443/TcpFull...
2025-03-06 18:30:42,904 - INFO - Disconnection from 91.108.56.127:443/TcpFull complete!
