2025-03-10 04:23:08,790 - INFO - Connecting to 91.108.56.127:443/TcpFull...
2025-03-10 04:23:08,969 - INFO - Connection to 91.108.56.127:443/TcpFull complete!
2025-03-10 04:23:09,906 - INFO - === 程序启动 ===
2025-03-10 04:23:09,906 - INFO - 已清空下载目录: txt/fdip
2025-03-10 04:23:09,907 - INFO - 已删除旧输出文件: proxy.txt
2025-03-10 04:23:10,099 - INFO - 开始扫描频道消息...
2025-03-10 04:23:10,644 - INFO - 发现新版本文件: 欧洲20250309ip ¹.txt
2025-03-10 04:23:10,644 - INFO - 发现新版本文件: 美洲20250309ip ¹.txt
2025-03-10 04:23:10,645 - INFO - 发现新版本文件: 亚洲20250309ip ¹.txt
2025-03-10 04:23:10,834 - INFO - 共处理 99 条消息，找到 3 个区域的最新文件
2025-03-10 04:23:10,834 - INFO - 开始下载: 欧洲20250309ip ¹.txt
2025-03-10 04:23:10,834 - INFO - Starting direct file download in chunks of 131072 at 0, stride 131072
2025-03-10 04:23:11,027 - INFO - 下载成功: 欧洲20250309ip ¹.txt (56725 bytes)
2025-03-10 04:23:11,027 - INFO - 开始下载: 美洲20250309ip ¹.txt
2025-03-10 04:23:11,027 - INFO - Starting direct file download in chunks of 131072 at 0, stride 131072
2025-03-10 04:23:11,217 - INFO - 下载成功: 美洲20250309ip ¹.txt (55710 bytes)
2025-03-10 04:23:11,217 - INFO - 开始下载: 亚洲20250309ip ¹.txt
2025-03-10 04:23:11,217 - INFO - Starting direct file download in chunks of 131072 at 0, stride 131072
2025-03-10 04:23:11,404 - INFO - 下载成功: 亚洲20250309ip ¹.txt (15607 bytes)
2025-03-10 04:23:11,404 - INFO - 开始合并 3 个文件
2025-03-10 04:23:11,407 - INFO - 合并完成 → proxy.txt
2025-03-10 04:23:11,407 - INFO - 检测到GitHub Actions环境，跳过提交步骤
2025-03-10 04:23:11,408 - INFO - === 程序结束 ===
2025-03-10 04:23:11,408 - INFO - Disconnecting from 91.108.56.127:443/TcpFull...
2025-03-10 04:23:11,408 - INFO - Disconnection from 91.108.56.127:443/TcpFull complete!
