2025-03-06 02:35:24,128 - INFO - Connecting to 91.108.56.127:443/TcpFull...
2025-03-06 02:35:24,354 - INFO - Connection to 91.108.56.127:443/TcpFull complete!
2025-03-06 02:35:25,609 - INFO - === 程序启动 ===
2025-03-06 02:35:25,610 - INFO - 已清空下载目录: txt/fdip
2025-03-06 02:35:25,610 - INFO - 已删除旧输出文件: proxy.txt
2025-03-06 02:35:25,922 - INFO - 开始扫描频道消息...
2025-03-06 02:35:26,594 - INFO - 发现新版本文件: 欧洲20250305ip ¹.txt
2025-03-06 02:35:26,594 - INFO - 发现新版本文件: 美洲20250305ip ¹.txt
2025-03-06 02:35:26,594 - INFO - 发现新版本文件: 亚洲20250305ip ¹.txt
2025-03-06 02:35:26,886 - INFO - 共处理 78 条消息，找到 3 个区域的最新文件
2025-03-06 02:35:26,887 - INFO - 开始下载: 欧洲20250305ip ¹.txt
2025-03-06 02:35:26,887 - INFO - Starting direct file download in chunks of 131072 at 0, stride 131072
2025-03-06 02:35:27,253 - INFO - 下载成功: 欧洲20250305ip ¹.txt (56807 bytes)
2025-03-06 02:35:27,253 - INFO - 开始下载: 美洲20250305ip ¹.txt
2025-03-06 02:35:27,253 - INFO - Starting direct file download in chunks of 131072 at 0, stride 131072
2025-03-06 02:35:27,491 - INFO - 下载成功: 美洲20250305ip ¹.txt (55783 bytes)
2025-03-06 02:35:27,491 - INFO - 开始下载: 亚洲20250305ip ¹.txt
2025-03-06 02:35:27,491 - INFO - Starting direct file download in chunks of 131072 at 0, stride 131072
2025-03-06 02:35:27,727 - INFO - 下载成功: 亚洲20250305ip ¹.txt (17537 bytes)
2025-03-06 02:35:27,727 - INFO - 开始合并 3 个文件
2025-03-06 02:35:27,730 - INFO - 合并完成 → proxy.txt
2025-03-06 02:35:27,731 - INFO - 检测到GitHub Actions环境，跳过提交步骤
2025-03-06 02:35:27,731 - INFO - === 程序结束 ===
2025-03-06 02:35:27,731 - INFO - Disconnecting from 91.108.56.127:443/TcpFull...
2025-03-06 02:35:27,731 - INFO - Disconnection from 91.108.56.127:443/TcpFull complete!
