2025-03-06 05:24:06,681 - INFO - Connecting to 91.108.56.127:443/TcpFull...
2025-03-06 05:24:06,906 - INFO - Connection to 91.108.56.127:443/TcpFull complete!
2025-03-06 05:24:08,064 - INFO - === 程序启动 ===
2025-03-06 05:24:08,064 - INFO - 已清空下载目录: txt/fdip
2025-03-06 05:24:08,064 - INFO - 已删除旧输出文件: proxy.txt
2025-03-06 05:24:08,368 - INFO - 开始扫描频道消息...
2025-03-06 05:24:09,003 - INFO - 发现新版本文件: 欧洲20250305ip ¹.txt
2025-03-06 05:24:09,003 - INFO - 发现新版本文件: 美洲20250305ip ¹.txt
2025-03-06 05:24:09,003 - INFO - 发现新版本文件: 亚洲20250305ip ¹.txt
2025-03-06 05:24:09,276 - INFO - 共处理 78 条消息，找到 3 个区域的最新文件
2025-03-06 05:24:09,276 - INFO - 开始下载: 欧洲20250305ip ¹.txt
2025-03-06 05:24:09,277 - INFO - Starting direct file download in chunks of 131072 at 0, stride 131072
2025-03-06 05:24:09,515 - INFO - 下载成功: 欧洲20250305ip ¹.txt (56807 bytes)
2025-03-06 05:24:09,515 - INFO - 开始下载: 美洲20250305ip ¹.txt
2025-03-06 05:24:09,516 - INFO - Starting direct file download in chunks of 131072 at 0, stride 131072
2025-03-06 05:24:09,847 - INFO - 下载成功: 美洲20250305ip ¹.txt (55783 bytes)
2025-03-06 05:24:09,847 - INFO - 开始下载: 亚洲20250305ip ¹.txt
2025-03-06 05:24:09,847 - INFO - Starting direct file download in chunks of 131072 at 0, stride 131072
2025-03-06 05:24:10,247 - INFO - 下载成功: 亚洲20250305ip ¹.txt (17537 bytes)
2025-03-06 05:24:10,247 - INFO - 开始合并 3 个文件
2025-03-06 05:24:10,251 - INFO - 合并完成 → proxy.txt
2025-03-06 05:24:10,251 - INFO - 检测到GitHub Actions环境，跳过提交步骤
2025-03-06 05:24:10,251 - INFO - === 程序结束 ===
2025-03-06 05:24:10,251 - INFO - Disconnecting from 91.108.56.127:443/TcpFull...
2025-03-06 05:24:10,251 - INFO - Disconnection from 91.108.56.127:443/TcpFull complete!
