2025-03-06 01:25:39,687 - INFO - Connecting to 91.108.56.127:443/TcpFull...
2025-03-06 01:25:39,919 - INFO - Connection to 91.108.56.127:443/TcpFull complete!
2025-03-06 01:25:41,123 - INFO - === 程序启动 ===
2025-03-06 01:25:41,123 - INFO - 已清空下载目录: txt/fdip
2025-03-06 01:25:41,124 - INFO - 已删除旧输出文件: proxy.txt
2025-03-06 01:25:41,371 - INFO - 开始扫描频道消息...
2025-03-06 01:25:42,001 - INFO - 发现新版本文件: 欧洲20250305ip ¹.txt
2025-03-06 01:25:42,002 - INFO - 发现新版本文件: 美洲20250305ip ¹.txt
2025-03-06 01:25:42,002 - INFO - 发现新版本文件: 亚洲20250305ip ¹.txt
2025-03-06 01:25:42,250 - INFO - 共处理 78 条消息，找到 3 个区域的最新文件
2025-03-06 01:25:42,250 - INFO - 开始下载: 欧洲20250305ip ¹.txt
2025-03-06 01:25:42,250 - INFO - Starting direct file download in chunks of 131072 at 0, stride 131072
2025-03-06 01:25:42,503 - INFO - 下载成功: 欧洲20250305ip ¹.txt (56807 bytes)
2025-03-06 01:25:42,503 - INFO - 开始下载: 美洲20250305ip ¹.txt
2025-03-06 01:25:42,503 - INFO - Starting direct file download in chunks of 131072 at 0, stride 131072
2025-03-06 01:25:42,743 - INFO - 下载成功: 美洲20250305ip ¹.txt (55783 bytes)
2025-03-06 01:25:42,743 - INFO - 开始下载: 亚洲20250305ip ¹.txt
2025-03-06 01:25:42,743 - INFO - Starting direct file download in chunks of 131072 at 0, stride 131072
2025-03-06 01:25:43,000 - INFO - 下载成功: 亚洲20250305ip ¹.txt (17537 bytes)
2025-03-06 01:25:43,000 - INFO - 开始合并 3 个文件
2025-03-06 01:25:43,004 - INFO - 合并完成 → proxy.txt
2025-03-06 01:25:43,004 - INFO - 检测到GitHub Actions环境，跳过提交步骤
2025-03-06 01:25:43,004 - INFO - === 程序结束 ===
2025-03-06 01:25:43,004 - INFO - Disconnecting from 91.108.56.127:443/TcpFull...
2025-03-06 01:25:43,004 - INFO - Disconnection from 91.108.56.127:443/TcpFull complete!
