2025-03-14 09:09:11,828 - INFO - Connecting to 91.108.56.127:443/TcpFull...
2025-03-14 09:09:12,053 - INFO - Connection to 91.108.56.127:443/TcpFull complete!
2025-03-14 09:09:13,223 - INFO - === 程序启动 ===
2025-03-14 09:09:13,224 - INFO - 已清空下载目录: txt/fdip
2025-03-14 09:09:13,224 - INFO - 已删除旧输出文件: proxy.txt
2025-03-14 09:09:13,460 - INFO - 开始扫描频道消息...
2025-03-14 09:09:14,183 - INFO - 发现新版本文件: 欧洲20250313ip ¹.txt
2025-03-14 09:09:14,183 - INFO - 发现新版本文件: 美洲20250313ip ¹.txt
2025-03-14 09:09:14,184 - INFO - 发现新版本文件: 亚洲20250313ip ¹.txt
2025-03-14 09:09:14,184 - INFO - 共处理 100 条消息，找到 3 个区域的最新文件
2025-03-14 09:09:14,185 - INFO - 开始下载: 欧洲20250313ip ¹.txt
2025-03-14 09:09:14,185 - INFO - Starting direct file download in chunks of 131072 at 0, stride 131072
2025-03-14 09:09:14,460 - INFO - 下载成功: 欧洲20250313ip ¹.txt (72618 bytes)
2025-03-14 09:09:14,460 - INFO - 开始下载: 美洲20250313ip ¹.txt
2025-03-14 09:09:14,460 - INFO - Starting direct file download in chunks of 131072 at 0, stride 131072
2025-03-14 09:09:14,757 - INFO - 下载成功: 美洲20250313ip ¹.txt (71616 bytes)
2025-03-14 09:09:14,757 - INFO - 开始下载: 亚洲20250313ip ¹.txt
2025-03-14 09:09:14,757 - INFO - Starting direct file download in chunks of 131072 at 0, stride 131072
2025-03-14 09:09:14,992 - INFO - 下载成功: 亚洲20250313ip ¹.txt (19309 bytes)
2025-03-14 09:09:14,992 - INFO - 开始合并 3 个文件
2025-03-14 09:09:14,996 - INFO - 合并完成 → proxy.txt
2025-03-14 09:09:14,996 - INFO - 检测到GitHub Actions环境，跳过提交步骤
2025-03-14 09:09:14,996 - INFO - === 程序结束 ===
2025-03-14 09:09:14,996 - INFO - Disconnecting from 91.108.56.127:443/TcpFull...
2025-03-14 09:09:14,997 - INFO - Disconnection from 91.108.56.127:443/TcpFull complete!
