2025-03-07 01:24:58,257 - INFO - Connecting to 91.108.56.127:443/TcpFull...
2025-03-07 01:24:58,484 - INFO - Connection to 91.108.56.127:443/TcpFull complete!
2025-03-07 01:24:59,669 - INFO - === 程序启动 ===
2025-03-07 01:24:59,669 - INFO - 已清空下载目录: txt/fdip
2025-03-07 01:24:59,669 - INFO - 已删除旧输出文件: proxy.txt
2025-03-07 01:24:59,908 - INFO - 开始扫描频道消息...
2025-03-07 01:25:00,534 - INFO - 发现新版本文件: 欧洲20250306ip ¹.txt
2025-03-07 01:25:00,534 - INFO - 发现新版本文件: 亚洲20250306ip ¹.txt
2025-03-07 01:25:00,534 - INFO - 发现新版本文件: 美洲20250306ip ¹.txt
2025-03-07 01:25:00,773 - INFO - 共处理 85 条消息，找到 3 个区域的最新文件
2025-03-07 01:25:00,773 - INFO - 开始下载: 欧洲20250306ip ¹.txt
2025-03-07 01:25:00,774 - INFO - Starting direct file download in chunks of 131072 at 0, stride 131072
2025-03-07 01:25:01,017 - INFO - 下载成功: 欧洲20250306ip ¹.txt (56756 bytes)
2025-03-07 01:25:01,017 - INFO - 开始下载: 亚洲20250306ip ¹.txt
2025-03-07 01:25:01,017 - INFO - Starting direct file download in chunks of 131072 at 0, stride 131072
2025-03-07 01:25:01,329 - INFO - 下载成功: 亚洲20250306ip ¹.txt (16467 bytes)
2025-03-07 01:25:01,329 - INFO - 开始下载: 美洲20250306ip ¹.txt
2025-03-07 01:25:01,329 - INFO - Starting direct file download in chunks of 131072 at 0, stride 131072
2025-03-07 01:25:01,659 - INFO - 下载成功: 美洲20250306ip ¹.txt (55791 bytes)
2025-03-07 01:25:01,659 - INFO - 开始合并 3 个文件
2025-03-07 01:25:01,662 - INFO - 合并完成 → proxy.txt
2025-03-07 01:25:01,663 - INFO - 检测到GitHub Actions环境，跳过提交步骤
2025-03-07 01:25:01,663 - INFO - === 程序结束 ===
2025-03-07 01:25:01,663 - INFO - Disconnecting from 91.108.56.127:443/TcpFull...
2025-03-07 01:25:01,663 - INFO - Disconnection from 91.108.56.127:443/TcpFull complete!
