2025-03-05 09:55:56,101 - INFO - Connecting to 91.108.56.127:443/TcpFull...
2025-03-05 09:55:56,294 - INFO - Connection to 91.108.56.127:443/TcpFull complete!
2025-03-05 09:55:57,364 - INFO - === 程序启动 ===
2025-03-05 09:55:57,365 - INFO - 已清空下载目录: txt/fdip
2025-03-05 09:55:57,365 - INFO - 已删除旧输出文件: proxy.txt
2025-03-05 09:55:57,588 - INFO - 开始扫描频道消息...
2025-03-05 09:55:58,206 - INFO - 发现新版本文件: 美洲20250304ip ¹.txt
2025-03-05 09:55:58,206 - INFO - 发现新版本文件: 欧洲20250304ip ¹.txt
2025-03-05 09:55:58,206 - INFO - 发现新版本文件: 亚洲20250304ip ¹.txt
2025-03-05 09:55:58,796 - INFO - 共处理 73 条消息，找到 3 个区域的最新文件
2025-03-05 09:55:58,796 - INFO - 开始下载: 美洲20250304ip ¹.txt
2025-03-05 09:55:58,796 - INFO - Starting direct file download in chunks of 131072 at 0, stride 131072
2025-03-05 09:55:59,004 - INFO - 下载成功: 美洲20250304ip ¹.txt (55893 bytes)
2025-03-05 09:55:59,004 - INFO - 开始下载: 欧洲20250304ip ¹.txt
2025-03-05 09:55:59,004 - INFO - Starting direct file download in chunks of 131072 at 0, stride 131072
2025-03-05 09:55:59,209 - INFO - 下载成功: 欧洲20250304ip ¹.txt (56781 bytes)
2025-03-05 09:55:59,209 - INFO - 开始下载: 亚洲20250304ip ¹.txt
2025-03-05 09:55:59,209 - INFO - Starting direct file download in chunks of 131072 at 0, stride 131072
2025-03-05 09:55:59,413 - INFO - 下载成功: 亚洲20250304ip ¹.txt (16141 bytes)
2025-03-05 09:55:59,413 - INFO - 开始合并 3 个文件
2025-03-05 09:55:59,416 - INFO - 合并完成 → proxy.txt
2025-03-05 09:55:59,416 - INFO - 检测到GitHub Actions环境，跳过提交步骤
2025-03-05 09:55:59,417 - INFO - === 程序结束 ===
2025-03-05 09:55:59,417 - INFO - Disconnecting from 91.108.56.127:443/TcpFull...
2025-03-05 09:55:59,417 - INFO - Disconnection from 91.108.56.127:443/TcpFull complete!
