2025-03-21 09:11:11,639 - INFO - Connecting to 91.108.56.127:443/TcpFull...
2025-03-21 09:11:11,933 - INFO - Connection to 91.108.56.127:443/TcpFull complete!
2025-03-21 09:11:13,454 - INFO - === 程序启动 ===
2025-03-21 09:11:13,454 - INFO - 已清空下载目录: txt/fdip
2025-03-21 09:11:13,454 - INFO - 已删除旧输出文件: proxy.txt
2025-03-21 09:11:13,763 - INFO - 开始扫描频道消息...
2025-03-21 09:11:14,589 - INFO - 发现新版本文件: 欧洲20250320ip ¹.txt
2025-03-21 09:11:14,589 - INFO - 发现新版本文件: 美洲20250320ip ¹.txt
2025-03-21 09:11:14,589 - INFO - 发现新版本文件: 亚洲20250320ip ¹.txt
2025-03-21 09:11:14,590 - INFO - 共处理 100 条消息，找到 3 个区域的最新文件
2025-03-21 09:11:14,590 - INFO - 开始下载: 欧洲20250320ip ¹.txt
2025-03-21 09:11:14,590 - INFO - Starting direct file download in chunks of 131072 at 0, stride 131072
2025-03-21 09:11:14,916 - INFO - 下载成功: 欧洲20250320ip ¹.txt (72563 bytes)
2025-03-21 09:11:14,916 - INFO - 开始下载: 美洲20250320ip ¹.txt
2025-03-21 09:11:14,917 - INFO - Starting direct file download in chunks of 131072 at 0, stride 131072
2025-03-21 09:11:15,236 - INFO - 下载成功: 美洲20250320ip ¹.txt (71722 bytes)
2025-03-21 09:11:15,236 - INFO - 开始下载: 亚洲20250320ip ¹.txt
2025-03-21 09:11:15,237 - INFO - Starting direct file download in chunks of 131072 at 0, stride 131072
2025-03-21 09:11:15,540 - INFO - 下载成功: 亚洲20250320ip ¹.txt (20656 bytes)
2025-03-21 09:11:15,540 - INFO - 开始合并 3 个文件
2025-03-21 09:11:15,544 - INFO - 合并完成 → proxy.txt
2025-03-21 09:11:15,544 - INFO - 检测到GitHub Actions环境，跳过提交步骤
2025-03-21 09:11:15,544 - INFO - === 程序结束 ===
2025-03-21 09:11:15,544 - INFO - Disconnecting from 91.108.56.127:443/TcpFull...
2025-03-21 09:11:15,544 - INFO - Disconnection from 91.108.56.127:443/TcpFull complete!
