2025-03-13 20:29:50,628 - INFO - Connecting to 91.108.56.127:443/TcpFull...
2025-03-13 20:29:50,870 - INFO - Connection to 91.108.56.127:443/TcpFull complete!
2025-03-13 20:29:52,130 - INFO - === 程序启动 ===
2025-03-13 20:29:52,130 - INFO - 已清空下载目录: txt/fdip
2025-03-13 20:29:52,130 - INFO - 已删除旧输出文件: proxy.txt
2025-03-13 20:29:52,392 - INFO - 开始扫描频道消息...
2025-03-13 20:29:53,096 - INFO - 发现新版本文件: 欧洲20250313ip ¹.txt
2025-03-13 20:29:53,096 - INFO - 发现新版本文件: 美洲20250313ip ¹.txt
2025-03-13 20:29:53,096 - INFO - 发现新版本文件: 亚洲20250313ip ¹.txt
2025-03-13 20:29:53,097 - INFO - 共处理 100 条消息，找到 3 个区域的最新文件
2025-03-13 20:29:53,097 - INFO - 开始下载: 欧洲20250313ip ¹.txt
2025-03-13 20:29:53,097 - INFO - Starting direct file download in chunks of 131072 at 0, stride 131072
2025-03-13 20:29:53,364 - INFO - 下载成功: 欧洲20250313ip ¹.txt (72618 bytes)
2025-03-13 20:29:53,364 - INFO - 开始下载: 美洲20250313ip ¹.txt
2025-03-13 20:29:53,364 - INFO - Starting direct file download in chunks of 131072 at 0, stride 131072
2025-03-13 20:29:53,643 - INFO - 下载成功: 美洲20250313ip ¹.txt (71616 bytes)
2025-03-13 20:29:53,643 - INFO - 开始下载: 亚洲20250313ip ¹.txt
2025-03-13 20:29:53,644 - INFO - Starting direct file download in chunks of 131072 at 0, stride 131072
2025-03-13 20:29:53,894 - INFO - 下载成功: 亚洲20250313ip ¹.txt (19309 bytes)
2025-03-13 20:29:53,894 - INFO - 开始合并 3 个文件
2025-03-13 20:29:53,898 - INFO - 合并完成 → proxy.txt
2025-03-13 20:29:53,898 - INFO - 检测到GitHub Actions环境，跳过提交步骤
2025-03-13 20:29:53,898 - INFO - === 程序结束 ===
2025-03-13 20:29:53,898 - INFO - Disconnecting from 91.108.56.127:443/TcpFull...
2025-03-13 20:29:53,898 - INFO - Disconnection from 91.108.56.127:443/TcpFull complete!
