2025-03-22 20:26:19,336 - INFO - Connecting to 91.108.56.127:443/TcpFull...
2025-03-22 20:26:19,565 - INFO - Connection to 91.108.56.127:443/TcpFull complete!
2025-03-22 20:26:20,810 - INFO - === 程序启动 ===
2025-03-22 20:26:20,811 - INFO - 已清空下载目录: txt/fdip
2025-03-22 20:26:20,811 - INFO - 已删除旧输出文件: proxy.txt
2025-03-22 20:26:21,058 - INFO - 开始扫描频道消息...
2025-03-22 20:26:21,769 - INFO - 发现新版本文件: 欧洲20250322ip ¹.txt
2025-03-22 20:26:21,770 - INFO - 发现新版本文件: 美洲20250322ip ¹.txt
2025-03-22 20:26:21,770 - INFO - 发现新版本文件: 亚洲20250322ip ¹.txt
2025-03-22 20:26:21,771 - INFO - 共处理 100 条消息，找到 3 个区域的最新文件
2025-03-22 20:26:21,771 - INFO - 开始下载: 欧洲20250322ip ¹.txt
2025-03-22 20:26:21,771 - INFO - Starting direct file download in chunks of 131072 at 0, stride 131072
2025-03-22 20:26:22,070 - INFO - 下载成功: 欧洲20250322ip ¹.txt (72513 bytes)
2025-03-22 20:26:22,070 - INFO - 开始下载: 美洲20250322ip ¹.txt
2025-03-22 20:26:22,071 - INFO - Starting direct file download in chunks of 131072 at 0, stride 131072
2025-03-22 20:26:22,343 - INFO - 下载成功: 美洲20250322ip ¹.txt (71714 bytes)
2025-03-22 20:26:22,343 - INFO - 开始下载: 亚洲20250322ip ¹.txt
2025-03-22 20:26:22,343 - INFO - Starting direct file download in chunks of 131072 at 0, stride 131072
2025-03-22 20:26:22,628 - INFO - 下载成功: 亚洲20250322ip ¹.txt (23256 bytes)
2025-03-22 20:26:22,628 - INFO - 开始合并 3 个文件
2025-03-22 20:26:22,631 - INFO - 合并完成 → proxy.txt
2025-03-22 20:26:22,631 - INFO - 检测到GitHub Actions环境，跳过提交步骤
2025-03-22 20:26:22,631 - INFO - === 程序结束 ===
2025-03-22 20:26:22,632 - INFO - Disconnecting from 91.108.56.127:443/TcpFull...
2025-03-22 20:26:22,632 - INFO - Disconnection from 91.108.56.127:443/TcpFull complete!
