2025-03-17 02:18:55,967 - INFO - Connecting to 91.108.56.127:443/TcpFull...
2025-03-17 02:18:57,259 - INFO - Connection to 91.108.56.127:443/TcpFull complete!
2025-03-17 02:18:59,493 - INFO - === 程序启动 ===
2025-03-17 02:18:59,494 - INFO - 已清空下载目录: txt/fdip
2025-03-17 02:18:59,494 - INFO - 已删除旧输出文件: proxy.txt
2025-03-17 02:18:59,742 - INFO - 开始扫描频道消息...
2025-03-17 02:19:00,466 - INFO - 发现新版本文件: 欧洲20250316ip ¹.txt
2025-03-17 02:19:00,466 - INFO - 发现新版本文件: 美洲20250316ip ¹.txt
2025-03-17 02:19:00,466 - INFO - 发现新版本文件: 亚洲20250316ip ¹.txt
2025-03-17 02:19:00,467 - INFO - 共处理 100 条消息，找到 3 个区域的最新文件
2025-03-17 02:19:00,467 - INFO - 开始下载: 欧洲20250316ip ¹.txt
2025-03-17 02:19:00,468 - INFO - Starting direct file download in chunks of 131072 at 0, stride 131072
2025-03-17 02:19:00,726 - INFO - 下载成功: 欧洲20250316ip ¹.txt (72788 bytes)
2025-03-17 02:19:00,726 - INFO - 开始下载: 美洲20250316ip ¹.txt
2025-03-17 02:19:00,726 - INFO - Starting direct file download in chunks of 131072 at 0, stride 131072
2025-03-17 02:19:00,975 - INFO - 下载成功: 美洲20250316ip ¹.txt (71643 bytes)
2025-03-17 02:19:00,975 - INFO - 开始下载: 亚洲20250316ip ¹.txt
2025-03-17 02:19:00,976 - INFO - Starting direct file download in chunks of 131072 at 0, stride 131072
2025-03-17 02:19:01,222 - INFO - 下载成功: 亚洲20250316ip ¹.txt (20378 bytes)
2025-03-17 02:19:01,222 - INFO - 开始合并 3 个文件
2025-03-17 02:19:01,225 - INFO - 合并完成 → proxy.txt
2025-03-17 02:19:01,225 - INFO - 检测到GitHub Actions环境，跳过提交步骤
2025-03-17 02:19:01,225 - INFO - === 程序结束 ===
2025-03-17 02:19:01,225 - INFO - Disconnecting from 91.108.56.127:443/TcpFull...
2025-03-17 02:19:01,226 - INFO - Disconnection from 91.108.56.127:443/TcpFull complete!
