2025-03-13 09:10:24,684 - INFO - Connecting to 91.108.56.127:443/TcpFull...
2025-03-13 09:10:24,907 - INFO - Connection to 91.108.56.127:443/TcpFull complete!
2025-03-13 09:10:26,198 - INFO - === 程序启动 ===
2025-03-13 09:10:26,199 - INFO - 已清空下载目录: txt/fdip
2025-03-13 09:10:26,199 - INFO - 已删除旧输出文件: proxy.txt
2025-03-13 09:10:26,434 - INFO - 开始扫描频道消息...
2025-03-13 09:10:27,052 - INFO - 发现新版本文件: 欧洲20250312ip ¹.txt
2025-03-13 09:10:27,052 - INFO - 发现新版本文件: 美洲20250312ip ¹.txt
2025-03-13 09:10:27,052 - INFO - 发现新版本文件: 亚洲20250312ip ¹.txt
2025-03-13 09:10:27,053 - INFO - 共处理 100 条消息，找到 3 个区域的最新文件
2025-03-13 09:10:27,053 - INFO - 开始下载: 欧洲20250312ip ¹.txt
2025-03-13 09:10:27,053 - INFO - Starting direct file download in chunks of 131072 at 0, stride 131072
2025-03-13 09:10:27,293 - INFO - 下载成功: 欧洲20250312ip ¹.txt (72681 bytes)
2025-03-13 09:10:27,294 - INFO - 开始下载: 美洲20250312ip ¹.txt
2025-03-13 09:10:27,294 - INFO - Starting direct file download in chunks of 131072 at 0, stride 131072
2025-03-13 09:10:27,528 - INFO - 下载成功: 美洲20250312ip ¹.txt (71572 bytes)
2025-03-13 09:10:27,529 - INFO - 开始下载: 亚洲20250312ip ¹.txt
2025-03-13 09:10:27,529 - INFO - Starting direct file download in chunks of 131072 at 0, stride 131072
2025-03-13 09:10:27,760 - INFO - 下载成功: 亚洲20250312ip ¹.txt (21130 bytes)
2025-03-13 09:10:27,761 - INFO - 开始合并 3 个文件
2025-03-13 09:10:27,764 - INFO - 合并完成 → proxy.txt
2025-03-13 09:10:27,764 - INFO - 检测到GitHub Actions环境，跳过提交步骤
2025-03-13 09:10:27,764 - INFO - === 程序结束 ===
2025-03-13 09:10:27,765 - INFO - Disconnecting from 91.108.56.127:443/TcpFull...
2025-03-13 09:10:27,765 - INFO - Disconnection from 91.108.56.127:443/TcpFull complete!
