2025-03-19 20:29:59,614 - INFO - Connecting to 91.108.56.127:443/TcpFull...
2025-03-19 20:29:59,804 - INFO - Connection to 91.108.56.127:443/TcpFull complete!
2025-03-19 20:30:00,811 - INFO - === 程序启动 ===
2025-03-19 20:30:00,812 - INFO - 已清空下载目录: txt/fdip
2025-03-19 20:30:00,812 - INFO - 已删除旧输出文件: proxy.txt
2025-03-19 20:30:01,032 - INFO - 开始扫描频道消息...
2025-03-19 20:30:01,697 - INFO - 发现新版本文件: 欧洲20250319ip ¹.txt
2025-03-19 20:30:01,697 - INFO - 发现新版本文件: 美洲20250319ip ¹.txt
2025-03-19 20:30:01,697 - INFO - 发现新版本文件: 亚洲20250319ip ¹.txt
2025-03-19 20:30:01,698 - INFO - 共处理 100 条消息，找到 3 个区域的最新文件
2025-03-19 20:30:01,698 - INFO - 开始下载: 欧洲20250319ip ¹.txt
2025-03-19 20:30:01,698 - INFO - Starting direct file download in chunks of 131072 at 0, stride 131072
2025-03-19 20:30:01,907 - INFO - 下载成功: 欧洲20250319ip ¹.txt (72528 bytes)
2025-03-19 20:30:01,907 - INFO - 开始下载: 美洲20250319ip ¹.txt
2025-03-19 20:30:01,907 - INFO - Starting direct file download in chunks of 131072 at 0, stride 131072
2025-03-19 20:30:02,126 - INFO - 下载成功: 美洲20250319ip ¹.txt (71689 bytes)
2025-03-19 20:30:02,126 - INFO - 开始下载: 亚洲20250319ip ¹.txt
2025-03-19 20:30:02,127 - INFO - Starting direct file download in chunks of 131072 at 0, stride 131072
2025-03-19 20:30:02,338 - INFO - 下载成功: 亚洲20250319ip ¹.txt (21787 bytes)
2025-03-19 20:30:02,338 - INFO - 开始合并 3 个文件
2025-03-19 20:30:02,342 - INFO - 合并完成 → proxy.txt
2025-03-19 20:30:02,342 - INFO - 检测到GitHub Actions环境，跳过提交步骤
2025-03-19 20:30:02,342 - INFO - === 程序结束 ===
2025-03-19 20:30:02,342 - INFO - Disconnecting from 91.108.56.127:443/TcpFull...
2025-03-19 20:30:02,343 - INFO - Disconnection from 91.108.56.127:443/TcpFull complete!
