2025-03-18 02:20:30,348 - INFO - Connecting to 91.108.56.127:443/TcpFull...
2025-03-18 02:20:30,575 - INFO - Connection to 91.108.56.127:443/TcpFull complete!
2025-03-18 02:20:31,800 - INFO - === 程序启动 ===
2025-03-18 02:20:31,801 - INFO - 已清空下载目录: txt/fdip
2025-03-18 02:20:31,801 - INFO - 已删除旧输出文件: proxy.txt
2025-03-18 02:20:32,047 - INFO - 开始扫描频道消息...
2025-03-18 02:20:32,758 - INFO - 发现新版本文件: 欧洲20250317ip ¹.txt
2025-03-18 02:20:32,759 - INFO - 发现新版本文件: 美洲20250317ip ¹.txt
2025-03-18 02:20:32,759 - INFO - 发现新版本文件: 亚洲20250317ip ¹.txt
2025-03-18 02:20:32,760 - INFO - 共处理 100 条消息，找到 3 个区域的最新文件
2025-03-18 02:20:32,760 - INFO - 开始下载: 欧洲20250317ip ¹.txt
2025-03-18 02:20:32,760 - INFO - Starting direct file download in chunks of 131072 at 0, stride 131072
2025-03-18 02:20:33,012 - INFO - 下载成功: 欧洲20250317ip ¹.txt (72657 bytes)
2025-03-18 02:20:33,012 - INFO - 开始下载: 美洲20250317ip ¹.txt
2025-03-18 02:20:33,013 - INFO - Starting direct file download in chunks of 131072 at 0, stride 131072
2025-03-18 02:20:33,265 - INFO - 下载成功: 美洲20250317ip ¹.txt (71636 bytes)
2025-03-18 02:20:33,266 - INFO - 开始下载: 亚洲20250317ip ¹.txt
2025-03-18 02:20:33,266 - INFO - Starting direct file download in chunks of 131072 at 0, stride 131072
2025-03-18 02:20:33,523 - INFO - 下载成功: 亚洲20250317ip ¹.txt (20346 bytes)
2025-03-18 02:20:33,523 - INFO - 开始合并 3 个文件
2025-03-18 02:20:33,527 - INFO - 合并完成 → proxy.txt
2025-03-18 02:20:33,527 - INFO - 检测到GitHub Actions环境，跳过提交步骤
2025-03-18 02:20:33,527 - INFO - === 程序结束 ===
2025-03-18 02:20:33,527 - INFO - Disconnecting from 91.108.56.127:443/TcpFull...
2025-03-18 02:20:33,527 - INFO - Disconnection from 91.108.56.127:443/TcpFull complete!
