2025-03-05 20:50:07,179 - INFO - Connecting to 91.108.56.127:443/TcpFull...
2025-03-05 20:50:07,442 - INFO - Connection to 91.108.56.127:443/TcpFull complete!
2025-03-05 20:50:08,920 - INFO - === 程序启动 ===
2025-03-05 20:50:08,920 - INFO - 已清空下载目录: txt/fdip
2025-03-05 20:50:08,921 - INFO - 已删除旧输出文件: proxy.txt
2025-03-05 20:50:09,205 - INFO - 开始扫描频道消息...
2025-03-05 20:50:09,884 - INFO - 发现新版本文件: 欧洲20250305ip ¹.txt
2025-03-05 20:50:09,884 - INFO - 发现新版本文件: 美洲20250305ip ¹.txt
2025-03-05 20:50:09,884 - INFO - 发现新版本文件: 亚洲20250305ip ¹.txt
2025-03-05 20:50:10,208 - INFO - 共处理 78 条消息，找到 3 个区域的最新文件
2025-03-05 20:50:10,208 - INFO - 开始下载: 欧洲20250305ip ¹.txt
2025-03-05 20:50:10,208 - INFO - Starting direct file download in chunks of 131072 at 0, stride 131072
2025-03-05 20:50:10,532 - INFO - 下载成功: 欧洲20250305ip ¹.txt (56807 bytes)
2025-03-05 20:50:10,532 - INFO - 开始下载: 美洲20250305ip ¹.txt
2025-03-05 20:50:10,533 - INFO - Starting direct file download in chunks of 131072 at 0, stride 131072
2025-03-05 20:50:10,820 - INFO - 下载成功: 美洲20250305ip ¹.txt (55783 bytes)
2025-03-05 20:50:10,820 - INFO - 开始下载: 亚洲20250305ip ¹.txt
2025-03-05 20:50:10,821 - INFO - Starting direct file download in chunks of 131072 at 0, stride 131072
2025-03-05 20:50:11,103 - INFO - 下载成功: 亚洲20250305ip ¹.txt (17537 bytes)
2025-03-05 20:50:11,103 - INFO - 开始合并 3 个文件
2025-03-05 20:50:11,106 - INFO - 合并完成 → proxy.txt
2025-03-05 20:50:11,106 - INFO - 检测到GitHub Actions环境，跳过提交步骤
2025-03-05 20:50:11,106 - INFO - === 程序结束 ===
2025-03-05 20:50:11,107 - INFO - Disconnecting from 91.108.56.127:443/TcpFull...
2025-03-05 20:50:11,107 - INFO - Disconnection from 91.108.56.127:443/TcpFull complete!
