2025-03-20 09:09:37,405 - INFO - Connecting to 91.108.56.127:443/TcpFull...
2025-03-20 09:09:37,630 - INFO - Connection to 91.108.56.127:443/TcpFull complete!
2025-03-20 09:09:38,809 - INFO - === 程序启动 ===
2025-03-20 09:09:38,810 - INFO - 已清空下载目录: txt/fdip
2025-03-20 09:09:38,810 - INFO - 已删除旧输出文件: proxy.txt
2025-03-20 09:09:39,055 - INFO - 开始扫描频道消息...
2025-03-20 09:09:39,665 - INFO - 发现新版本文件: 欧洲20250319ip ¹.txt
2025-03-20 09:09:39,665 - INFO - 发现新版本文件: 美洲20250319ip ¹.txt
2025-03-20 09:09:39,665 - INFO - 发现新版本文件: 亚洲20250319ip ¹.txt
2025-03-20 09:09:39,666 - INFO - 共处理 100 条消息，找到 3 个区域的最新文件
2025-03-20 09:09:39,666 - INFO - 开始下载: 欧洲20250319ip ¹.txt
2025-03-20 09:09:39,666 - INFO - Starting direct file download in chunks of 131072 at 0, stride 131072
2025-03-20 09:09:39,941 - INFO - 下载成功: 欧洲20250319ip ¹.txt (72528 bytes)
2025-03-20 09:09:39,941 - INFO - 开始下载: 美洲20250319ip ¹.txt
2025-03-20 09:09:39,941 - INFO - Starting direct file download in chunks of 131072 at 0, stride 131072
2025-03-20 09:09:40,177 - INFO - 下载成功: 美洲20250319ip ¹.txt (71689 bytes)
2025-03-20 09:09:40,177 - INFO - 开始下载: 亚洲20250319ip ¹.txt
2025-03-20 09:09:40,178 - INFO - Starting direct file download in chunks of 131072 at 0, stride 131072
2025-03-20 09:09:40,411 - INFO - 下载成功: 亚洲20250319ip ¹.txt (21787 bytes)
2025-03-20 09:09:40,411 - INFO - 开始合并 3 个文件
2025-03-20 09:09:40,415 - INFO - 合并完成 → proxy.txt
2025-03-20 09:09:40,415 - INFO - 检测到GitHub Actions环境，跳过提交步骤
2025-03-20 09:09:40,415 - INFO - === 程序结束 ===
2025-03-20 09:09:40,415 - INFO - Disconnecting from 91.108.56.127:443/TcpFull...
2025-03-20 09:09:40,415 - INFO - Disconnection from 91.108.56.127:443/TcpFull complete!
