2025-03-11 02:18:52,184 - INFO - Connecting to 91.108.56.127:443/TcpFull...
2025-03-11 02:18:52,415 - INFO - Connection to 91.108.56.127:443/TcpFull complete!
2025-03-11 02:18:53,619 - INFO - === 程序启动 ===
2025-03-11 02:18:53,619 - INFO - 已清空下载目录: txt/fdip
2025-03-11 02:18:53,620 - INFO - 已删除旧输出文件: proxy.txt
2025-03-11 02:18:53,865 - INFO - 开始扫描频道消息...
2025-03-11 02:18:54,587 - INFO - 发现新版本文件: 欧洲20250310ip ¹.txt
2025-03-11 02:18:54,587 - INFO - 发现新版本文件: 美洲20250310ip ¹.txt
2025-03-11 02:18:54,587 - INFO - 发现新版本文件: 亚洲20250309ip ¹.txt
2025-03-11 02:18:54,588 - INFO - 共处理 100 条消息，找到 3 个区域的最新文件
2025-03-11 02:18:54,588 - INFO - 开始下载: 欧洲20250310ip ¹.txt
2025-03-11 02:18:54,588 - INFO - Starting direct file download in chunks of 131072 at 0, stride 131072
2025-03-11 02:18:54,836 - INFO - 下载成功: 欧洲20250310ip ¹.txt (56937 bytes)
2025-03-11 02:18:54,837 - INFO - 开始下载: 美洲20250310ip ¹.txt
2025-03-11 02:18:54,837 - INFO - Starting direct file download in chunks of 131072 at 0, stride 131072
2025-03-11 02:18:55,083 - INFO - 下载成功: 美洲20250310ip ¹.txt (55772 bytes)
2025-03-11 02:18:55,083 - INFO - 开始下载: 亚洲20250309ip ¹.txt
2025-03-11 02:18:55,083 - INFO - Starting direct file download in chunks of 131072 at 0, stride 131072
2025-03-11 02:18:55,325 - INFO - 下载成功: 亚洲20250309ip ¹.txt (15607 bytes)
2025-03-11 02:18:55,325 - INFO - 开始合并 3 个文件
2025-03-11 02:18:55,328 - INFO - 合并完成 → proxy.txt
2025-03-11 02:18:55,328 - INFO - 检测到GitHub Actions环境，跳过提交步骤
2025-03-11 02:18:55,328 - INFO - === 程序结束 ===
2025-03-11 02:18:55,328 - INFO - Disconnecting from 91.108.56.127:443/TcpFull...
2025-03-11 02:18:55,329 - INFO - Disconnection from 91.108.56.127:443/TcpFull complete!
