2025-03-05 06:24:57,402 - INFO - Connecting to 91.108.56.127:443/TcpFull...
2025-03-05 06:24:57,627 - INFO - Connection to 91.108.56.127:443/TcpFull complete!
2025-03-05 06:24:58,874 - INFO - === 程序启动 ===
2025-03-05 06:24:58,875 - INFO - 已清空下载目录: txt/fdip
2025-03-05 06:24:58,875 - INFO - 已删除旧输出文件: proxy.txt
2025-03-05 06:24:59,179 - INFO - 开始扫描频道消息...
2025-03-05 06:24:59,835 - INFO - 发现新版本文件: 美洲20250304ip ¹.txt
2025-03-05 06:24:59,835 - INFO - 发现新版本文件: 欧洲20250304ip ¹.txt
2025-03-05 06:24:59,836 - INFO - 发现新版本文件: 亚洲20250304ip ¹.txt
2025-03-05 06:25:00,205 - INFO - 共处理 73 条消息，找到 3 个区域的最新文件
2025-03-05 06:25:00,206 - INFO - 开始下载: 美洲20250304ip ¹.txt
2025-03-05 06:25:00,206 - INFO - Starting direct file download in chunks of 131072 at 0, stride 131072
2025-03-05 06:25:00,480 - INFO - 下载成功: 美洲20250304ip ¹.txt (55893 bytes)
2025-03-05 06:25:00,480 - INFO - 开始下载: 欧洲20250304ip ¹.txt
2025-03-05 06:25:00,480 - INFO - Starting direct file download in chunks of 131072 at 0, stride 131072
2025-03-05 06:25:00,717 - INFO - 下载成功: 欧洲20250304ip ¹.txt (56781 bytes)
2025-03-05 06:25:00,717 - INFO - 开始下载: 亚洲20250304ip ¹.txt
2025-03-05 06:25:00,718 - INFO - Starting direct file download in chunks of 131072 at 0, stride 131072
2025-03-05 06:25:00,953 - INFO - 下载成功: 亚洲20250304ip ¹.txt (16141 bytes)
2025-03-05 06:25:00,953 - INFO - 开始合并 3 个文件
2025-03-05 06:25:00,956 - INFO - 合并完成 → proxy.txt
2025-03-05 06:25:00,956 - INFO - 检测到GitHub Actions环境，跳过提交步骤
2025-03-05 06:25:00,956 - INFO - === 程序结束 ===
2025-03-05 06:25:00,956 - INFO - Disconnecting from 91.108.56.127:443/TcpFull...
2025-03-05 06:25:00,957 - INFO - Disconnection from 91.108.56.127:443/TcpFull complete!
