2025-03-15 20:26:04,417 - INFO - Connecting to 91.108.56.127:443/TcpFull...
2025-03-15 20:26:04,670 - INFO - Connection to 91.108.56.127:443/TcpFull complete!
2025-03-15 20:26:05,995 - INFO - === 程序启动 ===
2025-03-15 20:26:05,995 - INFO - 已清空下载目录: txt/fdip
2025-03-15 20:26:05,995 - INFO - 已删除旧输出文件: proxy.txt
2025-03-15 20:26:06,279 - INFO - 开始扫描频道消息...
2025-03-15 20:26:07,030 - INFO - 发现新版本文件: 亚洲20250315ip ¹.txt
2025-03-15 20:26:07,030 - INFO - 发现新版本文件: 欧洲20250315ip ¹.txt
2025-03-15 20:26:07,030 - INFO - 发现新版本文件: 美洲20250315ip ¹.txt
2025-03-15 20:26:07,031 - INFO - 共处理 100 条消息，找到 3 个区域的最新文件
2025-03-15 20:26:07,031 - INFO - 开始下载: 亚洲20250315ip ¹.txt
2025-03-15 20:26:07,032 - INFO - Starting direct file download in chunks of 131072 at 0, stride 131072
2025-03-15 20:26:07,358 - INFO - 下载成功: 亚洲20250315ip ¹.txt (19556 bytes)
2025-03-15 20:26:07,358 - INFO - 开始下载: 欧洲20250315ip ¹.txt
2025-03-15 20:26:07,359 - INFO - Starting direct file download in chunks of 131072 at 0, stride 131072
2025-03-15 20:26:07,647 - INFO - 下载成功: 欧洲20250315ip ¹.txt (72794 bytes)
2025-03-15 20:26:07,647 - INFO - 开始下载: 美洲20250315ip ¹.txt
2025-03-15 20:26:07,648 - INFO - Starting direct file download in chunks of 131072 at 0, stride 131072
2025-03-15 20:26:07,931 - INFO - 下载成功: 美洲20250315ip ¹.txt (71649 bytes)
2025-03-15 20:26:07,931 - INFO - 开始合并 3 个文件
2025-03-15 20:26:07,934 - INFO - 合并完成 → proxy.txt
2025-03-15 20:26:07,934 - INFO - 检测到GitHub Actions环境，跳过提交步骤
2025-03-15 20:26:07,934 - INFO - === 程序结束 ===
2025-03-15 20:26:07,935 - INFO - Disconnecting from 91.108.56.127:443/TcpFull...
2025-03-15 20:26:07,935 - INFO - Disconnection from 91.108.56.127:443/TcpFull complete!
