2025-03-07 16:32:05,093 - INFO - Connecting to 91.108.56.127:443/TcpFull...
2025-03-07 16:32:05,320 - INFO - Connection to 91.108.56.127:443/TcpFull complete!
2025-03-07 16:32:06,537 - INFO - === 程序启动 ===
2025-03-07 16:32:06,537 - INFO - 已清空下载目录: txt/fdip
2025-03-07 16:32:06,537 - INFO - 已删除旧输出文件: proxy.txt
2025-03-07 16:32:06,777 - INFO - 开始扫描频道消息...
2025-03-07 16:32:07,429 - INFO - 发现新版本文件: 欧洲20250307ip ¹.txt
2025-03-07 16:32:07,429 - INFO - 发现新版本文件: 美洲20250307ip ¹.txt
2025-03-07 16:32:07,429 - INFO - 发现新版本文件: 亚洲20250307ip ¹.txt
2025-03-07 16:32:07,665 - INFO - 共处理 89 条消息，找到 3 个区域的最新文件
2025-03-07 16:32:07,665 - INFO - 开始下载: 欧洲20250307ip ¹.txt
2025-03-07 16:32:07,666 - INFO - Starting direct file download in chunks of 131072 at 0, stride 131072
2025-03-07 16:32:07,959 - INFO - 下载成功: 欧洲20250307ip ¹.txt (56816 bytes)
2025-03-07 16:32:07,960 - INFO - 开始下载: 美洲20250307ip ¹.txt
2025-03-07 16:32:07,960 - INFO - Starting direct file download in chunks of 131072 at 0, stride 131072
2025-03-07 16:32:08,249 - INFO - 下载成功: 美洲20250307ip ¹.txt (55764 bytes)
2025-03-07 16:32:08,249 - INFO - 开始下载: 亚洲20250307ip ¹.txt
2025-03-07 16:32:08,250 - INFO - Starting direct file download in chunks of 131072 at 0, stride 131072
2025-03-07 16:32:08,497 - INFO - 下载成功: 亚洲20250307ip ¹.txt (17301 bytes)
2025-03-07 16:32:08,497 - INFO - 开始合并 3 个文件
2025-03-07 16:32:08,501 - INFO - 合并完成 → proxy.txt
2025-03-07 16:32:08,501 - INFO - 检测到GitHub Actions环境，跳过提交步骤
2025-03-07 16:32:08,501 - INFO - === 程序结束 ===
2025-03-07 16:32:08,501 - INFO - Disconnecting from 91.108.56.127:443/TcpFull...
2025-03-07 16:32:08,501 - INFO - Disconnection from 91.108.56.127:443/TcpFull complete!
