2025-03-14 02:20:18,440 - INFO - Connecting to 91.108.56.127:443/TcpFull...
2025-03-14 02:20:18,663 - INFO - Connection to 91.108.56.127:443/TcpFull complete!
2025-03-14 02:20:19,851 - INFO - === 程序启动 ===
2025-03-14 02:20:19,851 - INFO - 已清空下载目录: txt/fdip
2025-03-14 02:20:19,852 - INFO - 已删除旧输出文件: proxy.txt
2025-03-14 02:20:20,087 - INFO - 开始扫描频道消息...
2025-03-14 02:20:20,777 - INFO - 发现新版本文件: 欧洲20250313ip ¹.txt
2025-03-14 02:20:20,777 - INFO - 发现新版本文件: 美洲20250313ip ¹.txt
2025-03-14 02:20:20,777 - INFO - 发现新版本文件: 亚洲20250313ip ¹.txt
2025-03-14 02:20:20,778 - INFO - 共处理 100 条消息，找到 3 个区域的最新文件
2025-03-14 02:20:20,778 - INFO - 开始下载: 欧洲20250313ip ¹.txt
2025-03-14 02:20:20,778 - INFO - Starting direct file download in chunks of 131072 at 0, stride 131072
2025-03-14 02:20:21,024 - INFO - 下载成功: 欧洲20250313ip ¹.txt (72618 bytes)
2025-03-14 02:20:21,024 - INFO - 开始下载: 美洲20250313ip ¹.txt
2025-03-14 02:20:21,025 - INFO - Starting direct file download in chunks of 131072 at 0, stride 131072
2025-03-14 02:20:21,292 - INFO - 下载成功: 美洲20250313ip ¹.txt (71616 bytes)
2025-03-14 02:20:21,292 - INFO - 开始下载: 亚洲20250313ip ¹.txt
2025-03-14 02:20:21,292 - INFO - Starting direct file download in chunks of 131072 at 0, stride 131072
2025-03-14 02:20:21,563 - INFO - 下载成功: 亚洲20250313ip ¹.txt (19309 bytes)
2025-03-14 02:20:21,563 - INFO - 开始合并 3 个文件
2025-03-14 02:20:21,566 - INFO - 合并完成 → proxy.txt
2025-03-14 02:20:21,567 - INFO - 检测到GitHub Actions环境，跳过提交步骤
2025-03-14 02:20:21,567 - INFO - === 程序结束 ===
2025-03-14 02:20:21,567 - INFO - Disconnecting from 91.108.56.127:443/TcpFull...
2025-03-14 02:20:21,567 - INFO - Disconnection from 91.108.56.127:443/TcpFull complete!
