2025-03-10 03:15:34,436 - INFO - Connecting to 91.108.56.127:443/TcpFull...
2025-03-10 03:15:34,663 - INFO - Connection to 91.108.56.127:443/TcpFull complete!
2025-03-10 03:15:35,832 - INFO - === 程序启动 ===
2025-03-10 03:15:35,833 - INFO - 已清空下载目录: txt/fdip
2025-03-10 03:15:35,833 - INFO - 已删除旧输出文件: proxy.txt
2025-03-10 03:15:36,070 - INFO - 开始扫描频道消息...
2025-03-10 03:15:36,769 - INFO - 发现新版本文件: 欧洲20250309ip ¹.txt
2025-03-10 03:15:36,769 - INFO - 发现新版本文件: 美洲20250309ip ¹.txt
2025-03-10 03:15:36,769 - INFO - 发现新版本文件: 亚洲20250309ip ¹.txt
2025-03-10 03:15:37,006 - INFO - 共处理 99 条消息，找到 3 个区域的最新文件
2025-03-10 03:15:37,006 - INFO - 开始下载: 欧洲20250309ip ¹.txt
2025-03-10 03:15:37,006 - INFO - Starting direct file download in chunks of 131072 at 0, stride 131072
2025-03-10 03:15:37,248 - INFO - 下载成功: 欧洲20250309ip ¹.txt (56725 bytes)
2025-03-10 03:15:37,248 - INFO - 开始下载: 美洲20250309ip ¹.txt
2025-03-10 03:15:37,249 - INFO - Starting direct file download in chunks of 131072 at 0, stride 131072
2025-03-10 03:15:37,498 - INFO - 下载成功: 美洲20250309ip ¹.txt (55710 bytes)
2025-03-10 03:15:37,498 - INFO - 开始下载: 亚洲20250309ip ¹.txt
2025-03-10 03:15:37,498 - INFO - Starting direct file download in chunks of 131072 at 0, stride 131072
2025-03-10 03:15:37,777 - INFO - 下载成功: 亚洲20250309ip ¹.txt (15607 bytes)
2025-03-10 03:15:37,777 - INFO - 开始合并 3 个文件
2025-03-10 03:15:37,781 - INFO - 合并完成 → proxy.txt
2025-03-10 03:15:37,781 - INFO - 检测到GitHub Actions环境，跳过提交步骤
2025-03-10 03:15:37,781 - INFO - === 程序结束 ===
2025-03-10 03:15:37,781 - INFO - Disconnecting from 91.108.56.127:443/TcpFull...
2025-03-10 03:15:37,781 - INFO - Disconnection from 91.108.56.127:443/TcpFull complete!
