2025-03-20 14:21:00,905 - INFO - Connecting to 91.108.56.127:443/TcpFull...
2025-03-20 14:21:01,085 - INFO - Connection to 91.108.56.127:443/TcpFull complete!
2025-03-20 14:21:02,040 - INFO - === 程序启动 ===
2025-03-20 14:21:02,041 - INFO - 已清空下载目录: txt/fdip
2025-03-20 14:21:02,041 - INFO - 已删除旧输出文件: proxy.txt
2025-03-20 14:21:02,230 - INFO - 开始扫描频道消息...
2025-03-20 14:21:02,825 - INFO - 发现新版本文件: 欧洲20250319ip ¹.txt
2025-03-20 14:21:02,826 - INFO - 发现新版本文件: 美洲20250319ip ¹.txt
2025-03-20 14:21:02,826 - INFO - 发现新版本文件: 亚洲20250319ip ¹.txt
2025-03-20 14:21:02,827 - INFO - 共处理 100 条消息，找到 3 个区域的最新文件
2025-03-20 14:21:02,827 - INFO - 开始下载: 欧洲20250319ip ¹.txt
2025-03-20 14:21:02,827 - INFO - Starting direct file download in chunks of 131072 at 0, stride 131072
2025-03-20 14:21:03,061 - INFO - 下载成功: 欧洲20250319ip ¹.txt (72528 bytes)
2025-03-20 14:21:03,061 - INFO - 开始下载: 美洲20250319ip ¹.txt
2025-03-20 14:21:03,061 - INFO - Starting direct file download in chunks of 131072 at 0, stride 131072
2025-03-20 14:21:03,265 - INFO - 下载成功: 美洲20250319ip ¹.txt (71689 bytes)
2025-03-20 14:21:03,265 - INFO - 开始下载: 亚洲20250319ip ¹.txt
2025-03-20 14:21:03,266 - INFO - Starting direct file download in chunks of 131072 at 0, stride 131072
2025-03-20 14:21:03,454 - INFO - 下载成功: 亚洲20250319ip ¹.txt (21787 bytes)
2025-03-20 14:21:03,454 - INFO - 开始合并 3 个文件
2025-03-20 14:21:03,458 - INFO - 合并完成 → proxy.txt
2025-03-20 14:21:03,458 - INFO - 检测到GitHub Actions环境，跳过提交步骤
2025-03-20 14:21:03,458 - INFO - === 程序结束 ===
2025-03-20 14:21:03,458 - INFO - Disconnecting from 91.108.56.127:443/TcpFull...
2025-03-20 14:21:03,458 - INFO - Disconnection from 91.108.56.127:443/TcpFull complete!
