2025-03-21 14:22:25,409 - INFO - Connecting to 91.108.56.127:443/TcpFull...
2025-03-21 14:22:25,634 - INFO - Connection to 91.108.56.127:443/TcpFull complete!
2025-03-21 14:22:26,967 - INFO - === 程序启动 ===
2025-03-21 14:22:26,968 - INFO - 已清空下载目录: txt/fdip
2025-03-21 14:22:26,968 - INFO - 已删除旧输出文件: proxy.txt
2025-03-21 14:22:27,280 - INFO - 开始扫描频道消息...
2025-03-21 14:22:28,054 - INFO - 发现新版本文件: 欧洲20250321ip ¹.txt
2025-03-21 14:22:28,054 - INFO - 发现新版本文件: 美洲20250321ip ¹.txt
2025-03-21 14:22:28,054 - INFO - 发现新版本文件: 亚洲20250321ip ¹.txt
2025-03-21 14:22:28,055 - INFO - 共处理 100 条消息，找到 3 个区域的最新文件
2025-03-21 14:22:28,055 - INFO - 开始下载: 欧洲20250321ip ¹.txt
2025-03-21 14:22:28,055 - INFO - Starting direct file download in chunks of 131072 at 0, stride 131072
2025-03-21 14:22:28,422 - INFO - 下载成功: 欧洲20250321ip ¹.txt (72534 bytes)
2025-03-21 14:22:28,422 - INFO - 开始下载: 美洲20250321ip ¹.txt
2025-03-21 14:22:28,422 - INFO - Starting direct file download in chunks of 131072 at 0, stride 131072
2025-03-21 14:22:28,758 - INFO - 下载成功: 美洲20250321ip ¹.txt (71740 bytes)
2025-03-21 14:22:28,758 - INFO - 开始下载: 亚洲20250321ip ¹.txt
2025-03-21 14:22:28,759 - INFO - Starting direct file download in chunks of 131072 at 0, stride 131072
2025-03-21 14:22:29,009 - INFO - 下载成功: 亚洲20250321ip ¹.txt (22024 bytes)
2025-03-21 14:22:29,009 - INFO - 开始合并 3 个文件
2025-03-21 14:22:29,013 - INFO - 合并完成 → proxy.txt
2025-03-21 14:22:29,013 - INFO - 检测到GitHub Actions环境，跳过提交步骤
2025-03-21 14:22:29,013 - INFO - === 程序结束 ===
2025-03-21 14:22:29,013 - INFO - Disconnecting from 91.108.56.127:443/TcpFull...
2025-03-21 14:22:29,013 - INFO - Disconnection from 91.108.56.127:443/TcpFull complete!
