2025-03-16 20:26:04,649 - INFO - Connecting to 91.108.56.127:443/TcpFull...
2025-03-16 20:26:04,882 - INFO - Connection to 91.108.56.127:443/TcpFull complete!
2025-03-16 20:26:06,111 - INFO - === 程序启动 ===
2025-03-16 20:26:06,111 - INFO - 已清空下载目录: txt/fdip
2025-03-16 20:26:06,111 - INFO - 已删除旧输出文件: proxy.txt
2025-03-16 20:26:06,356 - INFO - 开始扫描频道消息...
2025-03-16 20:26:07,072 - INFO - 发现新版本文件: 欧洲20250316ip ¹.txt
2025-03-16 20:26:07,072 - INFO - 发现新版本文件: 美洲20250316ip ¹.txt
2025-03-16 20:26:07,072 - INFO - 发现新版本文件: 亚洲20250316ip ¹.txt
2025-03-16 20:26:07,073 - INFO - 共处理 100 条消息，找到 3 个区域的最新文件
2025-03-16 20:26:07,073 - INFO - 开始下载: 欧洲20250316ip ¹.txt
2025-03-16 20:26:07,073 - INFO - Starting direct file download in chunks of 131072 at 0, stride 131072
2025-03-16 20:26:07,406 - INFO - 下载成功: 欧洲20250316ip ¹.txt (72788 bytes)
2025-03-16 20:26:07,406 - INFO - 开始下载: 美洲20250316ip ¹.txt
2025-03-16 20:26:07,406 - INFO - Starting direct file download in chunks of 131072 at 0, stride 131072
2025-03-16 20:26:07,796 - INFO - 下载成功: 美洲20250316ip ¹.txt (71643 bytes)
2025-03-16 20:26:07,796 - INFO - 开始下载: 亚洲20250316ip ¹.txt
2025-03-16 20:26:07,796 - INFO - Starting direct file download in chunks of 131072 at 0, stride 131072
2025-03-16 20:26:08,050 - INFO - 下载成功: 亚洲20250316ip ¹.txt (20378 bytes)
2025-03-16 20:26:08,050 - INFO - 开始合并 3 个文件
2025-03-16 20:26:08,053 - INFO - 合并完成 → proxy.txt
2025-03-16 20:26:08,053 - INFO - 检测到GitHub Actions环境，跳过提交步骤
2025-03-16 20:26:08,054 - INFO - === 程序结束 ===
2025-03-16 20:26:08,054 - INFO - Disconnecting from 91.108.56.127:443/TcpFull...
2025-03-16 20:26:08,054 - INFO - Disconnection from 91.108.56.127:443/TcpFull complete!
