2025-03-15 09:08:21,232 - INFO - Connecting to 91.108.56.127:443/TcpFull...
2025-03-15 09:08:21,458 - INFO - Connection to 91.108.56.127:443/TcpFull complete!
2025-03-15 09:08:22,719 - INFO - === 程序启动 ===
2025-03-15 09:08:22,719 - INFO - 已清空下载目录: txt/fdip
2025-03-15 09:08:22,719 - INFO - 已删除旧输出文件: proxy.txt
2025-03-15 09:08:22,998 - INFO - 开始扫描频道消息...
2025-03-15 09:08:23,725 - INFO - 发现新版本文件: 欧洲20250314ip ¹.txt
2025-03-15 09:08:23,726 - INFO - 发现新版本文件: 美洲20250314ip ¹.txt
2025-03-15 09:08:23,726 - INFO - 发现新版本文件: 亚洲20250314ip ¹.txt
2025-03-15 09:08:23,727 - INFO - 共处理 100 条消息，找到 3 个区域的最新文件
2025-03-15 09:08:23,727 - INFO - 开始下载: 欧洲20250314ip ¹.txt
2025-03-15 09:08:23,727 - INFO - Starting direct file download in chunks of 131072 at 0, stride 131072
2025-03-15 09:08:24,020 - INFO - 下载成功: 欧洲20250314ip ¹.txt (72636 bytes)
2025-03-15 09:08:24,020 - INFO - 开始下载: 美洲20250314ip ¹.txt
2025-03-15 09:08:24,020 - INFO - Starting direct file download in chunks of 131072 at 0, stride 131072
2025-03-15 09:08:24,263 - INFO - 下载成功: 美洲20250314ip ¹.txt (71564 bytes)
2025-03-15 09:08:24,263 - INFO - 开始下载: 亚洲20250314ip ¹.txt
2025-03-15 09:08:24,264 - INFO - Starting direct file download in chunks of 131072 at 0, stride 131072
2025-03-15 09:08:24,498 - INFO - 下载成功: 亚洲20250314ip ¹.txt (20265 bytes)
2025-03-15 09:08:24,498 - INFO - 开始合并 3 个文件
2025-03-15 09:08:24,502 - INFO - 合并完成 → proxy.txt
2025-03-15 09:08:24,502 - INFO - 检测到GitHub Actions环境，跳过提交步骤
2025-03-15 09:08:24,502 - INFO - === 程序结束 ===
2025-03-15 09:08:24,502 - INFO - Disconnecting from 91.108.56.127:443/TcpFull...
2025-03-15 09:08:24,502 - INFO - Disconnection from 91.108.56.127:443/TcpFull complete!
