2025-03-08 03:20:13,842 - INFO - Connecting to 91.108.56.127:443/TcpFull...
2025-03-08 03:20:14,026 - INFO - Connection to 91.108.56.127:443/TcpFull complete!
2025-03-08 03:20:15,022 - INFO - === 程序启动 ===
2025-03-08 03:20:15,023 - INFO - 已清空下载目录: txt/fdip
2025-03-08 03:20:15,023 - INFO - 已删除旧输出文件: proxy.txt
2025-03-08 03:20:15,271 - INFO - 开始扫描频道消息...
2025-03-08 03:20:15,926 - INFO - 发现新版本文件: 欧洲20250307ip ¹.txt
2025-03-08 03:20:15,926 - INFO - 发现新版本文件: 美洲20250307ip ¹.txt
2025-03-08 03:20:15,926 - INFO - 发现新版本文件: 亚洲20250307ip ¹.txt
2025-03-08 03:20:16,126 - INFO - 共处理 90 条消息，找到 3 个区域的最新文件
2025-03-08 03:20:16,126 - INFO - 开始下载: 欧洲20250307ip ¹.txt
2025-03-08 03:20:16,127 - INFO - Starting direct file download in chunks of 131072 at 0, stride 131072
2025-03-08 03:20:16,325 - INFO - 下载成功: 欧洲20250307ip ¹.txt (56816 bytes)
2025-03-08 03:20:16,326 - INFO - 开始下载: 美洲20250307ip ¹.txt
2025-03-08 03:20:16,326 - INFO - Starting direct file download in chunks of 131072 at 0, stride 131072
2025-03-08 03:20:16,604 - INFO - 下载成功: 美洲20250307ip ¹.txt (55764 bytes)
2025-03-08 03:20:16,605 - INFO - 开始下载: 亚洲20250307ip ¹.txt
2025-03-08 03:20:16,605 - INFO - Starting direct file download in chunks of 131072 at 0, stride 131072
2025-03-08 03:20:16,844 - INFO - 下载成功: 亚洲20250307ip ¹.txt (17301 bytes)
2025-03-08 03:20:16,844 - INFO - 开始合并 3 个文件
2025-03-08 03:20:16,848 - INFO - 合并完成 → proxy.txt
2025-03-08 03:20:16,848 - INFO - 检测到GitHub Actions环境，跳过提交步骤
2025-03-08 03:20:16,848 - INFO - === 程序结束 ===
2025-03-08 03:20:16,848 - INFO - Disconnecting from 91.108.56.127:443/TcpFull...
2025-03-08 03:20:16,849 - INFO - Disconnection from 91.108.56.127:443/TcpFull complete!
