2025-03-25 14:21:32,301 - INFO - Connecting to 91.108.56.127:443/TcpFull...
2025-03-25 14:21:32,531 - INFO - Connection to 91.108.56.127:443/TcpFull complete!
2025-03-25 14:21:33,729 - INFO - === 程序启动 ===
2025-03-25 14:21:33,730 - INFO - 已清空下载目录: txt/fdip
2025-03-25 14:21:33,730 - INFO - 已删除旧输出文件: proxy.txt
2025-03-25 14:21:33,986 - INFO - 开始扫描频道消息...
2025-03-25 14:21:34,535 - INFO - 发现新版本文件: 欧洲20250324ip ¹.txt
2025-03-25 14:21:34,536 - INFO - 发现新版本文件: 亚洲20250324ip ¹.txt
2025-03-25 14:21:34,536 - INFO - 发现新版本文件: 美洲20250324ip ¹.txt
2025-03-25 14:21:34,537 - INFO - 共处理 100 条消息，找到 3 个区域的最新文件
2025-03-25 14:21:34,537 - INFO - 开始下载: 欧洲20250324ip ¹.txt
2025-03-25 14:21:34,537 - INFO - Starting direct file download in chunks of 131072 at 0, stride 131072
2025-03-25 14:21:34,816 - INFO - 下载成功: 欧洲20250324ip ¹.txt (72459 bytes)
2025-03-25 14:21:34,816 - INFO - 开始下载: 亚洲20250324ip ¹.txt
2025-03-25 14:21:34,817 - INFO - Starting direct file download in chunks of 131072 at 0, stride 131072
2025-03-25 14:21:35,057 - INFO - 下载成功: 亚洲20250324ip ¹.txt (22790 bytes)
2025-03-25 14:21:35,057 - INFO - 开始下载: 美洲20250324ip ¹.txt
2025-03-25 14:21:35,058 - INFO - Starting direct file download in chunks of 131072 at 0, stride 131072
2025-03-25 14:21:35,346 - INFO - 下载成功: 美洲20250324ip ¹.txt (71648 bytes)
2025-03-25 14:21:35,346 - INFO - 开始合并 3 个文件
2025-03-25 14:21:35,350 - INFO - 合并完成 → proxy.txt
2025-03-25 14:21:35,350 - INFO - 检测到GitHub Actions环境，跳过提交步骤
2025-03-25 14:21:35,350 - INFO - === 程序结束 ===
2025-03-25 14:21:35,350 - INFO - Disconnecting from 91.108.56.127:443/TcpFull...
2025-03-25 14:21:35,351 - INFO - Disconnection from 91.108.56.127:443/TcpFull complete!
