2025-03-09 23:21:40,059 - INFO - Connecting to 91.108.56.127:443/TcpFull...
2025-03-09 23:21:40,284 - INFO - Connection to 91.108.56.127:443/TcpFull complete!
2025-03-09 23:21:41,465 - INFO - === 程序启动 ===
2025-03-09 23:21:41,466 - INFO - 已清空下载目录: txt/fdip
2025-03-09 23:21:41,466 - INFO - 已删除旧输出文件: proxy.txt
2025-03-09 23:21:41,710 - INFO - 开始扫描频道消息...
2025-03-09 23:21:42,456 - INFO - 发现新版本文件: 欧洲20250309ip ¹.txt
2025-03-09 23:21:42,456 - INFO - 发现新版本文件: 美洲20250309ip ¹.txt
2025-03-09 23:21:42,456 - INFO - 发现新版本文件: 亚洲20250309ip ¹.txt
2025-03-09 23:21:42,697 - INFO - 共处理 98 条消息，找到 3 个区域的最新文件
2025-03-09 23:21:42,697 - INFO - 开始下载: 欧洲20250309ip ¹.txt
2025-03-09 23:21:42,697 - INFO - Starting direct file download in chunks of 131072 at 0, stride 131072
2025-03-09 23:21:42,944 - INFO - 下载成功: 欧洲20250309ip ¹.txt (56725 bytes)
2025-03-09 23:21:42,944 - INFO - 开始下载: 美洲20250309ip ¹.txt
2025-03-09 23:21:42,944 - INFO - Starting direct file download in chunks of 131072 at 0, stride 131072
2025-03-09 23:21:43,206 - INFO - 下载成功: 美洲20250309ip ¹.txt (55710 bytes)
2025-03-09 23:21:43,207 - INFO - 开始下载: 亚洲20250309ip ¹.txt
2025-03-09 23:21:43,207 - INFO - Starting direct file download in chunks of 131072 at 0, stride 131072
2025-03-09 23:21:43,445 - INFO - 下载成功: 亚洲20250309ip ¹.txt (15607 bytes)
2025-03-09 23:21:43,445 - INFO - 开始合并 3 个文件
2025-03-09 23:21:43,448 - INFO - 合并完成 → proxy.txt
2025-03-09 23:21:43,448 - INFO - 检测到GitHub Actions环境，跳过提交步骤
2025-03-09 23:21:43,448 - INFO - === 程序结束 ===
2025-03-09 23:21:43,449 - INFO - Disconnecting from 91.108.56.127:443/TcpFull...
2025-03-09 23:21:43,449 - INFO - Disconnection from 91.108.56.127:443/TcpFull complete!
