2025-03-07 02:34:21,320 - INFO - Connecting to 91.108.56.127:443/TcpFull...
2025-03-07 02:34:21,545 - INFO - Connection to 91.108.56.127:443/TcpFull complete!
2025-03-07 02:34:22,747 - INFO - === 程序启动 ===
2025-03-07 02:34:22,748 - INFO - 已清空下载目录: txt/fdip
2025-03-07 02:34:22,748 - INFO - 已删除旧输出文件: proxy.txt
2025-03-07 02:34:22,996 - INFO - 开始扫描频道消息...
2025-03-07 02:34:23,585 - INFO - 发现新版本文件: 欧洲20250306ip ¹.txt
2025-03-07 02:34:23,585 - INFO - 发现新版本文件: 亚洲20250306ip ¹.txt
2025-03-07 02:34:23,585 - INFO - 发现新版本文件: 美洲20250306ip ¹.txt
2025-03-07 02:34:23,834 - INFO - 共处理 85 条消息，找到 3 个区域的最新文件
2025-03-07 02:34:23,834 - INFO - 开始下载: 欧洲20250306ip ¹.txt
2025-03-07 02:34:23,834 - INFO - Starting direct file download in chunks of 131072 at 0, stride 131072
2025-03-07 02:34:24,082 - INFO - 下载成功: 欧洲20250306ip ¹.txt (56756 bytes)
2025-03-07 02:34:24,082 - INFO - 开始下载: 亚洲20250306ip ¹.txt
2025-03-07 02:34:24,083 - INFO - Starting direct file download in chunks of 131072 at 0, stride 131072
2025-03-07 02:34:24,582 - INFO - 下载成功: 亚洲20250306ip ¹.txt (16467 bytes)
2025-03-07 02:34:24,582 - INFO - 开始下载: 美洲20250306ip ¹.txt
2025-03-07 02:34:24,582 - INFO - Starting direct file download in chunks of 131072 at 0, stride 131072
2025-03-07 02:34:24,973 - INFO - 下载成功: 美洲20250306ip ¹.txt (55791 bytes)
2025-03-07 02:34:24,973 - INFO - 开始合并 3 个文件
2025-03-07 02:34:24,977 - INFO - 合并完成 → proxy.txt
2025-03-07 02:34:24,977 - INFO - 检测到GitHub Actions环境，跳过提交步骤
2025-03-07 02:34:24,977 - INFO - === 程序结束 ===
2025-03-07 02:34:24,977 - INFO - Disconnecting from 91.108.56.127:443/TcpFull...
2025-03-07 02:34:24,977 - INFO - Disconnection from 91.108.56.127:443/TcpFull complete!
