2025-03-24 09:13:00,159 - INFO - Connecting to 91.108.56.127:443/TcpFull...
2025-03-24 09:13:00,383 - INFO - Connection to 91.108.56.127:443/TcpFull complete!
2025-03-24 09:13:01,541 - INFO - === 程序启动 ===
2025-03-24 09:13:01,542 - INFO - 已清空下载目录: txt/fdip
2025-03-24 09:13:01,542 - INFO - 已删除旧输出文件: proxy.txt
2025-03-24 09:13:01,777 - INFO - 开始扫描频道消息...
2025-03-24 09:13:02,474 - INFO - 发现新版本文件: 欧洲20250322ip ¹.txt
2025-03-24 09:13:02,474 - INFO - 发现新版本文件: 美洲20250322ip ¹.txt
2025-03-24 09:13:02,474 - INFO - 发现新版本文件: 亚洲20250322ip ¹.txt
2025-03-24 09:13:02,476 - INFO - 共处理 100 条消息，找到 3 个区域的最新文件
2025-03-24 09:13:02,476 - INFO - 开始下载: 欧洲20250322ip ¹.txt
2025-03-24 09:13:02,476 - INFO - Starting direct file download in chunks of 131072 at 0, stride 131072
2025-03-24 09:13:02,717 - INFO - 下载成功: 欧洲20250322ip ¹.txt (72513 bytes)
2025-03-24 09:13:02,717 - INFO - 开始下载: 美洲20250322ip ¹.txt
2025-03-24 09:13:02,717 - INFO - Starting direct file download in chunks of 131072 at 0, stride 131072
2025-03-24 09:13:02,978 - INFO - 下载成功: 美洲20250322ip ¹.txt (71714 bytes)
2025-03-24 09:13:02,978 - INFO - 开始下载: 亚洲20250322ip ¹.txt
2025-03-24 09:13:02,978 - INFO - Starting direct file download in chunks of 131072 at 0, stride 131072
2025-03-24 09:13:03,218 - INFO - 下载成功: 亚洲20250322ip ¹.txt (23256 bytes)
2025-03-24 09:13:03,218 - INFO - 开始合并 3 个文件
2025-03-24 09:13:03,221 - INFO - 合并完成 → proxy.txt
2025-03-24 09:13:03,221 - INFO - 检测到GitHub Actions环境，跳过提交步骤
2025-03-24 09:13:03,222 - INFO - === 程序结束 ===
2025-03-24 09:13:03,222 - INFO - Disconnecting from 91.108.56.127:443/TcpFull...
2025-03-24 09:13:03,222 - INFO - Disconnection from 91.108.56.127:443/TcpFull complete!
