2025-03-08 14:28:10,201 - INFO - Connecting to 91.108.56.127:443/TcpFull...
2025-03-08 14:28:10,385 - INFO - Connection to 91.108.56.127:443/TcpFull complete!
2025-03-08 14:28:11,688 - INFO - === 程序启动 ===
2025-03-08 14:28:11,688 - INFO - 已清空下载目录: txt/fdip
2025-03-08 14:28:11,688 - INFO - 已删除旧输出文件: proxy.txt
2025-03-08 14:28:11,902 - INFO - 开始扫描频道消息...
2025-03-08 14:28:12,538 - INFO - 发现新版本文件: 亚洲20250308ip ¹.txt
2025-03-08 14:28:12,539 - INFO - 发现新版本文件: 欧洲20250308ip ¹.txt
2025-03-08 14:28:12,539 - INFO - 发现新版本文件: 美洲20250308ip ¹.txt
2025-03-08 14:28:12,736 - INFO - 共处理 94 条消息，找到 3 个区域的最新文件
2025-03-08 14:28:12,736 - INFO - 开始下载: 亚洲20250308ip ¹.txt
2025-03-08 14:28:12,736 - INFO - Starting direct file download in chunks of 131072 at 0, stride 131072
2025-03-08 14:28:12,935 - INFO - 下载成功: 亚洲20250308ip ¹.txt (16823 bytes)
2025-03-08 14:28:12,935 - INFO - 开始下载: 欧洲20250308ip ¹.txt
2025-03-08 14:28:12,935 - INFO - Starting direct file download in chunks of 131072 at 0, stride 131072
2025-03-08 14:28:13,134 - INFO - 下载成功: 欧洲20250308ip ¹.txt (56739 bytes)
2025-03-08 14:28:13,134 - INFO - 开始下载: 美洲20250308ip ¹.txt
2025-03-08 14:28:13,134 - INFO - Starting direct file download in chunks of 131072 at 0, stride 131072
2025-03-08 14:28:13,336 - INFO - 下载成功: 美洲20250308ip ¹.txt (55755 bytes)
2025-03-08 14:28:13,337 - INFO - 开始合并 3 个文件
2025-03-08 14:28:13,340 - INFO - 合并完成 → proxy.txt
2025-03-08 14:28:13,340 - INFO - 检测到GitHub Actions环境，跳过提交步骤
2025-03-08 14:28:13,340 - INFO - === 程序结束 ===
2025-03-08 14:28:13,340 - INFO - Disconnecting from 91.108.56.127:443/TcpFull...
2025-03-08 14:28:13,341 - INFO - Disconnection from 91.108.56.127:443/TcpFull complete!
