2025-03-18 14:21:07,069 - INFO - Connecting to 91.108.56.127:443/TcpFull...
2025-03-18 14:21:07,295 - INFO - Connection to 91.108.56.127:443/TcpFull complete!
2025-03-18 14:21:08,478 - INFO - === 程序启动 ===
2025-03-18 14:21:08,479 - INFO - 已清空下载目录: txt/fdip
2025-03-18 14:21:08,479 - INFO - 已删除旧输出文件: proxy.txt
2025-03-18 14:21:08,718 - INFO - 开始扫描频道消息...
2025-03-18 14:21:09,444 - INFO - 发现新版本文件: 欧洲20250318ip ¹.txt
2025-03-18 14:21:09,444 - INFO - 发现新版本文件: 美洲20250318ip ¹.txt
2025-03-18 14:21:09,444 - INFO - 发现新版本文件: 亚洲20250318ip ¹.txt
2025-03-18 14:21:09,445 - INFO - 共处理 100 条消息，找到 3 个区域的最新文件
2025-03-18 14:21:09,445 - INFO - 开始下载: 欧洲20250318ip ¹.txt
2025-03-18 14:21:09,445 - INFO - Starting direct file download in chunks of 131072 at 0, stride 131072
2025-03-18 14:21:09,704 - INFO - 下载成功: 欧洲20250318ip ¹.txt (72655 bytes)
2025-03-18 14:21:09,704 - INFO - 开始下载: 美洲20250318ip ¹.txt
2025-03-18 14:21:09,704 - INFO - Starting direct file download in chunks of 131072 at 0, stride 131072
2025-03-18 14:21:09,945 - INFO - 下载成功: 美洲20250318ip ¹.txt (71706 bytes)
2025-03-18 14:21:09,945 - INFO - 开始下载: 亚洲20250318ip ¹.txt
2025-03-18 14:21:09,946 - INFO - Starting direct file download in chunks of 131072 at 0, stride 131072
2025-03-18 14:21:10,182 - INFO - 下载成功: 亚洲20250318ip ¹.txt (20982 bytes)
2025-03-18 14:21:10,182 - INFO - 开始合并 3 个文件
2025-03-18 14:21:10,185 - INFO - 合并完成 → proxy.txt
2025-03-18 14:21:10,185 - INFO - 检测到GitHub Actions环境，跳过提交步骤
2025-03-18 14:21:10,185 - INFO - === 程序结束 ===
2025-03-18 14:21:10,185 - INFO - Disconnecting from 91.108.56.127:443/TcpFull...
2025-03-18 14:21:10,185 - INFO - Disconnection from 91.108.56.127:443/TcpFull complete!
