2025-03-05 18:15:02,701 - INFO - 日志文件已创建: logs/ip_check_20250305_181502.log
2025-03-05 18:15:02,720 - INFO - [HKG] 域名解析 hk.616049.xyz => 
  - 172.64.146.173
  - 104.16.68.38
  - 104.17.163.123
2025-03-05 18:15:02,734 - INFO - [LAX] 域名解析 us.616049.xyz => 
  - 188.114.98.84
  - 108.162.192.132
  - 108.162.193.47
2025-03-05 18:15:02,748 - INFO - [FRA] 域名解析 de.616049.xyz => 
  - 141.101.90.101
  - 141.101.90.100
  - 141.101.90.102
2025-03-05 18:15:02,770 - ERROR - DNS解析失败 sg.616049.xyz: [Errno -5] No address associated with hostname
2025-03-05 18:15:02,771 - INFO - [SIN] 域名解析 sg.616049.xyz => 
  - 无IP地址
2025-03-05 18:15:02,776 - INFO - [NRT] 域名解析 jp.616049.xyz => 
  - 126.66.211.71
2025-03-05 18:15:02,782 - INFO - [ICN] 域名解析 kr.616049.xyz => 
  - 172.65.90.33
2025-03-05 18:15:02,793 - INFO - [LAX] ✅ us.616049.xyz:443 连接成功
2025-03-05 18:15:03,509 - INFO - [ICN] ✅ kr.616049.xyz:443 连接成功
2025-03-05 18:15:04,160 - INFO - [HKG] ✅ hk.616049.xyz:443 连接成功
2025-03-05 18:15:04,795 - INFO - [FRA] ✅ de.616049.xyz:443 连接成功
2025-03-05 18:15:05,430 - ERROR - [SIN] ❌ sg.616049.xyz:443 检测失败
  解析IP:
  - 无IP地址
  错误原因: gaierror: [Errno -5] No address associated with hostname
2025-03-05 18:15:05,430 - ERROR - [NRT] ❌ jp.616049.xyz:443 检测失败
  解析IP:
  - 126.66.211.71
  错误原因: ConnectionRefusedError: [Errno 111] Connection refused
2025-03-05 18:15:05,431 - INFO - 
========================================
2025-03-05 18:15:05,431 - INFO - 总检测节点: 6
2025-03-05 18:15:06,066 - INFO - ✅ 成功节点: 4
2025-03-05 18:15:06,771 - ERROR - ❌ 失败节点: 2
2025-03-05 18:15:08,042 - INFO - 
========================================
2025-03-05 18:15:08,042 - INFO - 触发更新: NRT,SIN
2025-03-05 18:15:46,560 - INFO - 🔄 更新成功
输出结果:

[36m
   ____ _      __ _       _ __ _____        _   __     ___
  / ___| | ___/ _| | __ _| / _|___ /  __ _| |_/ /_   / _ \ _ __ ___
 | |   | |/ / |_| |/ _` | | |_ |_ \ / _` | __| '_ \ | | | | '_ ` _ \
 | |___|   <|  _| | (_| | |  _|__) | (_| | |_| | | || |_| | | | | | |
  \____|_|\_\_| |_|\__,_|_|_| |____/ \__,_|\__|_| |_(_)___/|_| |_| |_|

[0m

[1m[32m🚀 开始执行 Cloudflare 优选IP自动化脚本[0m

已删除旧日志文件: logs/cfstip_20250305_164830.log
2025-03-05 18:15:08,089 - INFO - 已创建或确认目录 csv 存在。
2025-03-05 18:15:08,090 - INFO - 已创建或确认目录 logs 存在。
2025-03-05 18:15:08,090 - INFO - 已创建或确认目录 port 存在。
2025-03-05 18:15:08,090 - INFO - 已创建或确认目录 cfip 存在。
2025-03-05 18:15:08,090 - INFO - 已创建或确认目录 speed 存在。
2025-03-05 18:15:08,090 - INFO - 清理旧CSV文件...

[1m[33m▶ 请选择测试模式:[0m
[32m1[0m) [36m批量测试（所有区域）[0m
[32m2[0m) [36m逐个测试（分区域）[0m
[33m⏳ 5秒内未选择将自动使用逐个测试模式[0m
[32m✓ 已选择逐个测试模式[0m
2025-03-05 18:15:08,090 - INFO - 自定义运行区域: ['NRT', 'SIN']
[1m[33m▶ 请选择测速模式:[0m
[32m 1[0m) [36mHTTPing[0m (推荐测试网站响应)
[32m 2[0m) [36mTCPing[0m (仅测试TCP握手)
[33m⏳ 5秒内未选择将自动使用 HTTPing[0m
[32m✓ 已选择 HTTPing 模式[0m

[1m[33m🔧 正在处理区域 (1/2)：🇯🇵 NRT[0m
2025-03-05 18:15:08,090 - INFO - 正在测试区域: NRT，模式: HTTPing
# XIU2/CloudflareSpeedTest v2.2.6 

开始延迟测速（模式：HTTP, 端口：443, 线程数：500, 范围：10 ~ 288 ms, 丢包：0.20)
开始下载测速（下限：0.00 MB/s, 数量：1, 队列：1）
IP 地址           已发送  已接收  丢包率  平均延迟  下载速度 (MB/s) 地区码(Colo)
172.65.90.14      4       4       0.00    114.71    97.44          NRT       

完整测速结果已写入 csv/resultip.csv 文件，可使用记事本/表格软件查看。
2025-03-05 18:15:24,615 - INFO - csv/resultip.csv 文件已存在，无需新建。
[36m🧹 清理 NRT 的旧记录...[0m
2025-03-05 18:15:24,616 - INFO - 写入: 172.65.90.14#🇯🇵JP1┃114.71ms
[32m✓ 已写入 1 条IP到 delay/ip.txt[0m
2025-03-05 18:15:24,617 - INFO - 写入: 172.65.90.14:443#🇯🇵JP1
[32m✓ 已写入 1 条端口到 port/ip.txt[0m
2025-03-05 18:15:24,617 - INFO - 写入: 172.65.90.14:443#🇯🇵JP1┃⚡97.44MB/s
[32m✓ 已写入 1 条高速IP到 speed/ip.txt[0m
[36m📦 结果已归档到 csv/ip/NRT.csv[0m

[1m[33m🔧 正在处理区域 (2/2)：🇸🇬 SIN[0m
2025-03-05 18:15:24,617 - INFO - 正在测试区域: SIN，模式: HTTPing
# XIU2/CloudflareSpeedTest v2.2.6 

开始延迟测速（模式：HTTP, 端口：443, 线程数：500, 范围：10 ~ 288 ms, 丢包：0.20)

[信息] 延迟测速结果 IP 数量为 0，跳过下载测速。

[信息] 完整测速结果 IP 数量为 0，跳过输出结果。
2025-03-05 18:15:38,562 - INFO - csv/resultip.csv 文件已存在，无需新建。
[36m🧹 清理 SIN 的旧记录...[0m
2025-03-05 18:15:38,563 - WARNING - 文件 csv/resultip.csv 为空，跳过读取。
[31m⚠ 未找到有效IP数据，跳过处理[0m
2025-03-05 18:15:38,564 - INFO - 正在调用 checker.py 检查 IP 列表...
Deleted old log file: logs/checker_20250305_165027.log
2025-03-05 18:15:45,763 - INFO - checker.py 执行完成。
2025-03-05 18:15:45,763 - INFO - 正在 GitHub Actions 环境中运行，跳过提交代码到github

2025-03-05 18:15:46,561 - INFO - 
========================================
2025-03-05 18:15:46,561 - INFO - 检测到有效CSV文件，触发DDNS更新
✅ NRT.csv 包含有效数据 (128字节)
❌ SIN.csv 文件不存在
2025-03-05 18:16:02,703 - INFO - 🔄 DDNS更新成功
输出结果:

