2025-03-05 01:40:47,018 - INFO - 日志文件已创建: logs/ip_check_20250305_014047.log
2025-03-05 01:40:47,036 - INFO - [HKG] 域名解析 hk.616049.xyz => 
  - 104.17.163.123
  - 104.16.68.38
  - 172.64.146.173
2025-03-05 01:40:47,053 - INFO - [LAX] 域名解析 us.616049.xyz => 
  - 108.162.192.132
  - 188.114.98.84
  - 108.162.193.47
2025-03-05 01:40:47,069 - INFO - [FRA] 域名解析 de.616049.xyz => 
  - 141.101.90.101
  - 141.101.90.102
  - 141.101.90.100
2025-03-05 01:40:47,088 - ERROR - DNS解析失败 sg.616049.xyz: [Errno -5] No address associated with hostname
2025-03-05 01:40:47,088 - INFO - [SIN] 域名解析 sg.616049.xyz => 
  - 无IP地址
2025-03-05 01:40:47,100 - INFO - [NRT] 域名解析 jp.616049.xyz => 
  - 162.159.142.175
  - 162.159.133.231
  - 162.159.152.227
2025-03-05 01:40:47,115 - INFO - [ICN] 域名解析 kr.616049.xyz => 
  - 172.65.90.33
2025-03-05 01:40:47,138 - INFO - [HKG] ✅ hk.616049.xyz:443 连接成功
2025-03-05 01:40:47,733 - INFO - [FRA] ✅ de.616049.xyz:443 连接成功
2025-03-05 01:40:48,270 - INFO - [ICN] ✅ kr.616049.xyz:443 连接成功
2025-03-05 01:40:48,825 - INFO - [NRT] ✅ jp.616049.xyz:443 连接成功
2025-03-05 01:40:49,399 - INFO - [LAX] ✅ us.616049.xyz:443 连接成功
2025-03-05 01:40:49,942 - ERROR - [SIN] ❌ sg.616049.xyz:443 检测失败
  解析IP:
  - 无IP地址
  错误原因: gaierror: [Errno -5] No address associated with hostname
2025-03-05 01:40:49,942 - INFO - 
========================================
2025-03-05 01:40:49,942 - INFO - 总检测节点: 6
2025-03-05 01:40:50,535 - INFO - ✅ 成功节点: 5
2025-03-05 01:40:51,107 - ERROR - ❌ 失败节点: 1
2025-03-05 01:40:52,184 - INFO - 
========================================
2025-03-05 01:40:52,184 - INFO - 触发更新: SIN
2025-03-05 01:41:15,319 - INFO - 🔄 更新成功
输出结果:

[36m
   ____ _      __ _       _ __ _____        _   __     ___
  / ___| | ___/ _| | __ _| / _|___ /  __ _| |_/ /_   / _ \ _ __ ___
 | |   | |/ / |_| |/ _` | | |_ |_ \ / _` | __| '_ \ | | | | '_ ` _ \
 | |___|   <|  _| | (_| | |  _|__) | (_| | |_| | | || |_| | | | | | |
  \____|_|\_\_| |_|\__,_|_|_| |____/ \__,_|\__|_| |_(_)___/|_| |_| |_|

[0m

[1m[32m🚀 开始执行 Cloudflare 优选IP自动化脚本[0m

已删除旧日志文件: logs/cfstip_20250305_012118.log
2025-03-05 01:40:52,222 - INFO - 已创建或确认目录 csv 存在。
2025-03-05 01:40:52,222 - INFO - 已创建或确认目录 logs 存在。
2025-03-05 01:40:52,222 - INFO - 已创建或确认目录 port 存在。
2025-03-05 01:40:52,222 - INFO - 已创建或确认目录 cfip 存在。
2025-03-05 01:40:52,222 - INFO - 已创建或确认目录 speed 存在。
2025-03-05 01:40:52,222 - INFO - 清理旧CSV文件...

[1m[33m▶ 请选择测试模式:[0m
[32m1[0m) [36m批量测试（所有区域）[0m
[32m2[0m) [36m逐个测试（分区域）[0m
[33m⏳ 5秒内未选择将自动使用逐个测试模式[0m
[32m✓ 已选择逐个测试模式[0m
2025-03-05 01:40:52,222 - INFO - 自定义运行区域: ['SIN']
[1m[33m▶ 请选择测速模式:[0m
[32m 1[0m) [36mHTTPing[0m (推荐测试网站响应)
[32m 2[0m) [36mTCPing[0m (仅测试TCP握手)
[33m⏳ 5秒内未选择将自动使用 HTTPing[0m
[32m✓ 已选择 HTTPing 模式[0m

[1m[33m🔧 正在处理区域 (1/1)：🇸🇬 SIN[0m
2025-03-05 01:40:52,222 - INFO - 正在测试区域: SIN，模式: HTTPing
# XIU2/CloudflareSpeedTest v2.2.6 

开始延迟测速（模式：HTTP, 端口：443, 线程数：500, 范围：10 ~ 288 ms, 丢包：0.20)

[信息] 延迟测速结果 IP 数量为 0，跳过下载测速。

[信息] 完整测速结果 IP 数量为 0，跳过输出结果。
2025-03-05 01:41:06,229 - INFO - csv/resultip.csv 文件已存在，无需新建。
[36m🧹 清理 SIN 的旧记录...[0m
2025-03-05 01:41:06,230 - WARNING - 文件 csv/resultip.csv 为空，跳过读取。
[31m⚠ 未找到有效IP数据，跳过处理[0m
2025-03-05 01:41:06,230 - INFO - 正在调用 checker.py 检查 IP 列表...
Deleted old log file: logs/checker_20250305_012303.log
2025-03-05 01:41:14,697 - INFO - checker.py 执行完成。
2025-03-05 01:41:14,697 - INFO - 正在 GitHub Actions 环境中运行，跳过提交代码到github

2025-03-05 01:41:15,319 - INFO - 
========================================
2025-03-05 01:41:15,319 - INFO - 未检测到有效CSV文件，跳过DDNS更新
