2025-03-06 19:19:00,790 - INFO - 日志文件已创建: logs/ip_check_20250306_191900.log
2025-03-06 19:19:00,797 - INFO - [HKG] 域名解析 hk.616049.xyz => 
  - 172.64.146.173
  - 104.17.163.123
  - 104.16.68.38
2025-03-06 19:19:00,802 - INFO - [LAX] 域名解析 us.616049.xyz => 
  - 188.114.98.84
  - 108.162.192.132
  - 108.162.193.47
2025-03-06 19:19:00,807 - INFO - [FRA] 域名解析 de.616049.xyz => 
  - 141.101.90.102
  - 141.101.90.101
  - 141.101.90.100
2025-03-06 19:19:00,840 - ERROR - DNS解析失败 sg.616049.xyz: [Errno -5] No address associated with hostname
2025-03-06 19:19:00,840 - INFO - [SIN] 域名解析 sg.616049.xyz => 
  - 无IP地址
2025-03-06 19:19:00,846 - INFO - [NRT] 域名解析 jp.616049.xyz => 
  - 172.65.90.13
2025-03-06 19:19:00,856 - INFO - [ICN] 域名解析 kr.616049.xyz => 
  - 172.65.90.33
2025-03-06 19:19:00,868 - INFO - [HKG] ✅ hk.616049.xyz:443 连接成功
2025-03-06 19:19:01,397 - INFO - [NRT] ✅ jp.616049.xyz:443 连接成功
2025-03-06 19:19:01,875 - INFO - [FRA] ✅ de.616049.xyz:443 连接成功
2025-03-06 19:19:02,370 - INFO - [LAX] ✅ us.616049.xyz:443 连接成功
2025-03-06 19:19:02,880 - INFO - [ICN] ✅ kr.616049.xyz:443 连接成功
2025-03-06 19:19:03,422 - ERROR - [SIN] ❌ sg.616049.xyz:443 检测失败
  解析IP:
  - 无IP地址
  错误原因: gaierror: [Errno -5] No address associated with hostname
2025-03-06 19:19:03,422 - INFO - 
========================================
2025-03-06 19:19:03,422 - INFO - 总检测节点: 6
2025-03-06 19:19:04,016 - INFO - ✅ 成功节点: 5
2025-03-06 19:19:04,526 - ERROR - ❌ 失败节点: 1
2025-03-06 19:19:05,496 - INFO - 
========================================
2025-03-06 19:19:05,496 - INFO - 触发更新: SIN
2025-03-06 19:19:32,351 - INFO - 🔄 更新成功
输出结果:

[36m
   ____ _      __ _       _ __ _____        _   __     ___
  / ___| | ___/ _| | __ _| / _|___ /  __ _| |_/ /_   / _ \ _ __ ___
 | |   | |/ / |_| |/ _` | | |_ |_ \ / _` | __| '_ \ | | | | '_ ` _ \
 | |___|   <|  _| | (_| | |  _|__) | (_| | |_| | | || |_| | | | | | |
  \____|_|\_\_| |_|\__,_|_|_| |____/ \__,_|\__|_| |_(_)___/|_| |_| |_|

[0m

[1m[32m🚀 开始执行 Cloudflare 优选IP自动化脚本[0m

已删除旧日志文件: logs/cfstip_20250305_182552.log
2025-03-06 19:19:05,535 - INFO - 已创建或确认目录 csv 存在。
2025-03-06 19:19:05,535 - INFO - 已创建或确认目录 logs 存在。
2025-03-06 19:19:05,535 - INFO - 已创建或确认目录 port 存在。
2025-03-06 19:19:05,535 - INFO - 已创建或确认目录 cfip 存在。
2025-03-06 19:19:05,535 - INFO - 已创建或确认目录 speed 存在。
2025-03-06 19:19:05,535 - INFO - 清理旧CSV文件...
2025-03-06 19:19:05,535 - INFO - 已删除旧CSV文件：csv/ip/NRT.csv

[1m[33m▶ 请选择测试模式:[0m
[32m1[0m) [36m批量测试（所有区域）[0m
[32m2[0m) [36m逐个测试（分区域）[0m
[33m⏳ 5秒内未选择将自动使用逐个测试模式[0m
[32m✓ 已选择逐个测试模式[0m
2025-03-06 19:19:05,535 - INFO - 自定义运行区域: ['SIN']
[1m[33m▶ 请选择测速模式:[0m
[32m 1[0m) [36mHTTPing[0m (推荐测试网站响应)
[32m 2[0m) [36mTCPing[0m (仅测试TCP握手)
[33m⏳ 5秒内未选择将自动使用 HTTPing[0m
[32m✓ 已选择 HTTPing 模式[0m

[1m[33m🔧 正在处理区域 (1/1)：🇸🇬 SIN[0m
2025-03-06 19:19:05,536 - INFO - 正在测试区域: SIN，模式: HTTPing
# XIU2/CloudflareSpeedTest v2.2.6 

开始延迟测速（模式：HTTP, 端口：443, 线程数：500, 范围：10 ~ 288 ms, 丢包：0.20)
开始下载测速（下限：0.00 MB/s, 数量：1, 队列：1）
IP 地址           已发送  已接收  丢包率  平均延迟  下载速度 (MB/s) 地区码(Colo)
172.65.90.29      4       4       0.00    271.59    185.22         SIN       

完整测速结果已写入 csv/resultip.csv 文件，可使用记事本/表格软件查看。
2025-03-06 19:19:23,761 - INFO - csv/resultip.csv 文件已存在，无需新建。
[36m🧹 清理 SIN 的旧记录...[0m
2025-03-06 19:19:23,762 - INFO - 写入: 172.65.90.29#🇸🇬SG1┃271.59ms
[32m✓ 已写入 1 条IP到 delay/ip.txt[0m
2025-03-06 19:19:23,762 - INFO - 写入: 172.65.90.29:443#🇸🇬SG1
[32m✓ 已写入 1 条端口到 port/ip.txt[0m
2025-03-06 19:19:23,762 - INFO - 写入: 172.65.90.29:443#🇸🇬SG1┃⚡185.22MB/s
[32m✓ 已写入 1 条高速IP到 speed/ip.txt[0m
[36m📦 结果已归档到 csv/ip/SIN.csv[0m
2025-03-06 19:19:23,763 - INFO - 正在调用 checker.py 检查 IP 列表...
Deleted old log file: logs/checker_20250305_182628.log
2025-03-06 19:19:31,824 - INFO - checker.py 执行完成。
2025-03-06 19:19:31,824 - INFO - 正在 GitHub Actions 环境中运行，跳过提交代码到github

2025-03-06 19:19:32,352 - INFO - 
========================================
2025-03-06 19:19:32,352 - INFO - 检测到有效CSV文件，触发DDNS更新
✅ SIN.csv 包含有效数据 (129字节)
2025-03-06 19:19:48,762 - INFO - 🔄 DDNS更新成功
输出结果:

