2025-03-05 00:49:46,075 - INFO - 日志文件已创建: logs/ip_check_20250305_004946.log
2025-03-05 00:49:46,103 - INFO - [HKG] 域名解析 hk.616049.xyz => 
  - 172.64.146.173
  - 104.17.163.123
  - 104.16.68.38
2025-03-05 00:49:46,126 - INFO - [LAX] 域名解析 us.616049.xyz => 
  - 108.162.193.47
  - 188.114.98.84
  - 108.162.192.132
2025-03-05 00:49:46,150 - INFO - [FRA] 域名解析 de.616049.xyz => 
  - 172.67.137.151
  - 172.67.135.82
  - 172.67.139.51
2025-03-05 00:49:46,177 - ERROR - DNS解析失败 sg.616049.xyz: [Errno -5] No address associated with hostname
2025-03-05 00:49:46,177 - INFO - [SIN] 域名解析 sg.616049.xyz => 
  - 无IP地址
2025-03-05 00:49:46,182 - INFO - [NRT] 域名解析 jp.616049.xyz => 
  - 162.159.152.227
  - 162.159.142.175
  - 162.159.133.231
2025-03-05 00:49:46,210 - ERROR - DNS解析失败 kr.616049.xyz: [Errno -5] No address associated with hostname
2025-03-05 00:49:46,210 - INFO - [ICN] 域名解析 kr.616049.xyz => 
  - 无IP地址
2025-03-05 00:49:46,222 - INFO - [FRA] ✅ de.616049.xyz:443 连接成功
2025-03-05 00:49:46,868 - INFO - [LAX] ✅ us.616049.xyz:443 连接成功
2025-03-05 00:49:47,550 - INFO - [HKG] ✅ hk.616049.xyz:443 连接成功
2025-03-05 00:49:48,168 - INFO - [NRT] ✅ jp.616049.xyz:443 连接成功
2025-03-05 00:49:48,764 - ERROR - [ICN] ❌ kr.616049.xyz:443 检测失败
  解析IP:
  - 无IP地址
  错误原因: gaierror: [Errno -5] No address associated with hostname
2025-03-05 00:49:48,764 - ERROR - [SIN] ❌ sg.616049.xyz:443 检测失败
  解析IP:
  - 无IP地址
  错误原因: gaierror: [Errno -5] No address associated with hostname
2025-03-05 00:49:48,764 - INFO - 
========================================
2025-03-05 00:49:48,764 - INFO - 总检测节点: 6
2025-03-05 00:49:49,355 - INFO - ✅ 成功节点: 4
2025-03-05 00:49:49,972 - ERROR - ❌ 失败节点: 2
2025-03-05 00:49:51,203 - INFO - 
========================================
2025-03-05 00:49:51,203 - INFO - 触发更新: ICN,SIN
2025-03-05 00:50:28,202 - INFO - 🔄 更新成功
输出结果:

[36m
   ____ _      __ _       _ __ _____        _   __     ___
  / ___| | ___/ _| | __ _| / _|___ /  __ _| |_/ /_   / _ \ _ __ ___
 | |   | |/ / |_| |/ _` | | |_ |_ \ / _` | __| '_ \ | | | | '_ ` _ \
 | |___|   <|  _| | (_| | |  _|__) | (_| | |_| | | || |_| | | | | | |
  \____|_|\_\_| |_|\__,_|_|_| |____/ \__,_|\__|_| |_(_)___/|_| |_| |_|

[0m

[1m[32m🚀 开始执行 Cloudflare 优选IP自动化脚本[0m

已删除旧日志文件: logs/cfstip_20250305_004700.log
2025-03-05 00:49:51,243 - INFO - 已创建或确认目录 csv 存在。
2025-03-05 00:49:51,243 - INFO - 已创建或确认目录 logs 存在。
2025-03-05 00:49:51,243 - INFO - 已创建或确认目录 port 存在。
2025-03-05 00:49:51,244 - INFO - 已创建或确认目录 cfip 存在。
2025-03-05 00:49:51,244 - INFO - 已创建或确认目录 speed 存在。
2025-03-05 00:49:51,244 - INFO - 清理旧CSV文件...

[1m[33m▶ 请选择测试模式:[0m
[32m1[0m) [36m批量测试（所有区域）[0m
[32m2[0m) [36m逐个测试（分区域）[0m
[33m⏳ 5秒内未选择将自动使用逐个测试模式[0m
[32m✓ 已选择逐个测试模式[0m
2025-03-05 00:49:51,244 - INFO - 自定义运行区域: ['ICN', 'SIN']
[1m[33m▶ 请选择测速模式:[0m
[32m 1[0m) [36mHTTPing[0m (推荐测试网站响应)
[32m 2[0m) [36mTCPing[0m (仅测试TCP握手)
[33m⏳ 5秒内未选择将自动使用 HTTPing[0m
[32m✓ 已选择 HTTPing 模式[0m

[1m[33m🔧 正在处理区域 (1/2)：🇰🇷 ICN[0m
2025-03-05 00:49:51,244 - INFO - 正在测试区域: ICN，模式: HTTPing
# XIU2/CloudflareSpeedTest v2.2.6 

开始延迟测速（模式：HTTP, 端口：443, 线程数：500, 范围：10 ~ 288 ms, 丢包：0.20)

[信息] 延迟测速结果 IP 数量为 0，跳过下载测速。

[信息] 完整测速结果 IP 数量为 0，跳过输出结果。
2025-03-05 00:50:05,178 - INFO - csv/resultip.csv 文件已存在，无需新建。
[36m🧹 清理 ICN 的旧记录...[0m
2025-03-05 00:50:05,179 - WARNING - 文件 csv/resultip.csv 为空，跳过读取。
[31m⚠ 未找到有效IP数据，跳过处理[0m

[1m[33m🔧 正在处理区域 (2/2)：🇸🇬 SIN[0m
2025-03-05 00:50:05,179 - INFO - 正在测试区域: SIN，模式: HTTPing
# XIU2/CloudflareSpeedTest v2.2.6 

开始延迟测速（模式：HTTP, 端口：443, 线程数：500, 范围：10 ~ 288 ms, 丢包：0.20)

[信息] 延迟测速结果 IP 数量为 0，跳过下载测速。

[信息] 完整测速结果 IP 数量为 0，跳过输出结果。
2025-03-05 00:50:19,117 - INFO - csv/resultip.csv 文件已存在，无需新建。
[36m🧹 清理 SIN 的旧记录...[0m
2025-03-05 00:50:19,118 - WARNING - 文件 csv/resultip.csv 为空，跳过读取。
[31m⚠ 未找到有效IP数据，跳过处理[0m
2025-03-05 00:50:19,118 - INFO - 正在调用 checker.py 检查 IP 列表...
Deleted old log file: logs/checker_20250305_004855.log
2025-03-05 00:50:27,534 - INFO - checker.py 执行完成。
2025-03-05 00:50:27,535 - INFO - 正在 GitHub Actions 环境中运行，跳过提交代码到github

2025-03-05 00:50:28,202 - INFO - 
========================================
2025-03-05 00:50:28,202 - INFO - 未检测到有效CSV文件，跳过DDNS更新
