2025-02-16 01:21:27,684 - INFO: Connecting to 91.108.56.127:443/TcpFull...
2025-02-16 01:21:27,687 - INFO: Connection to 91.108.56.127:443/TcpFull complete!
2025-02-16 01:21:34,480 - INFO: 成功接入频道: Cloudflare优选IP
2025-02-16 01:21:35,749 - INFO: 解析文件名成功: 61112-20250215-IP.csv -> 61112-20250215-IP.csv
2025-02-16 01:21:35,775 - INFO: 解析文件名成功: 45102-20250215-IP.csv -> 45102-20250215-IP.csv
2025-02-16 01:21:35,776 - INFO: 解析文件名成功: 40065-20250215-IP.csv -> 40065-20250215-IP.csv
2025-02-16 01:21:35,777 - INFO: 解析文件名成功: 31898-20250215-IP.csv -> 31898-20250215-IP.csv
2025-02-16 01:21:35,777 - INFO: 解析文件名成功: 16509-20250215-IP.csv -> 16509-20250215-IP.csv
2025-02-16 01:21:35,778 - INFO: 解析文件名成功: 45102-20250215-IP.csv -> 45102-20250215-IP.csv
2025-02-16 01:21:35,778 - INFO: 解析文件名成功: 396982-20250215-IP.csv -> 396982-20250215-IP.csv
2025-02-16 01:21:35,779 - INFO: 解析文件名成功: 31898-20250215-IP.csv -> 31898-20250215-IP.csv
2025-02-16 01:21:35,779 - INFO: 解析文件名成功: 16509-20250215-IP.csv -> 16509-20250215-IP.csv
2025-02-16 01:21:35,781 - INFO: 解析文件名成功: 61112-20250215-IP.csv -> 61112-20250215-IP.csv
2025-02-16 01:21:35,782 - INFO: 解析文件名成功: 45102-20250215-IP.csv -> 45102-20250215-IP.csv
2025-02-16 01:21:35,782 - INFO: 解析文件名成功: 40065-20250215-IP.csv -> 40065-20250215-IP.csv
2025-02-16 01:21:35,783 - INFO: 解析文件名成功: 31898-20250215-IP.csv -> 31898-20250215-IP.csv
2025-02-16 01:21:35,783 - INFO: 解析文件名成功: 16509-20250215-IP.csv -> 16509-20250215-IP.csv
2025-02-16 01:21:35,784 - INFO: 解析文件名成功: 45102-20250215-IP.csv -> 45102-20250215-IP.csv
2025-02-16 01:21:35,785 - INFO: 解析文件名成功: 396982-20250215-IP.csv -> 396982-20250215-IP.csv
2025-02-16 01:21:35,785 - INFO: 解析文件名成功: 31898-20250215-IP.csv -> 31898-20250215-IP.csv
2025-02-16 01:21:35,786 - INFO: 解析文件名成功: 16509-20250215-IP.csv -> 16509-20250215-IP.csv
2025-02-16 01:21:35,787 - INFO: 解析文件名成功: 61112-20250214-IP.csv -> 61112-20250214-IP.csv
2025-02-16 01:21:35,788 - INFO: 解析文件名成功: 45102-20250214-IP.csv -> 45102-20250214-IP.csv
2025-02-16 01:21:35,788 - INFO: 解析文件名成功: 40065-20250214-IP.csv -> 40065-20250214-IP.csv
2025-02-16 01:21:35,789 - INFO: 解析文件名成功: 31898-20250214-IP.csv -> 31898-20250214-IP.csv
2025-02-16 01:21:35,790 - INFO: 解析文件名成功: 16509-20250214-IP.csv -> 16509-20250214-IP.csv
2025-02-16 01:21:35,791 - INFO: 解析文件名成功: 45102-20250214-IP.csv -> 45102-20250214-IP.csv
2025-02-16 01:21:35,791 - INFO: 解析文件名成功: 396982-20250214-IP.csv -> 396982-20250214-IP.csv
2025-02-16 01:21:35,792 - INFO: 解析文件名成功: 31898-20250214-IP.csv -> 31898-20250214-IP.csv
2025-02-16 01:21:35,792 - INFO: 解析文件名成功: 17849-20250214-IP.csv -> 17849-20250214-IP.csv
2025-02-16 01:21:35,793 - INFO: 解析文件名成功: 16509-20250214-IP.csv -> 16509-20250214-IP.csv
2025-02-16 01:21:35,794 - INFO: 解析文件名成功: 61112-20250214-IP.csv -> 61112-20250214-IP.csv
2025-02-16 01:21:35,794 - INFO: 解析文件名成功: 45102-20250214-IP.csv -> 45102-20250214-IP.csv
2025-02-16 01:21:35,795 - INFO: 解析文件名成功: 40065-20250214-IP.csv -> 40065-20250214-IP.csv
2025-02-16 01:21:35,795 - INFO: 解析文件名成功: 31898-20250214-IP.csv -> 31898-20250214-IP.csv
2025-02-16 01:21:35,795 - INFO: 解析文件名成功: 16509-20250214-IP.csv -> 16509-20250214-IP.csv
2025-02-16 01:21:35,796 - INFO: 解析文件名成功: 45102-20250214-IP.csv -> 45102-20250214-IP.csv
2025-02-16 01:21:35,796 - INFO: 解析文件名成功: 396982-20250214-IP.csv -> 396982-20250214-IP.csv
2025-02-16 01:21:35,797 - INFO: 解析文件名成功: 31898-20250214-IP.csv -> 31898-20250214-IP.csv
2025-02-16 01:21:35,797 - INFO: 解析文件名成功: 17849-20250214-IP.csv -> 17849-20250214-IP.csv
2025-02-16 01:21:35,798 - INFO: 解析文件名成功: 16509-20250214-IP.csv -> 16509-20250214-IP.csv
2025-02-16 01:21:35,798 - INFO: 解析文件名成功: 45102-20250213-IP.csv -> 45102-20250213-IP.csv
2025-02-16 01:21:35,799 - INFO: 解析文件名成功: 40065-20250213-IP.csv -> 40065-20250213-IP.csv
2025-02-16 01:21:35,799 - INFO: 解析文件名成功: 31898-20250213-IP.csv -> 31898-20250213-IP.csv
2025-02-16 01:21:35,800 - INFO: 解析文件名成功: 16509-20250213-IP.csv -> 16509-20250213-IP.csv
2025-02-16 01:21:35,801 - INFO: 解析文件名成功: 45102-20250213-IP.csv -> 45102-20250213-IP.csv
2025-02-16 01:21:35,801 - INFO: 解析文件名成功: 396982-20250213-IP.csv -> 396982-20250213-IP.csv
2025-02-16 01:21:35,802 - INFO: 解析文件名成功: 16509-20250213-IP.csv -> 16509-20250213-IP.csv
2025-02-16 01:21:35,802 - INFO: 解析文件名成功: 45102-20250213-IP.csv -> 45102-20250213-IP.csv
2025-02-16 01:21:35,803 - INFO: 解析文件名成功: 40065-20250213-IP.csv -> 40065-20250213-IP.csv
2025-02-16 01:21:35,803 - INFO: 解析文件名成功: 31898-20250213-IP.csv -> 31898-20250213-IP.csv
2025-02-16 01:21:35,804 - INFO: 解析文件名成功: 16509-20250213-IP.csv -> 16509-20250213-IP.csv
2025-02-16 01:21:35,804 - INFO: 解析文件名成功: 45102-20250213-IP.csv -> 45102-20250213-IP.csv
2025-02-16 01:21:35,804 - INFO: 解析文件名成功: 396982-20250213-IP.csv -> 396982-20250213-IP.csv
2025-02-16 01:21:35,805 - INFO: 解析文件名成功: 31898-20250213-IP.csv -> 31898-20250213-IP.csv
2025-02-16 01:21:35,805 - INFO: 解析文件名成功: 16509-20250213-IP.csv -> 16509-20250213-IP.csv
2025-02-16 01:21:35,806 - INFO: 解析文件名成功: 61112-20250212-IP.csv -> 61112-20250212-IP.csv
2025-02-16 01:21:35,807 - INFO: 解析文件名成功: 45102-20250212-IP.csv -> 45102-20250212-IP.csv
2025-02-16 01:21:35,807 - INFO: 解析文件名成功: 40065-20250212-IP.csv -> 40065-20250212-IP.csv
2025-02-16 01:21:35,807 - INFO: 解析文件名成功: 31898-20250212-IP.csv -> 31898-20250212-IP.csv
2025-02-16 01:21:35,808 - INFO: 解析文件名成功: 17849-20250212-IP.csv -> 17849-20250212-IP.csv
2025-02-16 01:21:35,808 - INFO: 解析文件名成功: 16509-20250212-IP.csv -> 16509-20250212-IP.csv
2025-02-16 01:21:35,809 - INFO: 解析文件名成功: 45102-20250212-IP.csv -> 45102-20250212-IP.csv
2025-02-16 01:21:35,809 - INFO: 解析文件名成功: 396982-20250212-IP.csv -> 396982-20250212-IP.csv
2025-02-16 01:21:35,809 - INFO: 解析文件名成功: 31898-20250212-IP.csv -> 31898-20250212-IP.csv
2025-02-16 01:21:35,810 - INFO: 解析文件名成功: 16509-20250212-IP.csv -> 16509-20250212-IP.csv
2025-02-16 01:21:35,811 - INFO: 解析文件名成功: 61112-20250212-IP.csv -> 61112-20250212-IP.csv
2025-02-16 01:21:35,811 - INFO: 解析文件名成功: 45102-20250212-IP.csv -> 45102-20250212-IP.csv
2025-02-16 01:21:35,811 - INFO: 解析文件名成功: 40065-20250212-IP.csv -> 40065-20250212-IP.csv
2025-02-16 01:21:35,812 - INFO: 解析文件名成功: 31898-20250212-IP.csv -> 31898-20250212-IP.csv
2025-02-16 01:21:35,812 - INFO: 解析文件名成功: 16509-20250212-IP.csv -> 16509-20250212-IP.csv
2025-02-16 01:21:35,813 - INFO: Disconnecting from 91.108.56.127:443/TcpFull...
2025-02-16 01:21:35,814 - INFO: Disconnection from 91.108.56.127:443/TcpFull complete!
2025-02-16 01:21:35,860 - INFO: 去重后数据已保存至: cfip/tcip.txt (0条)
2025-02-16 01:21:35,862 - INFO: 加载 0 个 IP 地址
2025-02-16 01:21:35,863 - WARNING: 没有找到可用的 IP 地址
